<?xml version="1.0" encoding="UTF-8"?>
<testsuite xmlns:xsi="http://www.w3.org/2001/XMLSchema-instance" xsi:noNamespaceSchemaLocation="https://maven.apache.org/surefire/maven-surefire-plugin/xsd/surefire-test-report-3.0.xsd" version="3.0" name="playwright.SauceDemoRunner" time="45.317" tests="46" errors="41" skipped="0" failures="0">
  <properties>
[...]
</properties>
  <testcase name="[102208] Validar envio sin atributo &quot;lobby&quot;" classname="Validacion Request" time="15.044">
    <error message="The step &apos;url &apos;https://c03bd4ncki.execute-api.us-west-2.amazonaws.com&apos;&apos; and 6 other step(s) are undefined.&#10;You can implement these steps using the snippet(s) below:&#10;&#10;@Given(&quot;url {string}&quot;)&#10;public void url(String string) {&#10;    // Write code here that turns the phrase above into concrete actions&#10;    throw new io.cucumber.java.PendingException();&#10;}&#10;@Given(&quot;path {string}&quot;)&#10;public void path(String string) {&#10;    // Write code here that turns the phrase above into concrete actions&#10;    throw new io.cucumber.java.PendingException();&#10;}&#10;@Given(&quot;header Content-Type = {string}&quot;)&#10;public void header_content_type(String string) {&#10;    // Write code here that turns the phrase above into concrete actions&#10;    throw new io.cucumber.java.PendingException();&#10;}&#10;@Given(&quot;request \\{}&quot;)&#10;public void request() {&#10;    // Write code here that turns the phrase above into concrete actions&#10;    throw new io.cucumber.java.PendingException();&#10;}&#10;@When(&quot;method post&quot;)&#10;public void method_post() {&#10;    // Write code here that turns the phrase above into concrete actions&#10;    throw new io.cucumber.java.PendingException();&#10;}&#10;@Then(&quot;status {int}&quot;)&#10;public void status(Integer int1) {&#10;    // Write code here that turns the phrase above into concrete actions&#10;    throw new io.cucumber.java.PendingException();&#10;}&#10;@Then(&quot;match response.message == {string}&quot;)&#10;public void match_response_message(String string) {&#10;    // Write code here that turns the phrase above into concrete actions&#10;    throw new io.cucumber.java.PendingException();&#10;}&#10;" type="io.cucumber.junit.platform.engine.UndefinedStepException"><![CDATA[io.cucumber.junit.platform.engine.UndefinedStepException: 
The step 'url 'https://c03bd4ncki.execute-api.us-west-2.amazonaws.com'' and 6 other step(s) are undefined.
You can implement these steps using the snippet(s) below:

@Given("url {string}")
public void url(String string) {
    // Write code here that turns the phrase above into concrete actions
    throw new io.cucumber.java.PendingException();
}
@Given("path {string}")
public void path(String string) {
    // Write code here that turns the phrase above into concrete actions
    throw new io.cucumber.java.PendingException();
}
@Given("header Content-Type = {string}")
public void header_content_type(String string) {
    // Write code here that turns the phrase above into concrete actions
    throw new io.cucumber.java.PendingException();
}
@Given("request \\{}")
public void request() {
    // Write code here that turns the phrase above into concrete actions
    throw new io.cucumber.java.PendingException();
}
@When("method post")
public void method_post() {
    // Write code here that turns the phrase above into concrete actions
    throw new io.cucumber.java.PendingException();
}
@Then("status {int}")
public void status(Integer int1) {
    // Write code here that turns the phrase above into concrete actions
    throw new io.cucumber.java.PendingException();
}
@Then("match response.message == {string}")
public void match_response_message(String string) {
    // Write code here that turns the phrase above into concrete actions
    throw new io.cucumber.java.PendingException();
}

	at io.cucumber.core.runtime.TestCaseResultObserver.assertTestCasePassed(TestCaseResultObserver.java:69)
	at io.cucumber.junit.platform.engine.TestCaseResultObserver.assertTestCasePassed(TestCaseResultObserver.java:22)
	at io.cucumber.junit.platform.engine.CucumberEngineExecutionContext.lambda$runTestCase$4(CucumberEngineExecutionContext.java:114)
	at io.cucumber.core.runtime.CucumberExecutionContext.lambda$runTestCase$5(CucumberExecutionContext.java:137)
	at io.cucumber.core.runtime.RethrowingThrowableCollector.executeAndThrow(RethrowingThrowableCollector.java:23)
	at io.cucumber.core.runtime.CucumberExecutionContext.runTestCase(CucumberExecutionContext.java:137)
	at io.cucumber.junit.platform.engine.CucumberEngineExecutionContext.runTestCase(CucumberEngineExecutionContext.java:109)
	at io.cucumber.junit.platform.engine.NodeDescriptor$PickleDescriptor.execute(NodeDescriptor.java:168)
	at io.cucumber.junit.platform.engine.NodeDescriptor$PickleDescriptor.execute(NodeDescriptor.java:90)
	at java.base/java.util.ArrayList.forEach(ArrayList.java:1511)
	at java.base/java.util.ArrayList.forEach(ArrayList.java:1511)
]]></error>
    <system-out><![CDATA[
@Validacion_Request
Scenario: [102208] Validar envio sin atributo "lobby"               &amp#27;[90m# features/lobby/101760_ValidacionRequest.feature:9&amp#27;[0m
  &amp#27;[33m* &amp#27;[0m&amp#27;[33murl 'https://c03bd4ncki.execute-api.us-west-2.amazonaws.com'&amp#27;[0m
  &amp#27;[36m* &amp#27;[0m&amp#27;[36mpath '/dev/lobbies/filter'&amp#27;[0m
  &amp#27;[36m* &amp#27;[0m&amp#27;[36mheader Content-Type = 'application/json'&amp#27;[0m
  &amp#27;[36mGiven &amp#27;[0m&amp#27;[36mrequest {}&amp#27;[0m
  &amp#27;[36mWhen &amp#27;[0m&amp#27;[36mmethod post&amp#27;[0m
  &amp#27;[36mThen &amp#27;[0m&amp#27;[36mstatus 400&amp#27;[0m
  &amp#27;[36mAnd &amp#27;[0m&amp#27;[36mmatch response.message == "Completar los campos obligatorios"&amp#27;[0m
]]></system-out>
  </testcase>
  <testcase name="[102209] Validar envio de atributo &quot;lobby&quot; como null" classname="Validacion Request" time="0.819">
    <error message="The step &apos;url &apos;https://c03bd4ncki.execute-api.us-west-2.amazonaws.com&apos;&apos; and 6 other step(s) are undefined.&#10;You can implement these steps using the snippet(s) below:&#10;&#10;@Given(&quot;url {string}&quot;)&#10;public void url(String string) {&#10;    // Write code here that turns the phrase above into concrete actions&#10;    throw new io.cucumber.java.PendingException();&#10;}&#10;@Given(&quot;path {string}&quot;)&#10;public void path(String string) {&#10;    // Write code here that turns the phrase above into concrete actions&#10;    throw new io.cucumber.java.PendingException();&#10;}&#10;@Given(&quot;header Content-Type = {string}&quot;)&#10;public void header_content_type(String string) {&#10;    // Write code here that turns the phrase above into concrete actions&#10;    throw new io.cucumber.java.PendingException();&#10;}&#10;@Given(&quot;request \\{ lobby: null }&quot;)&#10;public void request() {&#10;    // Write code here that turns the phrase above into concrete actions&#10;    throw new io.cucumber.java.PendingException();&#10;}&#10;@When(&quot;method post&quot;)&#10;public void method_post() {&#10;    // Write code here that turns the phrase above into concrete actions&#10;    throw new io.cucumber.java.PendingException();&#10;}&#10;@Then(&quot;status {int}&quot;)&#10;public void status(Integer int1) {&#10;    // Write code here that turns the phrase above into concrete actions&#10;    throw new io.cucumber.java.PendingException();&#10;}&#10;@Then(&quot;match response.message == {string}&quot;)&#10;public void match_response_message(String string) {&#10;    // Write code here that turns the phrase above into concrete actions&#10;    throw new io.cucumber.java.PendingException();&#10;}&#10;" type="io.cucumber.junit.platform.engine.UndefinedStepException"><![CDATA[io.cucumber.junit.platform.engine.UndefinedStepException: 
The step 'url 'https://c03bd4ncki.execute-api.us-west-2.amazonaws.com'' and 6 other step(s) are undefined.
You can implement these steps using the snippet(s) below:

@Given("url {string}")
public void url(String string) {
    // Write code here that turns the phrase above into concrete actions
    throw new io.cucumber.java.PendingException();
}
@Given("path {string}")
public void path(String string) {
    // Write code here that turns the phrase above into concrete actions
    throw new io.cucumber.java.PendingException();
}
@Given("header Content-Type = {string}")
public void header_content_type(String string) {
    // Write code here that turns the phrase above into concrete actions
    throw new io.cucumber.java.PendingException();
}
@Given("request \\{ lobby: null }")
public void request() {
    // Write code here that turns the phrase above into concrete actions
    throw new io.cucumber.java.PendingException();
}
@When("method post")
public void method_post() {
    // Write code here that turns the phrase above into concrete actions
    throw new io.cucumber.java.PendingException();
}
@Then("status {int}")
public void status(Integer int1) {
    // Write code here that turns the phrase above into concrete actions
    throw new io.cucumber.java.PendingException();
}
@Then("match response.message == {string}")
public void match_response_message(String string) {
    // Write code here that turns the phrase above into concrete actions
    throw new io.cucumber.java.PendingException();
}

	at io.cucumber.core.runtime.TestCaseResultObserver.assertTestCasePassed(TestCaseResultObserver.java:69)
	at io.cucumber.junit.platform.engine.TestCaseResultObserver.assertTestCasePassed(TestCaseResultObserver.java:22)
	at io.cucumber.junit.platform.engine.CucumberEngineExecutionContext.lambda$runTestCase$4(CucumberEngineExecutionContext.java:114)
	at io.cucumber.core.runtime.CucumberExecutionContext.lambda$runTestCase$5(CucumberExecutionContext.java:137)
	at io.cucumber.core.runtime.RethrowingThrowableCollector.executeAndThrow(RethrowingThrowableCollector.java:23)
	at io.cucumber.core.runtime.CucumberExecutionContext.runTestCase(CucumberExecutionContext.java:137)
	at io.cucumber.junit.platform.engine.CucumberEngineExecutionContext.runTestCase(CucumberEngineExecutionContext.java:109)
	at io.cucumber.junit.platform.engine.NodeDescriptor$PickleDescriptor.execute(NodeDescriptor.java:168)
	at io.cucumber.junit.platform.engine.NodeDescriptor$PickleDescriptor.execute(NodeDescriptor.java:90)
	at java.base/java.util.ArrayList.forEach(ArrayList.java:1511)
	at java.base/java.util.ArrayList.forEach(ArrayList.java:1511)
]]></error>
    <system-out><![CDATA[
@Validacion_Request
Scenario: [102209] Validar envio de atributo "lobby" como null      &amp#27;[90m# features/lobby/101760_ValidacionRequest.feature:16&amp#27;[0m
  &amp#27;[33m* &amp#27;[0m&amp#27;[33murl 'https://c03bd4ncki.execute-api.us-west-2.amazonaws.com'&amp#27;[0m
  &amp#27;[36m* &amp#27;[0m&amp#27;[36mpath '/dev/lobbies/filter'&amp#27;[0m
  &amp#27;[36m* &amp#27;[0m&amp#27;[36mheader Content-Type = 'application/json'&amp#27;[0m
  &amp#27;[36mGiven &amp#27;[0m&amp#27;[36mrequest { lobby: null }&amp#27;[0m
  &amp#27;[36mWhen &amp#27;[0m&amp#27;[36mmethod post&amp#27;[0m
  &amp#27;[36mThen &amp#27;[0m&amp#27;[36mstatus 400&amp#27;[0m
  &amp#27;[36mAnd &amp#27;[0m&amp#27;[36mmatch response.message == "Completar los campos obligatorios"&amp#27;[0m
]]></system-out>
  </testcase>
  <testcase name="[102210] Validar envio de atributo &quot;lobby&quot; como valor numerico" classname="Validacion Request" time="0.853">
    <error message="The step &apos;url &apos;https://c03bd4ncki.execute-api.us-west-2.amazonaws.com&apos;&apos; and 6 other step(s) are undefined.&#10;You can implement these steps using the snippet(s) below:&#10;&#10;@Given(&quot;url {string}&quot;)&#10;public void url(String string) {&#10;    // Write code here that turns the phrase above into concrete actions&#10;    throw new io.cucumber.java.PendingException();&#10;}&#10;@Given(&quot;path {string}&quot;)&#10;public void path(String string) {&#10;    // Write code here that turns the phrase above into concrete actions&#10;    throw new io.cucumber.java.PendingException();&#10;}&#10;@Given(&quot;header Content-Type = {string}&quot;)&#10;public void header_content_type(String string) {&#10;    // Write code here that turns the phrase above into concrete actions&#10;    throw new io.cucumber.java.PendingException();&#10;}&#10;@Given(&quot;request \\{ lobby: {int} }&quot;)&#10;public void request(Integer int1) {&#10;    // Write code here that turns the phrase above into concrete actions&#10;    throw new io.cucumber.java.PendingException();&#10;}&#10;@When(&quot;method post&quot;)&#10;public void method_post() {&#10;    // Write code here that turns the phrase above into concrete actions&#10;    throw new io.cucumber.java.PendingException();&#10;}&#10;@Then(&quot;status {int}&quot;)&#10;public void status(Integer int1) {&#10;    // Write code here that turns the phrase above into concrete actions&#10;    throw new io.cucumber.java.PendingException();&#10;}&#10;@Then(&quot;match response.message == {string}&quot;)&#10;public void match_response_message(String string) {&#10;    // Write code here that turns the phrase above into concrete actions&#10;    throw new io.cucumber.java.PendingException();&#10;}&#10;" type="io.cucumber.junit.platform.engine.UndefinedStepException"><![CDATA[io.cucumber.junit.platform.engine.UndefinedStepException: 
The step 'url 'https://c03bd4ncki.execute-api.us-west-2.amazonaws.com'' and 6 other step(s) are undefined.
You can implement these steps using the snippet(s) below:

@Given("url {string}")
public void url(String string) {
    // Write code here that turns the phrase above into concrete actions
    throw new io.cucumber.java.PendingException();
}
@Given("path {string}")
public void path(String string) {
    // Write code here that turns the phrase above into concrete actions
    throw new io.cucumber.java.PendingException();
}
@Given("header Content-Type = {string}")
public void header_content_type(String string) {
    // Write code here that turns the phrase above into concrete actions
    throw new io.cucumber.java.PendingException();
}
@Given("request \\{ lobby: {int} }")
public void request(Integer int1) {
    // Write code here that turns the phrase above into concrete actions
    throw new io.cucumber.java.PendingException();
}
@When("method post")
public void method_post() {
    // Write code here that turns the phrase above into concrete actions
    throw new io.cucumber.java.PendingException();
}
@Then("status {int}")
public void status(Integer int1) {
    // Write code here that turns the phrase above into concrete actions
    throw new io.cucumber.java.PendingException();
}
@Then("match response.message == {string}")
public void match_response_message(String string) {
    // Write code here that turns the phrase above into concrete actions
    throw new io.cucumber.java.PendingException();
}

	at io.cucumber.core.runtime.TestCaseResultObserver.assertTestCasePassed(TestCaseResultObserver.java:69)
	at io.cucumber.junit.platform.engine.TestCaseResultObserver.assertTestCasePassed(TestCaseResultObserver.java:22)
	at io.cucumber.junit.platform.engine.CucumberEngineExecutionContext.lambda$runTestCase$4(CucumberEngineExecutionContext.java:114)
	at io.cucumber.core.runtime.CucumberExecutionContext.lambda$runTestCase$5(CucumberExecutionContext.java:137)
	at io.cucumber.core.runtime.RethrowingThrowableCollector.executeAndThrow(RethrowingThrowableCollector.java:23)
	at io.cucumber.core.runtime.CucumberExecutionContext.runTestCase(CucumberExecutionContext.java:137)
	at io.cucumber.junit.platform.engine.CucumberEngineExecutionContext.runTestCase(CucumberEngineExecutionContext.java:109)
	at io.cucumber.junit.platform.engine.NodeDescriptor$PickleDescriptor.execute(NodeDescriptor.java:168)
	at io.cucumber.junit.platform.engine.NodeDescriptor$PickleDescriptor.execute(NodeDescriptor.java:90)
	at java.base/java.util.ArrayList.forEach(ArrayList.java:1511)
	at java.base/java.util.ArrayList.forEach(ArrayList.java:1511)
]]></error>
    <system-out><![CDATA[
@Validacion_Request
Scenario: [102210] Validar envio de atributo "lobby" como valor numerico &amp#27;[90m# features/lobby/101760_ValidacionRequest.feature:23&amp#27;[0m
  &amp#27;[33m* &amp#27;[0m&amp#27;[33murl 'https://c03bd4ncki.execute-api.us-west-2.amazonaws.com'&amp#27;[0m
  &amp#27;[36m* &amp#27;[0m&amp#27;[36mpath '/dev/lobbies/filter'&amp#27;[0m
  &amp#27;[36m* &amp#27;[0m&amp#27;[36mheader Content-Type = 'application/json'&amp#27;[0m
  &amp#27;[36mGiven &amp#27;[0m&amp#27;[36mrequest { lobby: 50 }&amp#27;[0m
  &amp#27;[36mWhen &amp#27;[0m&amp#27;[36mmethod post&amp#27;[0m
  &amp#27;[36mThen &amp#27;[0m&amp#27;[36mstatus 400&amp#27;[0m
  &amp#27;[36mAnd &amp#27;[0m&amp#27;[36mmatch response.message == "El parámetro 'lobby' no es válido"&amp#27;[0m
]]></system-out>
  </testcase>
  <testcase name="[102211] Validar envio de atributo &quot;lobby&quot; como valor booleano" classname="Validacion Request" time="0.89">
    <error message="The step &apos;url &apos;https://c03bd4ncki.execute-api.us-west-2.amazonaws.com&apos;&apos; and 6 other step(s) are undefined.&#10;You can implement these steps using the snippet(s) below:&#10;&#10;@Given(&quot;url {string}&quot;)&#10;public void url(String string) {&#10;    // Write code here that turns the phrase above into concrete actions&#10;    throw new io.cucumber.java.PendingException();&#10;}&#10;@Given(&quot;path {string}&quot;)&#10;public void path(String string) {&#10;    // Write code here that turns the phrase above into concrete actions&#10;    throw new io.cucumber.java.PendingException();&#10;}&#10;@Given(&quot;header Content-Type = {string}&quot;)&#10;public void header_content_type(String string) {&#10;    // Write code here that turns the phrase above into concrete actions&#10;    throw new io.cucumber.java.PendingException();&#10;}&#10;@Given(&quot;request \\{ lobby: true }&quot;)&#10;public void request() {&#10;    // Write code here that turns the phrase above into concrete actions&#10;    throw new io.cucumber.java.PendingException();&#10;}&#10;@When(&quot;method post&quot;)&#10;public void method_post() {&#10;    // Write code here that turns the phrase above into concrete actions&#10;    throw new io.cucumber.java.PendingException();&#10;}&#10;@Then(&quot;status {int}&quot;)&#10;public void status(Integer int1) {&#10;    // Write code here that turns the phrase above into concrete actions&#10;    throw new io.cucumber.java.PendingException();&#10;}&#10;@Then(&quot;match response.message == {string}&quot;)&#10;public void match_response_message(String string) {&#10;    // Write code here that turns the phrase above into concrete actions&#10;    throw new io.cucumber.java.PendingException();&#10;}&#10;" type="io.cucumber.junit.platform.engine.UndefinedStepException"><![CDATA[io.cucumber.junit.platform.engine.UndefinedStepException: 
The step 'url 'https://c03bd4ncki.execute-api.us-west-2.amazonaws.com'' and 6 other step(s) are undefined.
You can implement these steps using the snippet(s) below:

@Given("url {string}")
public void url(String string) {
    // Write code here that turns the phrase above into concrete actions
    throw new io.cucumber.java.PendingException();
}
@Given("path {string}")
public void path(String string) {
    // Write code here that turns the phrase above into concrete actions
    throw new io.cucumber.java.PendingException();
}
@Given("header Content-Type = {string}")
public void header_content_type(String string) {
    // Write code here that turns the phrase above into concrete actions
    throw new io.cucumber.java.PendingException();
}
@Given("request \\{ lobby: true }")
public void request() {
    // Write code here that turns the phrase above into concrete actions
    throw new io.cucumber.java.PendingException();
}
@When("method post")
public void method_post() {
    // Write code here that turns the phrase above into concrete actions
    throw new io.cucumber.java.PendingException();
}
@Then("status {int}")
public void status(Integer int1) {
    // Write code here that turns the phrase above into concrete actions
    throw new io.cucumber.java.PendingException();
}
@Then("match response.message == {string}")
public void match_response_message(String string) {
    // Write code here that turns the phrase above into concrete actions
    throw new io.cucumber.java.PendingException();
}

	at io.cucumber.core.runtime.TestCaseResultObserver.assertTestCasePassed(TestCaseResultObserver.java:69)
	at io.cucumber.junit.platform.engine.TestCaseResultObserver.assertTestCasePassed(TestCaseResultObserver.java:22)
	at io.cucumber.junit.platform.engine.CucumberEngineExecutionContext.lambda$runTestCase$4(CucumberEngineExecutionContext.java:114)
	at io.cucumber.core.runtime.CucumberExecutionContext.lambda$runTestCase$5(CucumberExecutionContext.java:137)
	at io.cucumber.core.runtime.RethrowingThrowableCollector.executeAndThrow(RethrowingThrowableCollector.java:23)
	at io.cucumber.core.runtime.CucumberExecutionContext.runTestCase(CucumberExecutionContext.java:137)
	at io.cucumber.junit.platform.engine.CucumberEngineExecutionContext.runTestCase(CucumberEngineExecutionContext.java:109)
	at io.cucumber.junit.platform.engine.NodeDescriptor$PickleDescriptor.execute(NodeDescriptor.java:168)
	at io.cucumber.junit.platform.engine.NodeDescriptor$PickleDescriptor.execute(NodeDescriptor.java:90)
	at java.base/java.util.ArrayList.forEach(ArrayList.java:1511)
	at java.base/java.util.ArrayList.forEach(ArrayList.java:1511)
]]></error>
    <system-out><![CDATA[
@Validacion_Request
Scenario: [102211] Validar envio de atributo "lobby" como valor booleano &amp#27;[90m# features/lobby/101760_ValidacionRequest.feature:30&amp#27;[0m
  &amp#27;[33m* &amp#27;[0m&amp#27;[33murl 'https://c03bd4ncki.execute-api.us-west-2.amazonaws.com'&amp#27;[0m
  &amp#27;[36m* &amp#27;[0m&amp#27;[36mpath '/dev/lobbies/filter'&amp#27;[0m
  &amp#27;[36m* &amp#27;[0m&amp#27;[36mheader Content-Type = 'application/json'&amp#27;[0m
  &amp#27;[36mGiven &amp#27;[0m&amp#27;[36mrequest { lobby: true }&amp#27;[0m
  &amp#27;[36mWhen &amp#27;[0m&amp#27;[36mmethod post&amp#27;[0m
  &amp#27;[36mThen &amp#27;[0m&amp#27;[36mstatus 400&amp#27;[0m
  &amp#27;[36mAnd &amp#27;[0m&amp#27;[36mmatch response.message == "El parámetro 'lobby' no es válido"&amp#27;[0m
]]></system-out>
  </testcase>
  <testcase name="[102212] Validar envio de atributo &quot;lobby&quot; como objeto" classname="Validacion Request" time="0.625">
    <error message="The step &apos;url &apos;https://c03bd4ncki.execute-api.us-west-2.amazonaws.com&apos;&apos; and 6 other step(s) are undefined.&#10;You can implement these steps using the snippet(s) below:&#10;&#10;@Given(&quot;url {string}&quot;)&#10;public void url(String string) {&#10;    // Write code here that turns the phrase above into concrete actions&#10;    throw new io.cucumber.java.PendingException();&#10;}&#10;@Given(&quot;path {string}&quot;)&#10;public void path(String string) {&#10;    // Write code here that turns the phrase above into concrete actions&#10;    throw new io.cucumber.java.PendingException();&#10;}&#10;@Given(&quot;header Content-Type = {string}&quot;)&#10;public void header_content_type(String string) {&#10;    // Write code here that turns the phrase above into concrete actions&#10;    throw new io.cucumber.java.PendingException();&#10;}&#10;@Given(&quot;request \\{ lobby: \\{ objeto: {string} } }&quot;)&#10;public void request(String string) {&#10;    // Write code here that turns the phrase above into concrete actions&#10;    throw new io.cucumber.java.PendingException();&#10;}&#10;@When(&quot;method post&quot;)&#10;public void method_post() {&#10;    // Write code here that turns the phrase above into concrete actions&#10;    throw new io.cucumber.java.PendingException();&#10;}&#10;@Then(&quot;status {int}&quot;)&#10;public void status(Integer int1) {&#10;    // Write code here that turns the phrase above into concrete actions&#10;    throw new io.cucumber.java.PendingException();&#10;}&#10;@Then(&quot;match response.message == {string}&quot;)&#10;public void match_response_message(String string) {&#10;    // Write code here that turns the phrase above into concrete actions&#10;    throw new io.cucumber.java.PendingException();&#10;}&#10;" type="io.cucumber.junit.platform.engine.UndefinedStepException"><![CDATA[io.cucumber.junit.platform.engine.UndefinedStepException: 
The step 'url 'https://c03bd4ncki.execute-api.us-west-2.amazonaws.com'' and 6 other step(s) are undefined.
You can implement these steps using the snippet(s) below:

@Given("url {string}")
public void url(String string) {
    // Write code here that turns the phrase above into concrete actions
    throw new io.cucumber.java.PendingException();
}
@Given("path {string}")
public void path(String string) {
    // Write code here that turns the phrase above into concrete actions
    throw new io.cucumber.java.PendingException();
}
@Given("header Content-Type = {string}")
public void header_content_type(String string) {
    // Write code here that turns the phrase above into concrete actions
    throw new io.cucumber.java.PendingException();
}
@Given("request \\{ lobby: \\{ objeto: {string} } }")
public void request(String string) {
    // Write code here that turns the phrase above into concrete actions
    throw new io.cucumber.java.PendingException();
}
@When("method post")
public void method_post() {
    // Write code here that turns the phrase above into concrete actions
    throw new io.cucumber.java.PendingException();
}
@Then("status {int}")
public void status(Integer int1) {
    // Write code here that turns the phrase above into concrete actions
    throw new io.cucumber.java.PendingException();
}
@Then("match response.message == {string}")
public void match_response_message(String string) {
    // Write code here that turns the phrase above into concrete actions
    throw new io.cucumber.java.PendingException();
}

	at io.cucumber.core.runtime.TestCaseResultObserver.assertTestCasePassed(TestCaseResultObserver.java:69)
	at io.cucumber.junit.platform.engine.TestCaseResultObserver.assertTestCasePassed(TestCaseResultObserver.java:22)
	at io.cucumber.junit.platform.engine.CucumberEngineExecutionContext.lambda$runTestCase$4(CucumberEngineExecutionContext.java:114)
	at io.cucumber.core.runtime.CucumberExecutionContext.lambda$runTestCase$5(CucumberExecutionContext.java:137)
	at io.cucumber.core.runtime.RethrowingThrowableCollector.executeAndThrow(RethrowingThrowableCollector.java:23)
	at io.cucumber.core.runtime.CucumberExecutionContext.runTestCase(CucumberExecutionContext.java:137)
	at io.cucumber.junit.platform.engine.CucumberEngineExecutionContext.runTestCase(CucumberEngineExecutionContext.java:109)
	at io.cucumber.junit.platform.engine.NodeDescriptor$PickleDescriptor.execute(NodeDescriptor.java:168)
	at io.cucumber.junit.platform.engine.NodeDescriptor$PickleDescriptor.execute(NodeDescriptor.java:90)
	at java.base/java.util.ArrayList.forEach(ArrayList.java:1511)
	at java.base/java.util.ArrayList.forEach(ArrayList.java:1511)
]]></error>
    <system-out><![CDATA[
@Validacion_Request
Scenario: [102212] Validar envio de atributo "lobby" como objeto    &amp#27;[90m# features/lobby/101760_ValidacionRequest.feature:37&amp#27;[0m
  &amp#27;[33m* &amp#27;[0m&amp#27;[33murl 'https://c03bd4ncki.execute-api.us-west-2.amazonaws.com'&amp#27;[0m
  &amp#27;[36m* &amp#27;[0m&amp#27;[36mpath '/dev/lobbies/filter'&amp#27;[0m
  &amp#27;[36m* &amp#27;[0m&amp#27;[36mheader Content-Type = 'application/json'&amp#27;[0m
  &amp#27;[36mGiven &amp#27;[0m&amp#27;[36mrequest { lobby: { objeto: 'prueba' } }&amp#27;[0m
  &amp#27;[36mWhen &amp#27;[0m&amp#27;[36mmethod post&amp#27;[0m
  &amp#27;[36mThen &amp#27;[0m&amp#27;[36mstatus 400&amp#27;[0m
  &amp#27;[36mAnd &amp#27;[0m&amp#27;[36mmatch response.message == "El parámetro 'lobby' no es válido"&amp#27;[0m
]]></system-out>
  </testcase>
  <testcase name="[102213] Validar envio de atributo &quot;lobby&quot; como array" classname="Validacion Request" time="0.746">
    <error message="The step &apos;url &apos;https://c03bd4ncki.execute-api.us-west-2.amazonaws.com&apos;&apos; and 6 other step(s) are undefined.&#10;You can implement these steps using the snippet(s) below:&#10;&#10;@Given(&quot;url {string}&quot;)&#10;public void url(String string) {&#10;    // Write code here that turns the phrase above into concrete actions&#10;    throw new io.cucumber.java.PendingException();&#10;}&#10;@Given(&quot;path {string}&quot;)&#10;public void path(String string) {&#10;    // Write code here that turns the phrase above into concrete actions&#10;    throw new io.cucumber.java.PendingException();&#10;}&#10;@Given(&quot;header Content-Type = {string}&quot;)&#10;public void header_content_type(String string) {&#10;    // Write code here that turns the phrase above into concrete actions&#10;    throw new io.cucumber.java.PendingException();&#10;}&#10;@Given(&quot;request \\{ lobby: \\{ array: [{string}, {string}] } }&quot;)&#10;public void request(String string, String string2) {&#10;    // Write code here that turns the phrase above into concrete actions&#10;    throw new io.cucumber.java.PendingException();&#10;}&#10;@When(&quot;method post&quot;)&#10;public void method_post() {&#10;    // Write code here that turns the phrase above into concrete actions&#10;    throw new io.cucumber.java.PendingException();&#10;}&#10;@Then(&quot;status {int}&quot;)&#10;public void status(Integer int1) {&#10;    // Write code here that turns the phrase above into concrete actions&#10;    throw new io.cucumber.java.PendingException();&#10;}&#10;@Then(&quot;match response.message == {string}&quot;)&#10;public void match_response_message(String string) {&#10;    // Write code here that turns the phrase above into concrete actions&#10;    throw new io.cucumber.java.PendingException();&#10;}&#10;" type="io.cucumber.junit.platform.engine.UndefinedStepException"><![CDATA[io.cucumber.junit.platform.engine.UndefinedStepException: 
The step 'url 'https://c03bd4ncki.execute-api.us-west-2.amazonaws.com'' and 6 other step(s) are undefined.
You can implement these steps using the snippet(s) below:

@Given("url {string}")
public void url(String string) {
    // Write code here that turns the phrase above into concrete actions
    throw new io.cucumber.java.PendingException();
}
@Given("path {string}")
public void path(String string) {
    // Write code here that turns the phrase above into concrete actions
    throw new io.cucumber.java.PendingException();
}
@Given("header Content-Type = {string}")
public void header_content_type(String string) {
    // Write code here that turns the phrase above into concrete actions
    throw new io.cucumber.java.PendingException();
}
@Given("request \\{ lobby: \\{ array: [{string}, {string}] } }")
public void request(String string, String string2) {
    // Write code here that turns the phrase above into concrete actions
    throw new io.cucumber.java.PendingException();
}
@When("method post")
public void method_post() {
    // Write code here that turns the phrase above into concrete actions
    throw new io.cucumber.java.PendingException();
}
@Then("status {int}")
public void status(Integer int1) {
    // Write code here that turns the phrase above into concrete actions
    throw new io.cucumber.java.PendingException();
}
@Then("match response.message == {string}")
public void match_response_message(String string) {
    // Write code here that turns the phrase above into concrete actions
    throw new io.cucumber.java.PendingException();
}

	at io.cucumber.core.runtime.TestCaseResultObserver.assertTestCasePassed(TestCaseResultObserver.java:69)
	at io.cucumber.junit.platform.engine.TestCaseResultObserver.assertTestCasePassed(TestCaseResultObserver.java:22)
	at io.cucumber.junit.platform.engine.CucumberEngineExecutionContext.lambda$runTestCase$4(CucumberEngineExecutionContext.java:114)
	at io.cucumber.core.runtime.CucumberExecutionContext.lambda$runTestCase$5(CucumberExecutionContext.java:137)
	at io.cucumber.core.runtime.RethrowingThrowableCollector.executeAndThrow(RethrowingThrowableCollector.java:23)
	at io.cucumber.core.runtime.CucumberExecutionContext.runTestCase(CucumberExecutionContext.java:137)
	at io.cucumber.junit.platform.engine.CucumberEngineExecutionContext.runTestCase(CucumberEngineExecutionContext.java:109)
	at io.cucumber.junit.platform.engine.NodeDescriptor$PickleDescriptor.execute(NodeDescriptor.java:168)
	at io.cucumber.junit.platform.engine.NodeDescriptor$PickleDescriptor.execute(NodeDescriptor.java:90)
	at java.base/java.util.ArrayList.forEach(ArrayList.java:1511)
	at java.base/java.util.ArrayList.forEach(ArrayList.java:1511)
]]></error>
    <system-out><![CDATA[
@Validacion_Request
Scenario: [102213] Validar envio de atributo "lobby" como array     &amp#27;[90m# features/lobby/101760_ValidacionRequest.feature:44&amp#27;[0m
  &amp#27;[33m* &amp#27;[0m&amp#27;[33murl 'https://c03bd4ncki.execute-api.us-west-2.amazonaws.com'&amp#27;[0m
  &amp#27;[36m* &amp#27;[0m&amp#27;[36mpath '/dev/lobbies/filter'&amp#27;[0m
  &amp#27;[36m* &amp#27;[0m&amp#27;[36mheader Content-Type = 'application/json'&amp#27;[0m
  &amp#27;[36mGiven &amp#27;[0m&amp#27;[36mrequest { lobby: { array: ['prueba', 'test'] } }&amp#27;[0m
  &amp#27;[36mWhen &amp#27;[0m&amp#27;[36mmethod post&amp#27;[0m
  &amp#27;[36mThen &amp#27;[0m&amp#27;[36mstatus 400&amp#27;[0m
  &amp#27;[36mAnd &amp#27;[0m&amp#27;[36mmatch response.message == "El parámetro 'lobby' no es válido"&amp#27;[0m
]]></system-out>
  </testcase>
  <testcase name="[102214] Validar envio de atributo &quot;lobby&quot; como vacio" classname="Validacion Request" time="0.956">
    <error message="The step &apos;url &apos;https://c03bd4ncki.execute-api.us-west-2.amazonaws.com&apos;&apos; and 5 other step(s) are undefined.&#10;You can implement these steps using the snippet(s) below:&#10;&#10;@Given(&quot;url {string}&quot;)&#10;public void url(String string) {&#10;    // Write code here that turns the phrase above into concrete actions&#10;    throw new io.cucumber.java.PendingException();&#10;}&#10;@Given(&quot;path {string}&quot;)&#10;public void path(String string) {&#10;    // Write code here that turns the phrase above into concrete actions&#10;    throw new io.cucumber.java.PendingException();&#10;}&#10;@Given(&quot;header Content-Type = {string}&quot;)&#10;public void header_content_type(String string) {&#10;    // Write code here that turns the phrase above into concrete actions&#10;    throw new io.cucumber.java.PendingException();&#10;}&#10;@Given(&quot;request \\{ lobby: {string} }&quot;)&#10;public void request(String string) {&#10;    // Write code here that turns the phrase above into concrete actions&#10;    throw new io.cucumber.java.PendingException();&#10;}&#10;@When(&quot;method post&quot;)&#10;public void method_post() {&#10;    // Write code here that turns the phrase above into concrete actions&#10;    throw new io.cucumber.java.PendingException();&#10;}&#10;@Then(&quot;status {int}&quot;)&#10;public void status(Integer int1) {&#10;    // Write code here that turns the phrase above into concrete actions&#10;    throw new io.cucumber.java.PendingException();&#10;}&#10;" type="io.cucumber.junit.platform.engine.UndefinedStepException"><![CDATA[io.cucumber.junit.platform.engine.UndefinedStepException: 
The step 'url 'https://c03bd4ncki.execute-api.us-west-2.amazonaws.com'' and 5 other step(s) are undefined.
You can implement these steps using the snippet(s) below:

@Given("url {string}")
public void url(String string) {
    // Write code here that turns the phrase above into concrete actions
    throw new io.cucumber.java.PendingException();
}
@Given("path {string}")
public void path(String string) {
    // Write code here that turns the phrase above into concrete actions
    throw new io.cucumber.java.PendingException();
}
@Given("header Content-Type = {string}")
public void header_content_type(String string) {
    // Write code here that turns the phrase above into concrete actions
    throw new io.cucumber.java.PendingException();
}
@Given("request \\{ lobby: {string} }")
public void request(String string) {
    // Write code here that turns the phrase above into concrete actions
    throw new io.cucumber.java.PendingException();
}
@When("method post")
public void method_post() {
    // Write code here that turns the phrase above into concrete actions
    throw new io.cucumber.java.PendingException();
}
@Then("status {int}")
public void status(Integer int1) {
    // Write code here that turns the phrase above into concrete actions
    throw new io.cucumber.java.PendingException();
}

	at io.cucumber.core.runtime.TestCaseResultObserver.assertTestCasePassed(TestCaseResultObserver.java:69)
	at io.cucumber.junit.platform.engine.TestCaseResultObserver.assertTestCasePassed(TestCaseResultObserver.java:22)
	at io.cucumber.junit.platform.engine.CucumberEngineExecutionContext.lambda$runTestCase$4(CucumberEngineExecutionContext.java:114)
	at io.cucumber.core.runtime.CucumberExecutionContext.lambda$runTestCase$5(CucumberExecutionContext.java:137)
	at io.cucumber.core.runtime.RethrowingThrowableCollector.executeAndThrow(RethrowingThrowableCollector.java:23)
	at io.cucumber.core.runtime.CucumberExecutionContext.runTestCase(CucumberExecutionContext.java:137)
	at io.cucumber.junit.platform.engine.CucumberEngineExecutionContext.runTestCase(CucumberEngineExecutionContext.java:109)
	at io.cucumber.junit.platform.engine.NodeDescriptor$PickleDescriptor.execute(NodeDescriptor.java:168)
	at io.cucumber.junit.platform.engine.NodeDescriptor$PickleDescriptor.execute(NodeDescriptor.java:90)
	at java.base/java.util.ArrayList.forEach(ArrayList.java:1511)
	at java.base/java.util.ArrayList.forEach(ArrayList.java:1511)
]]></error>
    <system-out><![CDATA[
@Validacion_Request
Scenario: [102214] Validar envio de atributo "lobby" como vacio  &amp#27;[90m# features/lobby/101760_ValidacionRequest.feature:51&amp#27;[0m
  &amp#27;[33m* &amp#27;[0m&amp#27;[33murl 'https://c03bd4ncki.execute-api.us-west-2.amazonaws.com'&amp#27;[0m
  &amp#27;[36m* &amp#27;[0m&amp#27;[36mpath '/dev/lobbies/filter'&amp#27;[0m
  &amp#27;[36m* &amp#27;[0m&amp#27;[36mheader Content-Type = 'application/json'&amp#27;[0m
  &amp#27;[36mGiven &amp#27;[0m&amp#27;[36mrequest { lobby: '' }&amp#27;[0m
  &amp#27;[36mWhen &amp#27;[0m&amp#27;[36mmethod post&amp#27;[0m
  &amp#27;[36mThen &amp#27;[0m&amp#27;[36mstatus 400&amp#27;[0m
]]></system-out>
  </testcase>
  <testcase name="[102215] Validar envio de atributo &quot;lobby&quot; como espacios (&quot;  &quot;)" classname="Validacion Request" time="0.653">
    <error message="The step &apos;url &apos;https://c03bd4ncki.execute-api.us-west-2.amazonaws.com&apos;&apos; and 5 other step(s) are undefined.&#10;You can implement these steps using the snippet(s) below:&#10;&#10;@Given(&quot;url {string}&quot;)&#10;public void url(String string) {&#10;    // Write code here that turns the phrase above into concrete actions&#10;    throw new io.cucumber.java.PendingException();&#10;}&#10;@Given(&quot;path {string}&quot;)&#10;public void path(String string) {&#10;    // Write code here that turns the phrase above into concrete actions&#10;    throw new io.cucumber.java.PendingException();&#10;}&#10;@Given(&quot;header Content-Type = {string}&quot;)&#10;public void header_content_type(String string) {&#10;    // Write code here that turns the phrase above into concrete actions&#10;    throw new io.cucumber.java.PendingException();&#10;}&#10;@Given(&quot;request \\{ lobby: {string} }&quot;)&#10;public void request(String string) {&#10;    // Write code here that turns the phrase above into concrete actions&#10;    throw new io.cucumber.java.PendingException();&#10;}&#10;@When(&quot;method post&quot;)&#10;public void method_post() {&#10;    // Write code here that turns the phrase above into concrete actions&#10;    throw new io.cucumber.java.PendingException();&#10;}&#10;@Then(&quot;status {int}&quot;)&#10;public void status(Integer int1) {&#10;    // Write code here that turns the phrase above into concrete actions&#10;    throw new io.cucumber.java.PendingException();&#10;}&#10;" type="io.cucumber.junit.platform.engine.UndefinedStepException"><![CDATA[io.cucumber.junit.platform.engine.UndefinedStepException: 
The step 'url 'https://c03bd4ncki.execute-api.us-west-2.amazonaws.com'' and 5 other step(s) are undefined.
You can implement these steps using the snippet(s) below:

@Given("url {string}")
public void url(String string) {
    // Write code here that turns the phrase above into concrete actions
    throw new io.cucumber.java.PendingException();
}
@Given("path {string}")
public void path(String string) {
    // Write code here that turns the phrase above into concrete actions
    throw new io.cucumber.java.PendingException();
}
@Given("header Content-Type = {string}")
public void header_content_type(String string) {
    // Write code here that turns the phrase above into concrete actions
    throw new io.cucumber.java.PendingException();
}
@Given("request \\{ lobby: {string} }")
public void request(String string) {
    // Write code here that turns the phrase above into concrete actions
    throw new io.cucumber.java.PendingException();
}
@When("method post")
public void method_post() {
    // Write code here that turns the phrase above into concrete actions
    throw new io.cucumber.java.PendingException();
}
@Then("status {int}")
public void status(Integer int1) {
    // Write code here that turns the phrase above into concrete actions
    throw new io.cucumber.java.PendingException();
}

	at io.cucumber.core.runtime.TestCaseResultObserver.assertTestCasePassed(TestCaseResultObserver.java:69)
	at io.cucumber.junit.platform.engine.TestCaseResultObserver.assertTestCasePassed(TestCaseResultObserver.java:22)
	at io.cucumber.junit.platform.engine.CucumberEngineExecutionContext.lambda$runTestCase$4(CucumberEngineExecutionContext.java:114)
	at io.cucumber.core.runtime.CucumberExecutionContext.lambda$runTestCase$5(CucumberExecutionContext.java:137)
	at io.cucumber.core.runtime.RethrowingThrowableCollector.executeAndThrow(RethrowingThrowableCollector.java:23)
	at io.cucumber.core.runtime.CucumberExecutionContext.runTestCase(CucumberExecutionContext.java:137)
	at io.cucumber.junit.platform.engine.CucumberEngineExecutionContext.runTestCase(CucumberEngineExecutionContext.java:109)
	at io.cucumber.junit.platform.engine.NodeDescriptor$PickleDescriptor.execute(NodeDescriptor.java:168)
	at io.cucumber.junit.platform.engine.NodeDescriptor$PickleDescriptor.execute(NodeDescriptor.java:90)
	at java.base/java.util.ArrayList.forEach(ArrayList.java:1511)
	at java.base/java.util.ArrayList.forEach(ArrayList.java:1511)
]]></error>
    <system-out><![CDATA[
@Validacion_Request
Scenario: [102215] Validar envio de atributo "lobby" como espacios ("  ") &amp#27;[90m# features/lobby/101760_ValidacionRequest.feature:57&amp#27;[0m
  &amp#27;[33m* &amp#27;[0m&amp#27;[33murl 'https://c03bd4ncki.execute-api.us-west-2.amazonaws.com'&amp#27;[0m
  &amp#27;[36m* &amp#27;[0m&amp#27;[36mpath '/dev/lobbies/filter'&amp#27;[0m
  &amp#27;[36m* &amp#27;[0m&amp#27;[36mheader Content-Type = 'application/json'&amp#27;[0m
  &amp#27;[36mGiven &amp#27;[0m&amp#27;[36mrequest { lobby: ' ' }&amp#27;[0m
  &amp#27;[36mWhen &amp#27;[0m&amp#27;[36mmethod post&amp#27;[0m
  &amp#27;[36mThen &amp#27;[0m&amp#27;[36mstatus 400&amp#27;[0m
]]></system-out>
  </testcase>
  <testcase name="[102216] Validar envio de atributo &quot;lobby&quot; como texto entre espacios (&quot; texto &quot;)" classname="Validacion Request" time="0.477">
    <error message="The step &apos;url &apos;https://c03bd4ncki.execute-api.us-west-2.amazonaws.com&apos;&apos; and 7 other step(s) are undefined.&#10;You can implement these steps using the snippet(s) below:&#10;&#10;@Given(&quot;url {string}&quot;)&#10;public void url(String string) {&#10;    // Write code here that turns the phrase above into concrete actions&#10;    throw new io.cucumber.java.PendingException();&#10;}&#10;@Given(&quot;path {string}&quot;)&#10;public void path(String string) {&#10;    // Write code here that turns the phrase above into concrete actions&#10;    throw new io.cucumber.java.PendingException();&#10;}&#10;@Given(&quot;header Content-Type = {string}&quot;)&#10;public void header_content_type(String string) {&#10;    // Write code here that turns the phrase above into concrete actions&#10;    throw new io.cucumber.java.PendingException();&#10;}&#10;@Given(&quot;request \\{ lobby: {string} }&quot;)&#10;public void request(String string) {&#10;    // Write code here that turns the phrase above into concrete actions&#10;    throw new io.cucumber.java.PendingException();&#10;}&#10;@When(&quot;method post&quot;)&#10;public void method_post() {&#10;    // Write code here that turns the phrase above into concrete actions&#10;    throw new io.cucumber.java.PendingException();&#10;}&#10;@Then(&quot;status {int}&quot;)&#10;public void status(Integer int1) {&#10;    // Write code here that turns the phrase above into concrete actions&#10;    throw new io.cucumber.java.PendingException();&#10;}&#10;@Then(&quot;match response.message == {string}&quot;)&#10;public void match_response_message(String string) {&#10;    // Write code here that turns the phrase above into concrete actions&#10;    throw new io.cucumber.java.PendingException();&#10;}&#10;@Then(&quot;assert response.data.length &gt;= {int}&quot;)&#10;public void assert_response_data_length(Integer int1) {&#10;    // Write code here that turns the phrase above into concrete actions&#10;    throw new io.cucumber.java.PendingException();&#10;}&#10;" type="io.cucumber.junit.platform.engine.UndefinedStepException"><![CDATA[io.cucumber.junit.platform.engine.UndefinedStepException: 
The step 'url 'https://c03bd4ncki.execute-api.us-west-2.amazonaws.com'' and 7 other step(s) are undefined.
You can implement these steps using the snippet(s) below:

@Given("url {string}")
public void url(String string) {
    // Write code here that turns the phrase above into concrete actions
    throw new io.cucumber.java.PendingException();
}
@Given("path {string}")
public void path(String string) {
    // Write code here that turns the phrase above into concrete actions
    throw new io.cucumber.java.PendingException();
}
@Given("header Content-Type = {string}")
public void header_content_type(String string) {
    // Write code here that turns the phrase above into concrete actions
    throw new io.cucumber.java.PendingException();
}
@Given("request \\{ lobby: {string} }")
public void request(String string) {
    // Write code here that turns the phrase above into concrete actions
    throw new io.cucumber.java.PendingException();
}
@When("method post")
public void method_post() {
    // Write code here that turns the phrase above into concrete actions
    throw new io.cucumber.java.PendingException();
}
@Then("status {int}")
public void status(Integer int1) {
    // Write code here that turns the phrase above into concrete actions
    throw new io.cucumber.java.PendingException();
}
@Then("match response.message == {string}")
public void match_response_message(String string) {
    // Write code here that turns the phrase above into concrete actions
    throw new io.cucumber.java.PendingException();
}
@Then("assert response.data.length >= {int}")
public void assert_response_data_length(Integer int1) {
    // Write code here that turns the phrase above into concrete actions
    throw new io.cucumber.java.PendingException();
}

	at io.cucumber.core.runtime.TestCaseResultObserver.assertTestCasePassed(TestCaseResultObserver.java:69)
	at io.cucumber.junit.platform.engine.TestCaseResultObserver.assertTestCasePassed(TestCaseResultObserver.java:22)
	at io.cucumber.junit.platform.engine.CucumberEngineExecutionContext.lambda$runTestCase$4(CucumberEngineExecutionContext.java:114)
	at io.cucumber.core.runtime.CucumberExecutionContext.lambda$runTestCase$5(CucumberExecutionContext.java:137)
	at io.cucumber.core.runtime.RethrowingThrowableCollector.executeAndThrow(RethrowingThrowableCollector.java:23)
	at io.cucumber.core.runtime.CucumberExecutionContext.runTestCase(CucumberExecutionContext.java:137)
	at io.cucumber.junit.platform.engine.CucumberEngineExecutionContext.runTestCase(CucumberEngineExecutionContext.java:109)
	at io.cucumber.junit.platform.engine.NodeDescriptor$PickleDescriptor.execute(NodeDescriptor.java:168)
	at io.cucumber.junit.platform.engine.NodeDescriptor$PickleDescriptor.execute(NodeDescriptor.java:90)
	at java.base/java.util.ArrayList.forEach(ArrayList.java:1511)
	at java.base/java.util.ArrayList.forEach(ArrayList.java:1511)
]]></error>
    <system-out><![CDATA[
@Validacion_Request
Scenario: [102216] Validar envio de atributo "lobby" como texto entre espacios (" texto ") &amp#27;[90m# features/lobby/101760_ValidacionRequest.feature:63&amp#27;[0m
  &amp#27;[33m* &amp#27;[0m&amp#27;[33murl 'https://c03bd4ncki.execute-api.us-west-2.amazonaws.com'&amp#27;[0m
  &amp#27;[36m* &amp#27;[0m&amp#27;[36mpath '/dev/lobbies/filter'&amp#27;[0m
  &amp#27;[36m* &amp#27;[0m&amp#27;[36mheader Content-Type = 'application/json'&amp#27;[0m
  &amp#27;[36mGiven &amp#27;[0m&amp#27;[36mrequest { lobby: ' Lobby Todos Los Juegos Desktop ' }&amp#27;[0m
  &amp#27;[36mWhen &amp#27;[0m&amp#27;[36mmethod post&amp#27;[0m
  &amp#27;[36mThen &amp#27;[0m&amp#27;[36mstatus 200&amp#27;[0m
  &amp#27;[36mAnd &amp#27;[0m&amp#27;[36mmatch response.message == "Success"&amp#27;[0m
  &amp#27;[36mAnd &amp#27;[0m&amp#27;[36massert response.data.length >= 1&amp#27;[0m
]]></system-out>
  </testcase>
  <testcase name="[102222] Validar envio de atributo &quot;lobby&quot; como emoji" classname="Validacion Request" time="0.52">
    <error message="The step &apos;url &apos;https://c03bd4ncki.execute-api.us-west-2.amazonaws.com&apos;&apos; and 6 other step(s) are undefined.&#10;You can implement these steps using the snippet(s) below:&#10;&#10;@Given(&quot;url {string}&quot;)&#10;public void url(String string) {&#10;    // Write code here that turns the phrase above into concrete actions&#10;    throw new io.cucumber.java.PendingException();&#10;}&#10;@Given(&quot;path {string}&quot;)&#10;public void path(String string) {&#10;    // Write code here that turns the phrase above into concrete actions&#10;    throw new io.cucumber.java.PendingException();&#10;}&#10;@Given(&quot;header Content-Type = {string}&quot;)&#10;public void header_content_type(String string) {&#10;    // Write code here that turns the phrase above into concrete actions&#10;    throw new io.cucumber.java.PendingException();&#10;}&#10;@Given(&quot;request \\{ lobby: {string} }&quot;)&#10;public void request(String string) {&#10;    // Write code here that turns the phrase above into concrete actions&#10;    throw new io.cucumber.java.PendingException();&#10;}&#10;@When(&quot;method post&quot;)&#10;public void method_post() {&#10;    // Write code here that turns the phrase above into concrete actions&#10;    throw new io.cucumber.java.PendingException();&#10;}&#10;@Then(&quot;status {int}&quot;)&#10;public void status(Integer int1) {&#10;    // Write code here that turns the phrase above into concrete actions&#10;    throw new io.cucumber.java.PendingException();&#10;}&#10;@Then(&quot;match response.message == {string}&quot;)&#10;public void match_response_message(String string) {&#10;    // Write code here that turns the phrase above into concrete actions&#10;    throw new io.cucumber.java.PendingException();&#10;}&#10;" type="io.cucumber.junit.platform.engine.UndefinedStepException"><![CDATA[io.cucumber.junit.platform.engine.UndefinedStepException: 
The step 'url 'https://c03bd4ncki.execute-api.us-west-2.amazonaws.com'' and 6 other step(s) are undefined.
You can implement these steps using the snippet(s) below:

@Given("url {string}")
public void url(String string) {
    // Write code here that turns the phrase above into concrete actions
    throw new io.cucumber.java.PendingException();
}
@Given("path {string}")
public void path(String string) {
    // Write code here that turns the phrase above into concrete actions
    throw new io.cucumber.java.PendingException();
}
@Given("header Content-Type = {string}")
public void header_content_type(String string) {
    // Write code here that turns the phrase above into concrete actions
    throw new io.cucumber.java.PendingException();
}
@Given("request \\{ lobby: {string} }")
public void request(String string) {
    // Write code here that turns the phrase above into concrete actions
    throw new io.cucumber.java.PendingException();
}
@When("method post")
public void method_post() {
    // Write code here that turns the phrase above into concrete actions
    throw new io.cucumber.java.PendingException();
}
@Then("status {int}")
public void status(Integer int1) {
    // Write code here that turns the phrase above into concrete actions
    throw new io.cucumber.java.PendingException();
}
@Then("match response.message == {string}")
public void match_response_message(String string) {
    // Write code here that turns the phrase above into concrete actions
    throw new io.cucumber.java.PendingException();
}

	at io.cucumber.core.runtime.TestCaseResultObserver.assertTestCasePassed(TestCaseResultObserver.java:69)
	at io.cucumber.junit.platform.engine.TestCaseResultObserver.assertTestCasePassed(TestCaseResultObserver.java:22)
	at io.cucumber.junit.platform.engine.CucumberEngineExecutionContext.lambda$runTestCase$4(CucumberEngineExecutionContext.java:114)
	at io.cucumber.core.runtime.CucumberExecutionContext.lambda$runTestCase$5(CucumberExecutionContext.java:137)
	at io.cucumber.core.runtime.RethrowingThrowableCollector.executeAndThrow(RethrowingThrowableCollector.java:23)
	at io.cucumber.core.runtime.CucumberExecutionContext.runTestCase(CucumberExecutionContext.java:137)
	at io.cucumber.junit.platform.engine.CucumberEngineExecutionContext.runTestCase(CucumberEngineExecutionContext.java:109)
	at io.cucumber.junit.platform.engine.NodeDescriptor$PickleDescriptor.execute(NodeDescriptor.java:168)
	at io.cucumber.junit.platform.engine.NodeDescriptor$PickleDescriptor.execute(NodeDescriptor.java:90)
	at java.base/java.util.ArrayList.forEach(ArrayList.java:1511)
	at java.base/java.util.ArrayList.forEach(ArrayList.java:1511)
]]></error>
    <system-out><![CDATA[
@Validacion_Request
Scenario: [102222] Validar envio de atributo "lobby" como emoji     &amp#27;[90m# features/lobby/101760_ValidacionRequest.feature:71&amp#27;[0m
  &amp#27;[33m* &amp#27;[0m&amp#27;[33murl 'https://c03bd4ncki.execute-api.us-west-2.amazonaws.com'&amp#27;[0m
  &amp#27;[36m* &amp#27;[0m&amp#27;[36mpath '/dev/lobbies/filter'&amp#27;[0m
  &amp#27;[36m* &amp#27;[0m&amp#27;[36mheader Content-Type = 'application/json'&amp#27;[0m
  &amp#27;[36mGiven &amp#27;[0m&amp#27;[36mrequest { lobby: '😀' }&amp#27;[0m
  &amp#27;[36mWhen &amp#27;[0m&amp#27;[36mmethod post&amp#27;[0m
  &amp#27;[36mThen &amp#27;[0m&amp#27;[36mstatus 400&amp#27;[0m
  &amp#27;[36mAnd &amp#27;[0m&amp#27;[36mmatch response.message == "El parámetro 'lobby' no es válido"&amp#27;[0m
]]></system-out>
  </testcase>
  <testcase name="[102218] Validar envio de atributo &quot;lobby&quot; como valor de lobby inexistente" classname="Validacion Request" time="0.353">
    <error message="The step &apos;url &apos;https://c03bd4ncki.execute-api.us-west-2.amazonaws.com&apos;&apos; and 9 other step(s) are undefined.&#10;You can implement these steps using the snippet(s) below:&#10;&#10;@Given(&quot;url {string}&quot;)&#10;public void url(String string) {&#10;    // Write code here that turns the phrase above into concrete actions&#10;    throw new io.cucumber.java.PendingException();&#10;}&#10;@Given(&quot;path {string}&quot;)&#10;public void path(String string) {&#10;    // Write code here that turns the phrase above into concrete actions&#10;    throw new io.cucumber.java.PendingException();&#10;}&#10;@Given(&quot;header Content-Type = {string}&quot;)&#10;public void header_content_type(String string) {&#10;    // Write code here that turns the phrase above into concrete actions&#10;    throw new io.cucumber.java.PendingException();&#10;}&#10;@Given(&quot;def responseDataSchema =&quot;)&#10;public void def_response_data_schema(String docString) {&#10;    // Write code here that turns the phrase above into concrete actions&#10;    throw new io.cucumber.java.PendingException();&#10;}&#10;@Given(&quot;request \\{ lobby: {string} }&quot;)&#10;public void request(String string) {&#10;    // Write code here that turns the phrase above into concrete actions&#10;    throw new io.cucumber.java.PendingException();&#10;}&#10;@When(&quot;method post&quot;)&#10;public void method_post() {&#10;    // Write code here that turns the phrase above into concrete actions&#10;    throw new io.cucumber.java.PendingException();&#10;}&#10;@Then(&quot;status {int}&quot;)&#10;public void status(Integer int1) {&#10;    // Write code here that turns the phrase above into concrete actions&#10;    throw new io.cucumber.java.PendingException();&#10;}&#10;@Then(&quot;match response.message == {string}&quot;)&#10;public void match_response_message(String string) {&#10;    // Write code here that turns the phrase above into concrete actions&#10;    throw new io.cucumber.java.PendingException();&#10;}&#10;@Then(&quot;assert response.data.length &gt;= {int}&quot;)&#10;public void assert_response_data_length(Integer int1) {&#10;    // Write code here that turns the phrase above into concrete actions&#10;    throw new io.cucumber.java.PendingException();&#10;}&#10;@Then(&quot;match each response.data == responseDataSchema&quot;)&#10;public void match_each_response_data_response_data_schema() {&#10;    // Write code here that turns the phrase above into concrete actions&#10;    throw new io.cucumber.java.PendingException();&#10;}&#10;" type="io.cucumber.junit.platform.engine.UndefinedStepException"><![CDATA[io.cucumber.junit.platform.engine.UndefinedStepException: 
The step 'url 'https://c03bd4ncki.execute-api.us-west-2.amazonaws.com'' and 9 other step(s) are undefined.
You can implement these steps using the snippet(s) below:

@Given("url {string}")
public void url(String string) {
    // Write code here that turns the phrase above into concrete actions
    throw new io.cucumber.java.PendingException();
}
@Given("path {string}")
public void path(String string) {
    // Write code here that turns the phrase above into concrete actions
    throw new io.cucumber.java.PendingException();
}
@Given("header Content-Type = {string}")
public void header_content_type(String string) {
    // Write code here that turns the phrase above into concrete actions
    throw new io.cucumber.java.PendingException();
}
@Given("def responseDataSchema =")
public void def_response_data_schema(String docString) {
    // Write code here that turns the phrase above into concrete actions
    throw new io.cucumber.java.PendingException();
}
@Given("request \\{ lobby: {string} }")
public void request(String string) {
    // Write code here that turns the phrase above into concrete actions
    throw new io.cucumber.java.PendingException();
}
@When("method post")
public void method_post() {
    // Write code here that turns the phrase above into concrete actions
    throw new io.cucumber.java.PendingException();
}
@Then("status {int}")
public void status(Integer int1) {
    // Write code here that turns the phrase above into concrete actions
    throw new io.cucumber.java.PendingException();
}
@Then("match response.message == {string}")
public void match_response_message(String string) {
    // Write code here that turns the phrase above into concrete actions
    throw new io.cucumber.java.PendingException();
}
@Then("assert response.data.length >= {int}")
public void assert_response_data_length(Integer int1) {
    // Write code here that turns the phrase above into concrete actions
    throw new io.cucumber.java.PendingException();
}
@Then("match each response.data == responseDataSchema")
public void match_each_response_data_response_data_schema() {
    // Write code here that turns the phrase above into concrete actions
    throw new io.cucumber.java.PendingException();
}

	at io.cucumber.core.runtime.TestCaseResultObserver.assertTestCasePassed(TestCaseResultObserver.java:69)
	at io.cucumber.junit.platform.engine.TestCaseResultObserver.assertTestCasePassed(TestCaseResultObserver.java:22)
	at io.cucumber.junit.platform.engine.CucumberEngineExecutionContext.lambda$runTestCase$4(CucumberEngineExecutionContext.java:114)
	at io.cucumber.core.runtime.CucumberExecutionContext.lambda$runTestCase$5(CucumberExecutionContext.java:137)
	at io.cucumber.core.runtime.RethrowingThrowableCollector.executeAndThrow(RethrowingThrowableCollector.java:23)
	at io.cucumber.core.runtime.CucumberExecutionContext.runTestCase(CucumberExecutionContext.java:137)
	at io.cucumber.junit.platform.engine.CucumberEngineExecutionContext.runTestCase(CucumberEngineExecutionContext.java:109)
	at io.cucumber.junit.platform.engine.NodeDescriptor$PickleDescriptor.execute(NodeDescriptor.java:168)
	at io.cucumber.junit.platform.engine.NodeDescriptor$PickleDescriptor.execute(NodeDescriptor.java:90)
	at java.base/java.util.ArrayList.forEach(ArrayList.java:1511)
	at java.base/java.util.ArrayList.forEach(ArrayList.java:1511)
]]></error>
    <system-out><![CDATA[
@Validacion_Request
Scenario: [102218] Validar envio de atributo "lobby" como valor de lobby inexistente &amp#27;[90m# features/lobby/101760_ValidacionRequest.feature:121&amp#27;[0m
  &amp#27;[33m* &amp#27;[0m&amp#27;[33murl 'https://c03bd4ncki.execute-api.us-west-2.amazonaws.com'&amp#27;[0m
  &amp#27;[36m* &amp#27;[0m&amp#27;[36mpath '/dev/lobbies/filter'&amp#27;[0m
  &amp#27;[36m* &amp#27;[0m&amp#27;[36mheader Content-Type = 'application/json'&amp#27;[0m
  &amp#27;[36m* &amp#27;[0m&amp#27;[36mdef responseDataSchema =&amp#27;[0m
  &amp#27;[36mGiven &amp#27;[0m&amp#27;[36mrequest { lobby: 'Lobby Fake' }&amp#27;[0m
  &amp#27;[36mWhen &amp#27;[0m&amp#27;[36mmethod post&amp#27;[0m
  &amp#27;[36mThen &amp#27;[0m&amp#27;[36mstatus 200&amp#27;[0m
  &amp#27;[36mAnd &amp#27;[0m&amp#27;[36mmatch response.message == "Success"&amp#27;[0m
  &amp#27;[36mAnd &amp#27;[0m&amp#27;[36massert response.data.length >= 1&amp#27;[0m
  &amp#27;[36mAnd &amp#27;[0m&amp#27;[36mmatch each response.data == responseDataSchema&amp#27;[0m
]]></system-out>
  </testcase>
  <testcase name="Example #1.1" classname="Examples" time="0.605">
    <error message="The step &apos;url &apos;https://c03bd4ncki.execute-api.us-west-2.amazonaws.com&apos;&apos; and 12 other step(s) are undefined.&#10;You can implement these steps using the snippet(s) below:&#10;&#10;@Given(&quot;url {string}&quot;)&#10;public void url(String string) {&#10;    // Write code here that turns the phrase above into concrete actions&#10;    throw new io.cucumber.java.PendingException();&#10;}&#10;@Given(&quot;path {string}&quot;)&#10;public void path(String string) {&#10;    // Write code here that turns the phrase above into concrete actions&#10;    throw new io.cucumber.java.PendingException();&#10;}&#10;@Given(&quot;header Content-Type = {string}&quot;)&#10;public void header_content_type(String string) {&#10;    // Write code here that turns the phrase above into concrete actions&#10;    throw new io.cucumber.java.PendingException();&#10;}&#10;@Given(&quot;def responseItemsSchema =&quot;)&#10;public void def_response_items_schema(String docString) {&#10;    // Write code here that turns the phrase above into concrete actions&#10;    throw new io.cucumber.java.PendingException();&#10;}&#10;@Given(&quot;def responseDataSchema =&quot;)&#10;public void def_response_data_schema(String docString) {&#10;    // Write code here that turns the phrase above into concrete actions&#10;    throw new io.cucumber.java.PendingException();&#10;}&#10;@Given(&quot;def expectedKeys = [{string},{string},{string},{string},{string}]&quot;)&#10;public void def_expected_keys(String string, String string2, String string3, String string4, String string5) {&#10;    // Write code here that turns the phrase above into concrete actions&#10;    throw new io.cucumber.java.PendingException();&#10;}&#10;@Given(&quot;request \\{ lobby: {string} }&quot;)&#10;public void request(String string) {&#10;    // Write code here that turns the phrase above into concrete actions&#10;    throw new io.cucumber.java.PendingException();&#10;}&#10;@When(&quot;method post&quot;)&#10;public void method_post() {&#10;    // Write code here that turns the phrase above into concrete actions&#10;    throw new io.cucumber.java.PendingException();&#10;}&#10;@Then(&quot;status {int}&quot;)&#10;public void status(Integer int1) {&#10;    // Write code here that turns the phrase above into concrete actions&#10;    throw new io.cucumber.java.PendingException();&#10;}&#10;@Then(&quot;match response.message == {string}&quot;)&#10;public void match_response_message(String string) {&#10;    // Write code here that turns the phrase above into concrete actions&#10;    throw new io.cucumber.java.PendingException();&#10;}&#10;@Then(&quot;assert response.data.length &gt;= {int}&quot;)&#10;public void assert_response_data_length(Integer int1) {&#10;    // Write code here that turns the phrase above into concrete actions&#10;    throw new io.cucumber.java.PendingException();&#10;}&#10;@Then(&quot;match each response.data == responseDataSchema&quot;)&#10;public void match_each_response_data_response_data_schema() {&#10;    // Write code here that turns the phrase above into concrete actions&#10;    throw new io.cucumber.java.PendingException();&#10;}&#10;@Then(&quot;match $response.data[*].key contains only expectedKeys&quot;)&#10;public void match_$response_data_key_contains_only_expected_keys() {&#10;    // Write code here that turns the phrase above into concrete actions&#10;    throw new io.cucumber.java.PendingException();&#10;}&#10;" type="io.cucumber.junit.platform.engine.UndefinedStepException"><![CDATA[io.cucumber.junit.platform.engine.UndefinedStepException: 
The step 'url 'https://c03bd4ncki.execute-api.us-west-2.amazonaws.com'' and 12 other step(s) are undefined.
You can implement these steps using the snippet(s) below:

@Given("url {string}")
public void url(String string) {
    // Write code here that turns the phrase above into concrete actions
    throw new io.cucumber.java.PendingException();
}
@Given("path {string}")
public void path(String string) {
    // Write code here that turns the phrase above into concrete actions
    throw new io.cucumber.java.PendingException();
}
@Given("header Content-Type = {string}")
public void header_content_type(String string) {
    // Write code here that turns the phrase above into concrete actions
    throw new io.cucumber.java.PendingException();
}
@Given("def responseItemsSchema =")
public void def_response_items_schema(String docString) {
    // Write code here that turns the phrase above into concrete actions
    throw new io.cucumber.java.PendingException();
}
@Given("def responseDataSchema =")
public void def_response_data_schema(String docString) {
    // Write code here that turns the phrase above into concrete actions
    throw new io.cucumber.java.PendingException();
}
@Given("def expectedKeys = [{string},{string},{string},{string},{string}]")
public void def_expected_keys(String string, String string2, String string3, String string4, String string5) {
    // Write code here that turns the phrase above into concrete actions
    throw new io.cucumber.java.PendingException();
}
@Given("request \\{ lobby: {string} }")
public void request(String string) {
    // Write code here that turns the phrase above into concrete actions
    throw new io.cucumber.java.PendingException();
}
@When("method post")
public void method_post() {
    // Write code here that turns the phrase above into concrete actions
    throw new io.cucumber.java.PendingException();
}
@Then("status {int}")
public void status(Integer int1) {
    // Write code here that turns the phrase above into concrete actions
    throw new io.cucumber.java.PendingException();
}
@Then("match response.message == {string}")
public void match_response_message(String string) {
    // Write code here that turns the phrase above into concrete actions
    throw new io.cucumber.java.PendingException();
}
@Then("assert response.data.length >= {int}")
public void assert_response_data_length(Integer int1) {
    // Write code here that turns the phrase above into concrete actions
    throw new io.cucumber.java.PendingException();
}
@Then("match each response.data == responseDataSchema")
public void match_each_response_data_response_data_schema() {
    // Write code here that turns the phrase above into concrete actions
    throw new io.cucumber.java.PendingException();
}
@Then("match $response.data[*].key contains only expectedKeys")
public void match_$response_data_key_contains_only_expected_keys() {
    // Write code here that turns the phrase above into concrete actions
    throw new io.cucumber.java.PendingException();
}

	at io.cucumber.core.runtime.TestCaseResultObserver.assertTestCasePassed(TestCaseResultObserver.java:69)
	at io.cucumber.junit.platform.engine.TestCaseResultObserver.assertTestCasePassed(TestCaseResultObserver.java:22)
	at io.cucumber.junit.platform.engine.CucumberEngineExecutionContext.lambda$runTestCase$4(CucumberEngineExecutionContext.java:114)
	at io.cucumber.core.runtime.CucumberExecutionContext.lambda$runTestCase$5(CucumberExecutionContext.java:137)
	at io.cucumber.core.runtime.RethrowingThrowableCollector.executeAndThrow(RethrowingThrowableCollector.java:23)
	at io.cucumber.core.runtime.CucumberExecutionContext.runTestCase(CucumberExecutionContext.java:137)
	at io.cucumber.junit.platform.engine.CucumberEngineExecutionContext.runTestCase(CucumberEngineExecutionContext.java:109)
	at io.cucumber.junit.platform.engine.NodeDescriptor$PickleDescriptor.execute(NodeDescriptor.java:168)
	at io.cucumber.junit.platform.engine.NodeDescriptor$PickleDescriptor.execute(NodeDescriptor.java:90)
	at java.base/java.util.ArrayList.forEach(ArrayList.java:1511)
	at java.base/java.util.ArrayList.forEach(ArrayList.java:1511)
	at java.base/java.util.ArrayList.forEach(ArrayList.java:1511)
	at java.base/java.util.ArrayList.forEach(ArrayList.java:1511)
]]></error>
    <system-out><![CDATA[
@Validacion_Request
Scenario Outline: [102217] Validar envio de atributo "lobby" como valor de lobby existente       &amp#27;[90m# features/lobby/101760_ValidacionRequest.feature:109&amp#27;[0m
  &amp#27;[33m* &amp#27;[0m&amp#27;[33murl 'https://c03bd4ncki.execute-api.us-west-2.amazonaws.com'&amp#27;[0m
  &amp#27;[36m* &amp#27;[0m&amp#27;[36mpath '/dev/lobbies/filter'&amp#27;[0m
  &amp#27;[36m* &amp#27;[0m&amp#27;[36mheader Content-Type = 'application/json'&amp#27;[0m
  &amp#27;[36m* &amp#27;[0m&amp#27;[36mdef responseItemsSchema =&amp#27;[0m
  &amp#27;[36m* &amp#27;[0m&amp#27;[36mdef responseDataSchema =&amp#27;[0m
  &amp#27;[36m* &amp#27;[0m&amp#27;[36mdef expectedKeys = ['paymentMechanics','jackpotTypes','attractions','themes','volatilities']&amp#27;[0m
  &amp#27;[36mGiven &amp#27;[0m&amp#27;[36mrequest { lobby: 'Lobby Todos Los Juegos Desktop' }&amp#27;[0m
  &amp#27;[36mWhen &amp#27;[0m&amp#27;[36mmethod post&amp#27;[0m
  &amp#27;[36mThen &amp#27;[0m&amp#27;[36mstatus 200&amp#27;[0m
  &amp#27;[36mAnd &amp#27;[0m&amp#27;[36mmatch response.message == "Success"&amp#27;[0m
  &amp#27;[36mAnd &amp#27;[0m&amp#27;[36massert response.data.length >= 1&amp#27;[0m
  &amp#27;[36mAnd &amp#27;[0m&amp#27;[36mmatch each response.data == responseDataSchema&amp#27;[0m
  &amp#27;[36mAnd &amp#27;[0m&amp#27;[36mmatch $response.data[*].key contains only expectedKeys&amp#27;[0m
]]></system-out>
  </testcase>
  <testcase name="Example #1.1" classname="Examples" time="0.357">
    <error message="The step &apos;url &apos;https://c03bd4ncki.execute-api.us-west-2.amazonaws.com/dev&apos;&apos; and 5 other step(s) are undefined.&#10;You can implement these steps using the snippet(s) below:&#10;&#10;@Given(&quot;url {string}&quot;)&#10;public void url(String string) {&#10;    // Write code here that turns the phrase above into concrete actions&#10;    throw new io.cucumber.java.PendingException();&#10;}&#10;@Given(&quot;header Content-Type = {string}&quot;)&#10;public void header_content_type(String string) {&#10;    // Write code here that turns the phrase above into concrete actions&#10;    throw new io.cucumber.java.PendingException();&#10;}&#10;@Given(&quot;path {string}&quot;)&#10;public void path(String string) {&#10;    // Write code here that turns the phrase above into concrete actions&#10;    throw new io.cucumber.java.PendingException();&#10;}&#10;@Given(&quot;request&quot;)&#10;public void request(String docString) {&#10;    // Write code here that turns the phrase above into concrete actions&#10;    throw new io.cucumber.java.PendingException();&#10;}&#10;@When(&quot;method post&quot;)&#10;public void method_post() {&#10;    // Write code here that turns the phrase above into concrete actions&#10;    throw new io.cucumber.java.PendingException();&#10;}&#10;@Then(&quot;status {int}&quot;)&#10;public void status(Integer int1) {&#10;    // Write code here that turns the phrase above into concrete actions&#10;    throw new io.cucumber.java.PendingException();&#10;}&#10;" type="io.cucumber.junit.platform.engine.UndefinedStepException"><![CDATA[io.cucumber.junit.platform.engine.UndefinedStepException: 
The step 'url 'https://c03bd4ncki.execute-api.us-west-2.amazonaws.com/dev'' and 5 other step(s) are undefined.
You can implement these steps using the snippet(s) below:

@Given("url {string}")
public void url(String string) {
    // Write code here that turns the phrase above into concrete actions
    throw new io.cucumber.java.PendingException();
}
@Given("header Content-Type = {string}")
public void header_content_type(String string) {
    // Write code here that turns the phrase above into concrete actions
    throw new io.cucumber.java.PendingException();
}
@Given("path {string}")
public void path(String string) {
    // Write code here that turns the phrase above into concrete actions
    throw new io.cucumber.java.PendingException();
}
@Given("request")
public void request(String docString) {
    // Write code here that turns the phrase above into concrete actions
    throw new io.cucumber.java.PendingException();
}
@When("method post")
public void method_post() {
    // Write code here that turns the phrase above into concrete actions
    throw new io.cucumber.java.PendingException();
}
@Then("status {int}")
public void status(Integer int1) {
    // Write code here that turns the phrase above into concrete actions
    throw new io.cucumber.java.PendingException();
}

	at io.cucumber.core.runtime.TestCaseResultObserver.assertTestCasePassed(TestCaseResultObserver.java:69)
	at io.cucumber.junit.platform.engine.TestCaseResultObserver.assertTestCasePassed(TestCaseResultObserver.java:22)
	at io.cucumber.junit.platform.engine.CucumberEngineExecutionContext.lambda$runTestCase$4(CucumberEngineExecutionContext.java:114)
	at io.cucumber.core.runtime.CucumberExecutionContext.lambda$runTestCase$5(CucumberExecutionContext.java:137)
	at io.cucumber.core.runtime.RethrowingThrowableCollector.executeAndThrow(RethrowingThrowableCollector.java:23)
	at io.cucumber.core.runtime.CucumberExecutionContext.runTestCase(CucumberExecutionContext.java:137)
	at io.cucumber.junit.platform.engine.CucumberEngineExecutionContext.runTestCase(CucumberEngineExecutionContext.java:109)
	at io.cucumber.junit.platform.engine.NodeDescriptor$PickleDescriptor.execute(NodeDescriptor.java:168)
	at io.cucumber.junit.platform.engine.NodeDescriptor$PickleDescriptor.execute(NodeDescriptor.java:90)
	at java.base/java.util.ArrayList.forEach(ArrayList.java:1511)
	at java.base/java.util.ArrayList.forEach(ArrayList.java:1511)
	at java.base/java.util.ArrayList.forEach(ArrayList.java:1511)
	at java.base/java.util.ArrayList.forEach(ArrayList.java:1511)
]]></error>
    <system-out><![CDATA[
Scenario Outline: Validar que el campo lobby es obligatorio          &amp#27;[90m# features/lobby/ListarProveedores.feature:22&amp#27;[0m
  &amp#27;[33m* &amp#27;[0m&amp#27;[33murl 'https://c03bd4ncki.execute-api.us-west-2.amazonaws.com/dev'&amp#27;[0m
  &amp#27;[36m* &amp#27;[0m&amp#27;[36mheader Content-Type = 'application/json'&amp#27;[0m
  &amp#27;[36mGiven &amp#27;[0m&amp#27;[36mpath 'lobbies/filter'&amp#27;[0m
  &amp#27;[36mAnd &amp#27;[0m&amp#27;[36mrequest&amp#27;[0m
  &amp#27;[36mWhen &amp#27;[0m&amp#27;[36mmethod post&amp#27;[0m
  &amp#27;[36mThen &amp#27;[0m&amp#27;[36mstatus 400&amp#27;[0m
]]></system-out>
  </testcase>
  <testcase name="Example #1.1" classname="Examples" time="0.42">
    <error message="The step &apos;url &apos;https://c03bd4ncki.execute-api.us-west-2.amazonaws.com/dev&apos;&apos; and 12 other step(s) are undefined.&#10;You can implement these steps using the snippet(s) below:&#10;&#10;@Given(&quot;url {string}&quot;)&#10;public void url(String string) {&#10;    // Write code here that turns the phrase above into concrete actions&#10;    throw new io.cucumber.java.PendingException();&#10;}&#10;@Given(&quot;header Content-Type = {string}&quot;)&#10;public void header_content_type(String string) {&#10;    // Write code here that turns the phrase above into concrete actions&#10;    throw new io.cucumber.java.PendingException();&#10;}&#10;@Given(&quot;def responseBettingRangeItemsSchema =&quot;)&#10;public void def_response_betting_range_items_schema(String docString) {&#10;    // Write code here that turns the phrase above into concrete actions&#10;    throw new io.cucumber.java.PendingException();&#10;}&#10;@Given(&quot;request \\{ lobby: {string} }&quot;)&#10;public void request(String string) {&#10;    // Write code here that turns the phrase above into concrete actions&#10;    throw new io.cucumber.java.PendingException();&#10;}&#10;@When(&quot;method post&quot;)&#10;public void method_post() {&#10;    // Write code here that turns the phrase above into concrete actions&#10;    throw new io.cucumber.java.PendingException();&#10;}&#10;@Then(&quot;status {int}&quot;)&#10;public void status(Integer int1) {&#10;    // Write code here that turns the phrase above into concrete actions&#10;    throw new io.cucumber.java.PendingException();&#10;}&#10;@Then(&quot;match response.message == {string}&quot;)&#10;public void match_response_message(String string) {&#10;    // Write code here that turns the phrase above into concrete actions&#10;    throw new io.cucumber.java.PendingException();&#10;}&#10;@Then(&quot;assert response.data.length &gt;= {int}&quot;)&#10;public void assert_response_data_length(Integer int1) {&#10;    // Write code here that turns the phrase above into concrete actions&#10;    throw new io.cucumber.java.PendingException();&#10;}&#10;@Then(&quot;match $response.data[*].key contains {string}&quot;)&#10;public void match_$response_data_key_contains(String string) {&#10;    // Write code here that turns the phrase above into concrete actions&#10;    throw new io.cucumber.java.PendingException();&#10;}&#10;@Then(&quot;def bettingRangeList = karate.filter\\(response.data, function\\(x)\\{ return x.key == {string} })&quot;)&#10;public void def_betting_range_list_karate_filter_response_data_function_x(String string) {&#10;    // Write code here that turns the phrase above into concrete actions&#10;    throw new io.cucumber.java.PendingException();&#10;}&#10;@Then(&quot;def bettingRange = bettingRangeList[{int}]&quot;)&#10;public void def_betting_range_betting_range_list(Integer int1) {&#10;    // Write code here that turns the phrase above into concrete actions&#10;    throw new io
[...]
    // Write code here that turns the phrase above into concrete actions
    throw new io.cucumber.java.PendingException();
}

	at io.cucumber.core.runtime.TestCaseResultObserver.assertTestCasePassed(TestCaseResultObserver.java:69)
	at io.cucumber.junit.platform.engine.TestCaseResultObserver.assertTestCasePassed(TestCaseResultObserver.java:22)
	at io.cucumber.junit.platform.engine.CucumberEngineExecutionContext.lambda$runTestCase$4(CucumberEngineExecutionContext.java:114)
	at io.cucumber.core.runtime.CucumberExecutionContext.lambda$runTestCase$5(CucumberExecutionContext.java:137)
	at io.cucumber.core.runtime.RethrowingThrowableCollector.executeAndThrow(RethrowingThrowableCollector.java:23)
	at io.cucumber.core.runtime.CucumberExecutionContext.runTestCase(CucumberExecutionContext.java:137)
	at io.cucumber.junit.platform.engine.CucumberEngineExecutionContext.runTestCase(CucumberEngineExecutionContext.java:109)
	at io.cucumber.junit.platform.engine.NodeDescriptor$PickleDescriptor.execute(NodeDescriptor.java:168)
	at io.cucumber.junit.platform.engine.NodeDescriptor$PickleDescriptor.execute(NodeDescriptor.java:90)
	at java.base/java.util.ArrayList.forEach(ArrayList.java:1511)
	at java.base/java.util.ArrayList.forEach(ArrayList.java:1511)
]]></error>
    <system-out><![CDATA[
Scenario: Validar error cuando pageNumber es menor a 1               &amp#27;[90m# features/lobby/FiltroApi.feature:77&amp#27;[0m
  &amp#27;[33m* &amp#27;[0m&amp#27;[33murl 'https://c03bd4ncki.execute-api.us-west-2.amazonaws.com/dev'&amp#27;[0m
  &amp#27;[36m* &amp#27;[0m&amp#27;[36mheader Content-Type = 'application/json'&amp#27;[0m
  &amp#27;[36mGiven &amp#27;[0m&amp#27;[36mpath 'lobbies/games/search'&amp#27;[0m
  &amp#27;[36mAnd &amp#27;[0m&amp#27;[36mrequest&amp#27;[0m
  &amp#27;[36mWhen &amp#27;[0m&amp#27;[36mmethod post&amp#27;[0m
  &amp#27;[36mThen &amp#27;[0m&amp#27;[36mstatus 400&amp#27;[0m
  &amp#27;[36mAnd &amp#27;[0m&amp#27;[36mmatch response.message contains 'pageNumber'&amp#27;[0m
]]></system-out>
  </testcase>
  <testcase name="Validar respuesta exitosa cuando el lobby es válido" classname="Validación del servicio Lobby Filter" time="0.399">
    <error message="The step &apos;url &apos;https://c03bd4ncki.execute-api.us-west-2.amazonaws.com/dev&apos;&apos; and 6 other step(s) are undefined.&#10;You can implement these steps using the snippet(s) below:&#10;&#10;@Given(&quot;url {string}&quot;)&#10;public void url(String string) {&#10;    // Write code here that turns the phrase above into concrete actions&#10;    throw new io.cucumber.java.PendingException();&#10;}&#10;@Given(&quot;header Content-Type = {string}&quot;)&#10;public void header_content_type(String string) {&#10;    // Write code here that turns the phrase above into concrete actions&#10;    throw new io.cucumber.java.PendingException();&#10;}&#10;@Given(&quot;path {string}&quot;)&#10;public void path(String string) {&#10;    // Write code here that turns the phrase above into concrete actions&#10;    throw new io.cucumber.java.PendingException();&#10;}&#10;@Given(&quot;request&quot;)&#10;public void request(String docString) {&#10;    // Write code here that turns the phrase above into concrete actions&#10;    throw new io.cucumber.java.PendingException();&#10;}&#10;@When(&quot;method post&quot;)&#10;public void method_post() {&#10;    // Write code here that turns the phrase above into concrete actions&#10;    throw new io.cucumber.java.PendingException();&#10;}&#10;@Then(&quot;status {int}&quot;)&#10;public void status(Integer int1) {&#10;    // Write code here that turns the phrase above into concrete actions&#10;    throw new io.cucumber.java.PendingException();&#10;}&#10;@Then(&quot;match response.success == true&quot;)&#10;public void match_response_success_true() {&#10;    // Write code here that turns the phrase above into concrete actions&#10;    throw new io.cucumber.java.PendingException();&#10;}&#10;" type="io.cucumber.junit.platform.engine.UndefinedStepException"><![CDATA[io.cucumber.junit.platform.engine.UndefinedStepException: 
The step 'url 'https://c03bd4ncki.execute-api.us-west-2.amazonaws.com/dev'' and 6 other step(s) are undefined.
You can implement these steps using the snippet(s) below:

@Given("url {string}")
public void url(String string) {
    // Write code here that turns the phrase above into concrete actions
    throw new io.cucumber.java.PendingException();
}
@Given("header Content-Type = {string}")
public void header_content_type(String string) {
    // Write code here that turns the phrase above into concrete actions
    throw new io.cucumber.java.PendingException();
}
@Given("path {string}")
public void path(String string) {
    // Write code here that turns the phrase above into concrete actions
    throw new io.cucumber.java.PendingException();
}
@Given("request")
public void request(String docString) {
    // Write code here that turns the phrase above into concrete actions
    throw new io.cucumber.java.PendingException();
}
@When("method post")
public void method_post() {
    // Write code here that turns the phrase above into concrete actions
    throw new io.cucumber.java.PendingException();
}
@Then("status {int}")
public void status(Integer int1) {
    // Write code here that turns the phrase above into concrete actions
    throw new io.cucumber.java.PendingException();
}
@Then("match response.success == true")
public void match_response_success_true() {
    // Write code here that turns the phrase above into concrete actions
    throw new io.cucumber.java.PendingException();
}

	at io.cucumber.core.runtime.TestCaseResultObserver.assertTestCasePassed(TestCaseResultObserver.java:69)
	at io.cucumber.junit.platform.engine.TestCaseResultObserver.assertTestCasePassed(TestCaseResultObserver.java:22)
	at io.cucumber.junit.platform.engine.CucumberEngineExecutionContext.lambda$runTestCase$4(CucumberEngineExecutionContext.java:114)
	at io.cucumber.core.runtime.CucumberExecutionContext.lambda$runTestCase$5(CucumberExecutionContext.java:137)
	at io.cucumber.core.runtime.RethrowingThrowableCollector.executeAndThrow(RethrowingThrowableCollector.java:23)
	at io.cucumber.core.runtime.CucumberExecutionContext.runTestCase(CucumberExecutionContext.java:137)
	at io.cucumber.junit.platform.engine.CucumberEngineExecutionContext.runTestCase(CucumberEngineExecutionContext.java:109)
	at io.cucumber.junit.platform.engine.NodeDescriptor$PickleDescriptor.execute(NodeDescriptor.java:168)
	at io.cucumber.junit.platform.engine.NodeDescriptor$PickleDescriptor.execute(NodeDescriptor.java:90)
	at java.base/java.util.ArrayList.forEach(ArrayList.java:1511)
	at java.base/java.util.ArrayList.forEach(ArrayList.java:1511)
]]></error>
    <system-out><![CDATA[
Scenario: Validar respuesta exitosa cuando el lobby es válido        &amp#27;[90m# features/lobby/ListarProveedores.feature:26&amp#27;[0m
  &amp#27;[33m* &amp#27;[0m&amp#27;[33murl 'https://c03bd4ncki.execute-api.us-west-2.amazonaws.com/dev'&amp#27;[0m
  &amp#27;[36m* &amp#27;[0m&amp#27;[36mheader Content-Type = 'application/json'&amp#27;[0m
  &amp#27;[36mGiven &amp#27;[0m&amp#27;[36mpath 'lobbies/filter'&amp#27;[0m
  &amp#27;[36mAnd &amp#27;[0m&amp#27;[36mrequest&amp#27;[0m
  &amp#27;[36mWhen &amp#27;[0m&amp#27;[36mmethod post&amp#27;[0m
  &amp#27;[36mThen &amp#27;[0m&amp#27;[36mstatus 200&amp#27;[0m
  &amp#27;[36mAnd &amp#27;[0m&amp#27;[36mmatch response.success == true&amp#27;[0m
]]></system-out>
  </testcase>
  <testcase name="Validar tiempo de respuesta menor o igual a 3 segundos" classname="Validación del servicio Lobby Filter" time="0.43">
    <error message="The step &apos;url &apos;https://c03bd4ncki.execute-api.us-west-2.amazonaws.com/dev&apos;&apos; and 6 other step(s) are undefined.&#10;You can implement these steps using the snippet(s) below:&#10;&#10;@Given(&quot;url {string}&quot;)&#10;public void url(String string) {&#10;    // Write code here that turns the phrase above into concrete actions&#10;    throw new io.cucumber.java.PendingException();&#10;}&#10;@Given(&quot;header Content-Type = {string}&quot;)&#10;public void header_content_type(String string) {&#10;    // Write code here that turns the phrase above into concrete actions&#10;    throw new io.cucumber.java.PendingException();&#10;}&#10;@Given(&quot;path {string}&quot;)&#10;public void path(String string) {&#10;    // Write code here that turns the phrase above into concrete actions&#10;    throw new io.cucumber.java.PendingException();&#10;}&#10;@Given(&quot;request&quot;)&#10;public void request(String docString) {&#10;    // Write code here that turns the phrase above into concrete actions&#10;    throw new io.cucumber.java.PendingException();&#10;}&#10;@When(&quot;method post&quot;)&#10;public void method_post() {&#10;    // Write code here that turns the phrase above into concrete actions&#10;    throw new io.cucumber.java.PendingException();&#10;}&#10;@Then(&quot;status {int}&quot;)&#10;public void status(Integer int1) {&#10;    // Write code here that turns the phrase above into concrete actions&#10;    throw new io.cucumber.java.PendingException();&#10;}&#10;@Then(&quot;assert responseTime &lt;= {int}&quot;)&#10;public void assert_response_time(Integer int1) {&#10;    // Write code here that turns the phrase above into concrete actions&#10;    throw new io.cucumber.java.PendingException();&#10;}&#10;" type="io.cucumber.junit.platform.engine.UndefinedStepException"><![CDATA[io.cucumber.junit.platform.engine.UndefinedStepException: 
The step 'url 'https://c03bd4ncki.execute-api.us-west-2.amazonaws.com/dev'' and 6 other step(s) are undefined.
You can implement these steps using the snippet(s) below:

@Given("url {string}")
public void url(String string) {
    // Write code here that turns the phrase above into concrete actions
    throw new io.cucumber.java.PendingException();
}
@Given("header Content-Type = {string}")
public void header_content_type(String string) {
    // Write code here that turns the phrase above into concrete actions
    throw new io.cucumber.java.PendingException();
}
@Given("path {string}")
public void path(String string) {
    // Write code here that turns the phrase above into concrete actions
    throw new io.cucumber.java.PendingException();
}
@Given("request")
public void request(String docString) {
    // Write code here that turns the phrase above into concrete actions
    throw new io.cucumber.java.PendingException();
}
@When("method post")
public void method_post() {
    // Write code here that turns the phrase above into concrete actions
    throw new io.cucumber.java.PendingException();
}
@Then("status {int}")
public void status(Integer int1) {
    // Write code here that turns the phrase above into concrete actions
    throw new io.cucumber.java.PendingException();
}
@Then("assert responseTime <= {int}")
public void assert_response_time(Integer int1) {
    // Write code here that turns the phrase above into concrete actions
    throw new io.cucumber.java.PendingException();
}

	at io.cucumber.core.runtime.TestCaseResultObserver.assertTestCasePassed(TestCaseResultObserver.java:69)
	at io.cucumber.junit.platform.engine.TestCaseResultObserver.assertTestCasePassed(TestCaseResultObserver.java:22)
	at io.cucumber.junit.platform.engine.CucumberEngineExecutionContext.lambda$runTestCase$4(CucumberEngineExecutionContext.java:114)
	at io.cucumber.core.runtime.CucumberExecutionContext.lambda$runTestCase$5(CucumberExecutionContext.java:137)
	at io.cucumber.core.runtime.RethrowingThrowableCollector.executeAndThrow(RethrowingThrowableCollector.java:23)
	at io.cucumber.core.runtime.CucumberExecutionContext.runTestCase(CucumberExecutionContext.java:137)
	at io.cucumber.junit.platform.engine.CucumberEngineExecutionContext.runTestCase(CucumberEngineExecutionContext.java:109)
	at io.cucumber.junit.platform.engine.NodeDescriptor$PickleDescriptor.execute(NodeDescriptor.java:168)
	at io.cucumber.junit.platform.engine.NodeDescriptor$PickleDescriptor.execute(NodeDescriptor.java:90)
	at java.base/java.util.ArrayList.forEach(ArrayList.java:1511)
	at java.base/java.util.ArrayList.forEach(ArrayList.java:1511)
]]></error>
    <system-out><![CDATA[
Scenario: Validar tiempo de respuesta menor o igual a 3 segundos     &amp#27;[90m# features/lobby/ListarProveedores.feature:40&amp#27;[0m
  &amp#27;[33m* &amp#27;[0m&amp#27;[33murl 'https://c03bd4ncki.execute-api.us-west-2.amazonaws.com/dev'&amp#27;[0m
  &amp#27;[36m* &amp#27;[0m&amp#27;[36mheader Content-Type = 'application/json'&amp#27;[0m
  &amp#27;[36mGiven &amp#27;[0m&amp#27;[36mpath 'lobbies/filter'&amp#27;[0m
  &amp#27;[36mAnd &amp#27;[0m&amp#27;[36mrequest&amp#27;[0m
  &amp#27;[36mWhen &amp#27;[0m&amp#27;[36mmethod post&amp#27;[0m
  &amp#27;[36mThen &amp#27;[0m&amp#27;[36mstatus 200&amp#27;[0m
  &amp#27;[36mAnd &amp#27;[0m&amp#27;[36massert responseTime <= 3000&amp#27;[0m
]]></system-out>
  </testcase>
  <testcase name="Login con credenciales válidas" classname="Sauce Demo - Pruebas automatizadas" time="1.906">
    <system-out><![CDATA[
Scenario: Login con credenciales válidas                                      &amp#27;[90m# features/saucedemo.feature:6&amp#27;[0m
  &amp#27;[32mGiven &amp#27;[0m&amp#27;[32mel usuario está en la página de login&amp#27;[0m                                 &amp#27;[90m# playwright.SauceDemoSteps.usuarioEnPaginaLogin()&amp#27;[0m
  &amp#27;[32mWhen &amp#27;[0m&amp#27;[32mel usuario ingresa usuario &amp#27;[0m&amp#27;[32m&amp#27;[1m"standard_user"&amp#27;[0m&amp#27;[32m y contraseña &amp#27;[0m&amp#27;[32m&amp#27;[1m"secret_sauce"&amp#27;[0m &amp#27;[90m# playwright.SauceDemoSteps.ingresarCredenciales(java.lang.String,java.lang.String)&amp#27;[0m
  &amp#27;[32mAnd &amp#27;[0m&amp#27;[32mhace clic en el botón de login&amp#27;[0m                                          &amp#27;[90m# playwright.SauceDemoSteps.hacerClicLogin()&amp#27;[0m
✅ Login exitoso
  &amp#27;[32mThen &amp#27;[0m&amp#27;[32mel usuario es redirigido a la página de productos&amp#27;[0m                      &amp#27;[90m# playwright.SauceDemoSteps.verificarPaginaProductos()&amp#27;[0m
]]></system-out>
  </testcase>
  <testcase name="Login con credenciales inválidas" classname="Sauce Demo - Pruebas automatizadas" time="1.432">
    <system-out><![CDATA[
Scenario: Login con credenciales inválidas                                            &amp#27;[90m# features/saucedemo.feature:11&amp#27;[0m
  &amp#27;[32mGiven &amp#27;[0m&amp#27;[32mel usuario está en la página de login&amp#27;[0m                                         &amp#27;[90m# playwright.SauceDemoSteps.usuarioEnPaginaLogin()&amp#27;[0m
  &amp#27;[32mWhen &amp#27;[0m&amp#27;[32mel usuario ingresa usuario &amp#27;[0m&amp#27;[32m&amp#27;[1m"usuario_invalido"&amp#27;[0m&amp#27;[32m y contraseña &amp#27;[0m&amp#27;[32m&amp#27;[1m"password_invalido"&amp#27;[0m &amp#27;[90m# playwright.SauceDemoSteps.ingresarCredenciales(java.lang.String,java.lang.String)&amp#27;[0m
  &amp#27;[32mAnd &amp#27;[0m&amp#27;[32mhace clic en el botón de login&amp#27;[0m                                                  &amp#27;[90m# playwright.SauceDemoSteps.hacerClicLogin()&amp#27;[0m
✅ Error mostrado correctamente
  &amp#27;[32mThen &amp#27;[0m&amp#27;[32mse muestra un mensaje de error de credenciales&amp#27;[0m                                 &amp#27;[90m# playwright.SauceDemoSteps.verificarMensajeError()&amp#27;[0m
]]></system-out>
  </testcase>
  <testcase name="Agregar producto al carrito" classname="Sauce Demo - Pruebas automatizadas" time="2.646">
    <system-out><![CDATA[
Scenario: Agregar producto al carrito                                 &amp#27;[90m# features/saucedemo.feature:16&amp#27;[0m
  &amp#27;[32mGiven &amp#27;[0m&amp#27;[32mel usuario está en la página de login&amp#27;[0m                         &amp#27;[90m# playwright.SauceDemoSteps.usuarioEnPaginaLogin()&amp#27;[0m
  &amp#27;[32mGiven &amp#27;[0m&amp#27;[32mel usuario ha iniciado sesión correctamente&amp#27;[0m                   &amp#27;[90m# playwright.SauceDemoSteps.loginCorrecto()&amp#27;[0m
  &amp#27;[32mWhen &amp#27;[0m&amp#27;[32mel usuario agrega el producto &amp#27;[0m&amp#27;[32m&amp#27;[1m"Sauce Labs Backpack"&amp#27;[0m&amp#27;[32m al carrito&amp#27;[0m &amp#27;[90m# playwright.SauceDemoSteps.agregarProducto(java.lang.String)&amp#27;[0m
✅ Producto agregado correctamente
  &amp#27;[32mThen &amp#27;[0m&amp#27;[32mel carrito muestra &amp#27;[0m&amp#27;[32m&amp#27;[1m"1"&amp#27;[0m&amp#27;[32m producto&amp#27;[0m                                &amp#27;[90m# playwright.SauceDemoSteps.verificarBadgeCarrito(java.lang.String)&amp#27;[0m
]]></system-out>
  </testcase>
  <testcase name="Ver productos en el carrito" classname="Sauce Demo - Pruebas automatizadas" time="2.012">
    <system-out><![CDATA[
Scenario: Ver productos en el carrito                                &amp#27;[90m# features/saucedemo.feature:21&amp#27;[0m
  &amp#27;[32mGiven &amp#27;[0m&amp#27;[32mel usuario está en la página de login&amp#27;[0m                        &amp#27;[90m# playwright.SauceDemoSteps.usuarioEnPaginaLogin()&amp#27;[0m
  &amp#27;[32mGiven &amp#27;[0m&amp#27;[32mel usuario ha iniciado sesión correctamente&amp#27;[0m                  &amp#27;[90m# playwright.SauceDemoSteps.loginCorrecto()&amp#27;[0m
  &amp#27;[32mAnd &amp#27;[0m&amp#27;[32mel usuario agrega el producto &amp#27;[0m&amp#27;[32m&amp#27;[1m"Sauce Labs Backpack"&amp#27;[0m&amp#27;[32m al carrito&amp#27;[0m &amp#27;[90m# playwright.SauceDemoSteps.agregarProducto(java.lang.String)&amp#27;[0m
  &amp#27;[32mWhen &amp#27;[0m&amp#27;[32mel usuario va al carrito&amp#27;[0m                                      &amp#27;[90m# playwright.SauceDemoSteps.irAlCarrito()&amp#27;[0m
✅ Producto visible en el carrito
  &amp#27;[32mThen &amp#27;[0m&amp#27;[32mel carrito contiene el producto &amp#27;[0m&amp#27;[32m&amp#27;[1m"Sauce Labs Backpack"&amp#27;[0m         &amp#27;[90m# playwright.SauceDemoSteps.verificarProductoEnCarrito(java.lang.String)&amp#27;[0m
]]></system-out>
  </testcase>
  <testcase name="Completar proceso de compra" classname="Sauce Demo - Pruebas automatizadas" time="2.199">
    <system-out><![CDATA[
Scenario: Completar proceso de compra                                                            &amp#27;[90m# features/saucedemo.feature:27&amp#27;[0m
  &amp#27;[32mGiven &amp#27;[0m&amp#27;[32mel usuario está en la página de login&amp#27;[0m                                                    &amp#27;[90m# playwright.SauceDemoSteps.usuarioEnPaginaLogin()&amp#27;[0m
  &amp#27;[32mGiven &amp#27;[0m&amp#27;[32mel usuario ha iniciado sesión correctamente&amp#27;[0m                                              &amp#27;[90m# playwright.SauceDemoSteps.loginCorrecto()&amp#27;[0m
  &amp#27;[32mAnd &amp#27;[0m&amp#27;[32mel usuario agrega el producto &amp#27;[0m&amp#27;[32m&amp#27;[1m"Sauce Labs Backpack"&amp#27;[0m&amp#27;[32m al carrito&amp#27;[0m                             &amp#27;[90m# playwright.SauceDemoSteps.agregarProducto(java.lang.String)&amp#27;[0m
  &amp#27;[32mAnd &amp#27;[0m&amp#27;[32mel usuario va al carrito&amp#27;[0m                                                                   &amp#27;[90m# playwright.SauceDemoSteps.irAlCarrito()&amp#27;[0m
  &amp#27;[32mWhen &amp#27;[0m&amp#27;[32mel usuario completa el checkout con nombre &amp#27;[0m&amp#27;[32m&amp#27;[1m"Kath"&amp#27;[0m&amp#27;[32m apellido &amp#27;[0m&amp#27;[32m&amp#27;[1m"Test"&amp#27;[0m&amp#27;[32m y código postal &amp#27;[0m&amp#27;[32m&amp#27;[1m"12345"&amp#27;[0m &amp#27;[90m# playwright.SauceDemoSteps.completarCheckout(java.lang.String,java.lang.String,java.lang.String)&amp#27;[0m
✅ Compra completada correctamente
  &amp#27;[32mThen &amp#27;[0m&amp#27;[32mse muestra el mensaje de confirmación &amp#27;[0m&amp#27;[32m&amp#27;[1m"Thank you for your order!"&amp#27;[0m                         &amp#27;[90m# playwright.SauceDemoSteps.verificarConfirmacion(java.lang.String)&amp#27;[0m
]]></system-out>
  </testcase>
</testsuite>