<?xml version="1.0" encoding="UTF-8"?>
<testsuite xmlns:xsi="http://www.w3.org/2001/XMLSchema-instance" xsi:noNamespaceSchemaLocation="https://maven.apache.org/surefire/maven-surefire-plugin/xsd/surefire-test-report-3.0.xsd" version="3.0" name="Usuarios.LoginRunner" time="19.229" tests="16" errors="0" skipped="0" failures="0">
  <properties>
[...]
</properties>
  <testcase name="[1:12] Login exitoso con credenciales válidas" classname="Usuarios/Login" time="4.114">
    <system-out><![CDATA[17:58:50.360 [main] DEBUG com.intuit.karate.Suite - [config] classpath:karate-config.js
17:58:52.285 [main] INFO  com.intuit.karate - karate.env system property was: null 
17:58:53.117 [main] DEBUG com.intuit.karate - request:
1 > POST https://serverest.dev/usuarios
1 > Content-Type: application/json; charset=UTF-8
1 > Content-Length: 103
1 > Host: serverest.dev
1 > Connection: Keep-Alive
1 > User-Agent: Apache-HttpClient/4.5.14 (Java/17.0.12)
1 > Accept-Encoding: gzip,deflate
{"nome":"Login Test","email":"login_1773788332366@qa.com","password":"teste123","administrador":"true"}

17:58:53.907 [main] DEBUG com.intuit.karate - response time in milliseconds: 785
1 < 201
1 < access-control-allow-origin: *
1 < x-dns-prefetch-control: off
1 < x-frame-options: SAMEORIGIN
1 < strict-transport-security: max-age=15552000; includeSubDomains
1 < x-download-options: noopen
1 < x-content-type-options: nosniff
1 < x-xss-protection: 1; mode=block
1 < content-type: application/json; charset=utf-8
1 < x-cloud-trace-context: 94c98e456839c7ffd834d071a6b0ec94;o=1
1 < date: Tue, 17 Mar 2026 22:58:55 GMT
1 < server: Google Frontend
1 < Content-Length: 82
{
    "message": "Cadastro realizado com sucesso",
    "_id": "SWDxhO02Eo76AvSL"
}

17:58:53.919 [main] DEBUG com.intuit.karate - request:
2 > POST https://serverest.dev/login
2 > Content-Type: application/json; charset=UTF-8
2 > Content-Length: 60
2 > Host: serverest.dev
2 > Connection: Keep-Alive
2 > User-Agent: Apache-HttpClient/4.5.14 (Java/17.0.12)
2 > Accept-Encoding: gzip,deflate
{"email":"login_1773788332366@qa.com","password":"teste123"}

17:58:54.515 [main] DEBUG com.intuit.karate - response time in milliseconds: 592
2 < 200
2 < access-control-allow-origin: *
2 < x-dns-prefetch-control: off
2 < x-frame-options: SAMEORIGIN
2 < strict-transport-security: max-age=15552000; includeSubDomains
2 < x-download-options: noopen
2 < x-content-type-options: nosniff
2 < x-xss-protection: 1; mode=block
2 < content-type: application/json; charset=utf-8
2 < x-cloud-trace-context: 7bcbd5fae7d77b79c655f18714645cb8
2 < date: Tue, 17 Mar 2026 22:58:56 GMT
2 < server: Google Frontend
2 < Content-Length: 287
{
    "message": "Login realizado com sucesso",
    "authorization": "Bearer eyJhbGciOiJIUzI1NiIsInR5cCI6IkpXVCJ9.eyJlbWFpbCI6ImxvZ2luXzE3NzM3ODgzMzIzNjZAcWEuY29tIiwicGFzc3dvcmQiOiJ0ZXN0ZTEyMyIsImlhdCI6MTc3Mzc4ODMzNiwiZXhwIjoxNzczNzg4OTM2fQ.1BPHZ3GVIGOQQ_IslaktkIvXlPwFZSZ3eSvz0SLYBXM"
}

]]></system-out>
  </testcase>
  <testcase name="[2:38] Login sin email devuelve 400" classname="Usuarios/Login" time="0.522">
    <system-out><![CDATA[17:58:54.578 [main] INFO  com.intuit.karate - karate.env system property was: null 
17:58:54.588 [main] DEBUG com.intuit.karate - request:
1 > POST https://serverest.dev/login
1 > Content-Type: application/json; charset=UTF-8
1 > Content-Length: 23
1 > Host: serverest.dev
1 > Connection: Keep-Alive
1 > User-Agent: Apache-HttpClient/4.5.14 (Java/17.0.12)
1 > Accept-Encoding: gzip,deflate
{"password":"teste123"}

17:58:55.076 [main] DEBUG com.intuit.karate - response time in milliseconds: 487
1 < 400
1 < access-control-allow-origin: *
1 < x-dns-prefetch-control: off
1 < x-frame-options: SAMEORIGIN
1 < strict-transport-security: max-age=15552000; includeSubDomains
1 < x-download-options: noopen
1 < x-content-type-options: nosniff
1 < x-xss-protection: 1; mode=block
1 < content-type: application/json; charset=utf-8
1 < x-cloud-trace-context: d20e3feb912c41937afce920338ab633
1 < date: Tue, 17 Mar 2026 22:58:56 GMT
1 < server: Google Frontend
1 < Content-Length: 40
{
    "email": "email é obrigatório"
}

]]></system-out>
  </testcase>
  <testcase name="[3:46] Login sin password devuelve 400" classname="Usuarios/Login" time="0.75">
    <system-out><![CDATA[17:58:55.092 [main] INFO  com.intuit.karate - karate.env system property was: null 
17:58:55.097 [main] DEBUG com.intuit.karate - request:
1 > POST https://serverest.dev/login
1 > Content-Type: application/json; charset=UTF-8
1 > Content-Length: 25
1 > Host: serverest.dev
1 > Connection: Keep-Alive
1 > User-Agent: Apache-HttpClient/4.5.14 (Java/17.0.12)
1 > Accept-Encoding: gzip,deflate
{"email":"fulano@qa.com"}

17:58:55.827 [main] DEBUG com.intuit.karate - response time in milliseconds: 730
1 < 400
1 < access-control-allow-origin: *
1 < x-dns-prefetch-control: off
1 < x-frame-options: SAMEORIGIN
1 < strict-transport-security: max-age=15552000; includeSubDomains
1 < x-download-options: noopen
1 < x-content-type-options: nosniff
1 < x-xss-protection: 1; mode=block
1 < content-type: application/json; charset=utf-8
1 < x-cloud-trace-context: b401c848a7c058e146a5c5fa7edf96c1
1 < date: Tue, 17 Mar 2026 22:58:57 GMT
1 < server: Google Frontend
1 < Content-Length: 46
{
    "password": "password é obrigatório"
}

]]></system-out>
  </testcase>
  <testcase name="[4:54] Login con password incorrecto devuelve 401" classname="Usuarios/Login" time="0.568">
    <system-out><![CDATA[17:58:55.841 [main] INFO  com.intuit.karate - karate.env system property was: null 
17:58:55.845 [main] DEBUG com.intuit.karate - request:
1 > POST https://serverest.dev/login
1 > Content-Type: application/json; charset=UTF-8
1 > Content-Length: 45
1 > Host: serverest.dev
1 > Connection: Keep-Alive
1 > User-Agent: Apache-HttpClient/4.5.14 (Java/17.0.12)
1 > Accept-Encoding: gzip,deflate
{"email":"fulano@qa.com","password":"123456"}

17:58:56.403 [main] DEBUG com.intuit.karate - response time in milliseconds: 555
1 < 401
1 < access-control-allow-origin: *
1 < x-dns-prefetch-control: off
1 < x-frame-options: SAMEORIGIN
1 < strict-transport-security: max-age=15552000; includeSubDomains
1 < x-download-options: noopen
1 < x-content-type-options: nosniff
1 < x-xss-protection: 1; mode=block
1 < content-type: application/json; charset=utf-8
1 < x-cloud-trace-context: 694f7f51ab01353756f7f30f5e4a676b
1 < date: Tue, 17 Mar 2026 22:58:57 GMT
1 < server: Google Frontend
1 < Content-Length: 48
{
    "message": "Email e/ou senha inválidos"
}

]]></system-out>
  </testcase>
  <testcase name="[5.1:83] Login con credenciales inválidas — email inexistente" classname="Usuarios/Login" time="0.613">
    <system-out><![CDATA[17:58:56.425 [main] INFO  com.intuit.karate - karate.env system property was: null 
17:58:56.433 [main] DEBUG com.intuit.karate - request:
1 > POST https://serverest.dev/login
1 > Content-Type: application/json; charset=UTF-8
1 > Content-Length: 48
1 > Host: serverest.dev
1 > Connection: Keep-Alive
1 > User-Agent: Apache-HttpClient/4.5.14 (Java/17.0.12)
1 > Accept-Encoding: gzip,deflate
{"email":"ghost@test.com","password":"teste123"}

17:58:57.023 [main] DEBUG com.intuit.karate - response time in milliseconds: 588
1 < 401
1 < access-control-allow-origin: *
1 < x-dns-prefetch-control: off
1 < x-frame-options: SAMEORIGIN
1 < strict-transport-security: max-age=15552000; includeSubDomains
1 < x-download-options: noopen
1 < x-content-type-options: nosniff
1 < x-xss-protection: 1; mode=block
1 < content-type: application/json; charset=utf-8
1 < x-cloud-trace-context: 77eff3bba42b7b104b3625304d7fa54e
1 < date: Tue, 17 Mar 2026 22:58:58 GMT
1 < server: Google Frontend
1 < Content-Length: 48
{
    "message": "Email e/ou senha inválidos"
}

]]></system-out>
  </testcase>
  <testcase name="[5.2:84] Login con credenciales inválidas — password incorrecto" classname="Usuarios/Login" time="0.606">
    <system-out><![CDATA[17:58:57.037 [main] INFO  com.intuit.karate - karate.env system property was: null 
17:58:57.039 [main] DEBUG com.intuit.karate - request:
1 > POST https://serverest.dev/login
1 > Content-Type: application/json; charset=UTF-8
1 > Content-Length: 48
1 > Host: serverest.dev
1 > Connection: Keep-Alive
1 > User-Agent: Apache-HttpClient/4.5.14 (Java/17.0.12)
1 > Accept-Encoding: gzip,deflate
{"email":"fulano@qa.com","password":"wrongpass"}

17:58:57.633 [main] DEBUG com.intuit.karate - response time in milliseconds: 589
1 < 401
1 < access-control-allow-origin: *
1 < x-dns-prefetch-control: off
1 < x-frame-options: SAMEORIGIN
1 < strict-transport-security: max-age=15552000; includeSubDomains
1 < x-download-options: noopen
1 < x-content-type-options: nosniff
1 < x-xss-protection: 1; mode=block
1 < content-type: application/json; charset=utf-8
1 < x-cloud-trace-context: 66702719260a5aa20db769db294fa961
1 < date: Tue, 17 Mar 2026 22:58:59 GMT
1 < server: Google Frontend
1 < Content-Length: 48
{
    "message": "Email e/ou senha inválidos"
}

]]></system-out>
  </testcase>
  <testcase name="[5.3:85] Login con credenciales inválidas — ambos incorrectos" classname="Usuarios/Login" time="0.588">
    <system-out><![CDATA[17:58:57.643 [main] INFO  com.intuit.karate - karate.env system property was: null 
17:58:57.652 [main] DEBUG com.intuit.karate - request:
1 > POST https://serverest.dev/login
1 > Content-Type: application/json; charset=UTF-8
1 > Content-Length: 46
1 > Host: serverest.dev
1 > Connection: Keep-Alive
1 > User-Agent: Apache-HttpClient/4.5.14 (Java/17.0.12)
1 > Accept-Encoding: gzip,deflate
{"email":"fake@fake.com","password":"fake123"}

17:58:58.223 [main] DEBUG com.intuit.karate - response time in milliseconds: 571
1 < 401
1 < access-control-allow-origin: *
1 < x-dns-prefetch-control: off
1 < x-frame-options: SAMEORIGIN
1 < strict-transport-security: max-age=15552000; includeSubDomains
1 < x-download-options: noopen
1 < x-content-type-options: nosniff
1 < x-xss-protection: 1; mode=block
1 < content-type: application/json; charset=utf-8
1 < x-cloud-trace-context: 63427570e2bce227662011dc4c030813
1 < date: Tue, 17 Mar 2026 22:58:59 GMT
1 < server: Google Frontend
1 < Content-Length: 48
{
    "message": "Email e/ou senha inválidos"
}

]]></system-out>
  </testcase>
  <testcase name="[6:88] Usar token obtenido para acceder a endpoint protegido" classname="Usuarios/Login" time="3.089">
    <system-out><![CDATA[17:58:58.237 [main] INFO  com.intuit.karate - karate.env system property was: null 
17:58:58.250 [main] DEBUG com.intuit.karate - request:
1 > POST https://serverest.dev/usuarios
1 > Content-Type: application/json; charset=UTF-8
1 > Content-Length: 105
1 > Host: serverest.dev
1 > Connection: Keep-Alive
1 > User-Agent: Apache-HttpClient/4.5.14 (Java/17.0.12)
1 > Accept-Encoding: gzip,deflate
{"nome":"E2E Token Test","email":"e2e_1773788338244@qa.com","password":"teste123","administrador":"true"}

17:58:58.821 [main] DEBUG com.intuit.karate - response time in milliseconds: 568
1 < 201
1 < access-control-allow-origin: *
1 < x-dns-prefetch-control: off
1 < x-frame-options: SAMEORIGIN
1 < strict-transport-security: max-age=15552000; includeSubDomains
1 < x-download-options: noopen
1 < x-content-type-options: nosniff
1 < x-xss-protection: 1; mode=block
1 < content-type: application/json; charset=utf-8
1 < x-cloud-trace-context: 0dc01cbf6c26c588ee30d774cf58472f
1 < date: Tue, 17 Mar 2026 22:59:00 GMT
1 < server: Google Frontend
1 < Content-Length: 82
{
    "message": "Cadastro realizado com sucesso",
    "_id": "HbDfa5XfU1uvTPzp"
}

17:58:58.825 [main] DEBUG com.intuit.karate - request:
2 > POST https://serverest.dev/login
2 > Content-Type: application/json; charset=UTF-8
2 > Content-Length: 58
2 > Host: serverest.dev
2 > Connection: Keep-Alive
2 > User-Agent: Apache-HttpClient/4.5.14 (Java/17.0.12)
2 > Accept-Encoding: gzip,deflate
{"email":"e2e_1773788338244@qa.com","password":"teste123"}

17:58:59.428 [main] DEBUG com.intuit.karate - response time in milliseconds: 603
2 < 200
2 < access-control-allow-origin: *
2 < x-dns-prefetch-control: off
2 < x-frame-options: SAMEORIGIN
2 < strict-transport-security: max-age=15552000; includeSubDomains
2 < x-download-options: noopen
2 < x-content-type-options: nosniff
2 < x-xss-protection: 1; mode=block
2 < content-type: application/json; charset=utf-8
2 < x-cloud-trace-context: 1c781353299ba7e89126360fb625434c
2 < date: Tue, 17 Mar 2026 22:59:01 GMT
2 < server: Google Frontend
2 < Content-Length: 284
{
    "message": "Login realizado com sucesso",
    "authorization": "Bearer eyJhbGciOiJIUzI1NiIsInR5cCI6IkpXVCJ9.eyJlbWFpbCI6ImUyZV8xNzczNzg4MzM4MjQ0QHFhLmNvbSIsInBhc3N3b3JkIjoidGVzdGUxMjMiLCJpYXQiOjE3NzM3ODgzNDEsImV4cCI6MTc3Mzc4ODk0MX0.QgjqTpuHUNyT5sprFKzIN6hsmT16dN0BYVqYuu3beFg"
}

17:58:59.436 [main] DEBUG com.intuit.karate - request:
3 > GET https://serverest.dev/carrinhos
3 > Authorization: Bearer eyJhbGciOiJIUzI1NiIsInR5cCI6IkpXVCJ9.eyJlbWFpbCI6ImUyZV8xNzczNzg4MzM4MjQ0QHFhLmNvbSIsInBhc3N3b3JkIjoidGVzdGUxMjMiLCJpYXQiOjE3NzM3ODgzNDEsImV4cCI6MTc3Mzc4ODk0MX0.QgjqTpuHUNyT5sprFKzIN6hsmT16dN0BYVqYuu3beFg
3 > Host: serverest.dev
3 > Connection: Keep-Alive
3 > User-Agent: Apache-HttpClient/4.5.14 (Java/17.0.12)
3 > Accept-Encoding: gzip,deflate


17:59:00.017 [main] DEBUG com.intuit.karate - response time in milliseconds: 574
3 < 200
3 < access-control-allow-origin: *
3 < x-dns-prefetch-control: off
3 < x-frame-options: SAMEORIGIN
3 < strict-transport-security: max-age=15552000; includeSubDomains
3 < x-download-options: noopen
3 < x-content-type-options: nosniff
3 < x-xss-protection: 1; mode=block
3 < content-type: application/json; charset=utf-8
3 < x-cloud-trace-context: c4812626ba0fde2fdf658529eb626130
3 < date: Tue, 17 Mar 2026 22:59:01 GMT
3 < server: Google Frontend
3 < Content-Length: 595
{
    "quantidade": 1,
    "carrinhos": [
        {
            "produtos": [
                {
                    "idProduto": "BeeJh5lz3k6kSIzA",
                    "quantidade": 2,
                    "precoUnitario": 470
                },
                {
                    "idProduto": "K6leHdftCeOJj8BJ",
                    "quantidade": 1,
                    "precoUnitario": 5240
                }
            ],
            "precoTotal": 6180,
            "quantidadeTotal": 3,
            "idUsuario": "0uxuPY0cbmQhpEz1",
            "_id": "qbMqntef4iTOwWfg"
        }
    ]
}

---------------------------------------------------------
feature: classpath:Usuarios/Login.feature
scenarios:  8 | passed:  8 | failed:  0 | time: 7.5531
---------------------------------------------------------

]]></system-out>
  </testcase>
  <testcase name="[1.1:25] Listar usuarios usando filtros - listar todos los usuarios" classname="Usuarios/Usuarios" time="0.697">
    <system-out><![CDATA[17:59:01.340 [main] INFO  com.intuit.karate - karate.env system property was: null 
17:59:01.369 [main] DEBUG com.intuit.karate - request:
1 > GET https://serverest.dev/usuarios
1 > Content-Type: application/json
1 > Host: serverest.dev
1 > Connection: Keep-Alive
1 > User-Agent: Apache-HttpClient/4.5.14 (Java/17.0.12)
1 > Accept-Encoding: gzip,deflate


17:59:02.016 [main] DEBUG com.intuit.karate - response time in milliseconds: 644
1 < 200
1 < access-control-allow-origin: *
1 < x-dns-prefetch-control: off
1 < x-frame-options: SAMEORIGIN
1 < strict-transport-security: max-age=15552000; includeSubDomains
1 < x-download-options: noopen
1 < x-content-type-options: nosniff
1 < x-xss-protection: 1; mode=block
1 < content-type: application/json; charset=utf-8
1 < x-cloud-trace-context: ec849bd60943e3ac35d6fb7df4cb8788
1 < date: Tue, 17 Mar 2026 22:59:03 GMT
1 < server: Google Frontend
1 < Content-Length: 12780
{
    "quantidade": 57,
    "usuarios": [
        {
            "nome": "Sofia QA ADMIN 3193",
            "email": "sofiaADMIN_3193@qa.com.br",
            "password": "teste",
            "administrador": "true",
            "_id": "08aUTBxljoXo2IaU"
        },
        {
            "nome": "Fulano da Silva",
            "email": "fulano@qa.com",
            "password": "teste",
            "administrador": "true",
            "_id": "0uxuPY0cbmQhpEz1"
        },
        {
            "nome": "CLIENTE QA KUROMI 2563",
            "email": "clienteKuromi_2563@qa.com.br",
            "password": "teste",
            "administrador": "false",
            "_id": "2RA1VvyfL9PFkzAg"
        },
        {
            "nome": "demian",
            "email": "demiangay@gmail.com",
            "password": "123",
            "administrador": "true",
            "_id": "2hn1qKbX1shUr9LL"
        },
        {
            "nome": "CLIENTE QA KUROMI 6492",
            "email": "clienteKuromi_6492@qa.com.br",
            "password": "teste",
            "administrador": "false",
            "_id": "3XjMfDFftfyramvi"
        },
        {
            "nome": "CLIENTE QA KUROMI 7150",
            "email": "clienteKuromi_7150@qa.com.br",
            "password": "teste",
            "administrador": "false",
            "_id": "3mCXqgaLEPTKwv6g"
        },
        {
            "nome": "CLIENTE QA KUROMI 393",
            "email": "clienteKuromi_393@qa.com.br",
            "password": "teste",
            "administrador": "false",
            "_id": "5MQjDy95J3arhraa"
        },
        {
            "nome": "CLIENTE QA KUROMI 4857",
            "email": "clienteKuromi_4857@qa.com.br",
            "password": "teste",
            "administrador": "false",
            "_id": "5WznbBZkKGPM7Jg9"
        },
        {
            "nome": "CLIENTE QA KUROMI 638",
            "email": "clienteKuromi_638@qa.com.br",
            "password": "teste",
            "administrador": "false",
            "_id": "7DUv0mZAVY98vQBL"
        },
        {
            "nome": "Sofia QA ADMIN 3446",
            "email": "sofiaADMIN_3446@qa.com.br",
            "password": "teste",
            "administrador": "true",
            "_id": "8ai5owWCkXTgoIu3"
        },
        {
            "nome": "Sofia QA ADMIN 4471",
            "email": "sofiaADMIN_4471@qa.com.br",
            "password": "teste",
            "administrador": "true",
            "_id": "8bKGyVm7AamuBDI1"
        },
        {
            "nome": "CLIENTE QA KUROMI 8414",
            "email": "clienteKuromi_8414@qa.com.br",
            "password": "teste",
            "administrador": "false",
            "_id": "9JgOYW1wTXwTfKA5"
        },
        {
            "nome": "Sofia QA ADMIN 436",
            "email": "sofiaADMIN_436@qa.com.br",
            "password": "teste",
            "administrador": "true",
            "_id": "FKZFsXipYiDgFK5s"
        },
        {
            "nome": "Sofia QA ADMIN 7408",
            "email": "sofiaADMIN_7408@qa.com.br",
            "password": "teste",
            "administrador": "true",
            "_id": "GKhg3qJ7LXGx6FmO"
        },
        {
            "nome": "CLIENTE QA KUROMI 5821",
            "email": "clienteKuromi_5821@qa.com.br",
            "password": "teste",
            "administrador": "false",
            "_id": "GoDaJvS6x36q3H8s"
        },
        {
            "nome": "E2E Token Test",
            "email": "e2e_1773788338244@qa.com",
            "password": "teste123",
            "administrador": "true",
            "_id": "HbDfa5XfU1uvTPzp"
        },
        {
            "nome": "Sofia QA ADMIN 7097",
            "email": "sofiaADMIN_7097@qa.com.br",
            "password": "teste",
            "administrador": "true",
            "_id": "HjRVTdbm2xk3SWjU"
        },
        {
            "nome": "CLIENTE QA KUROMI 6325",
            "email": "clienteKuromi_6325@qa.com.br",
            "password": "teste",
            "administrador": "false",
            "_id": "Jne0QNZvfgwuOHx7"
        },
        {
            "nome": "CLIENTE QA KUROMI 282",
            "email": "clienteKuromi_282@qa.com.br",
            "password": "teste",
            "administrador": "false",
            "_id": "KF2DkL0eEv0l42in"
        },
        {
            "nome": "Sofia QA ADMIN 6228",
            "email": "sofiaADMIN_6228@qa.com.br",
            "password": "teste",
            "administrador": "true",
            "_id": "LLS6rQMaSPTpoAlM"
        },
        {
            "nome": "CLIENTE QA KUROMI 3300",
            "email": "clienteKuromi_3300@qa.com.br",
            "password": "teste",
            "administrador": "false",
            "_id": "LRWxZLfRaLuFs0bA"
        },
        {
            "nome": "Usuario Test",
            "email": "usuario_1773787940284@qa.com",
            "password": "teste123",
            "administrador": "true",
            "_id": "LycawTmF6K465FVP"
        },
        {
            "nome": "Sofia QA ADMIN 9424",
            "email": "sofiaADMIN_9424@qa.com.br",
            "password": "teste",
            "administrador": "true",
            "_id": "M4rItfzbAMZ3pHFx"
        },
        {
            "nome": "Usuario Prueba 34SSSSS",
            "email": "usuarioPrueba3@qa.com.br",
            "password": "teste",
            "administrador": "true",
            "_id": "My23caWMtUaSkjNm"
        },
        {
            "nome": "Sundays Test",
            "email": "sundays@qa.com.br",
            "password": "teste",
            "administrador": "true",
            "_id": "PBXvmZxmjH6C7uUJ"
        },
        {
            "nome": "CLIENTE QA KUROMI 8940",
            "email": "clienteKuromi_8940@qa.com.br",
            "password": "teste",
            "administrador": "false",
            "_id": "PN82fu4udcW4Oxmy"
        },
        {
            "nome": "Sofia QA ADMIN 8558",
            "email": "sofiaADMIN_8558@qa.com.br",
            "password": "teste",
            "administrador": "true",
            "_id": "PpHd4Z8UTHtY3NVv"
        },
        {
            "nome": "CLIENTE QA KUROMI 6935",
            "email": "clienteKuromi_6935@qa.com.br",
            "password": "teste",
            "administrador": "false",
            "_id": "RsbJ8NvFBFrpTXI6"
        },
        {
            "nome": "CLIENTE QA KUROMI 6702",
            "email": "clienteKuromi_6702@qa.com.br",
            "password": "teste",
            "administrador": "false",
            "_id": "S4401ucaJK43xGcc"
        },
        {
            "nome": "Login Test",
            "email": "login_1773788332366@qa.com",
            "password": "teste123",
            "administrador": "true",
            "_id": "SWDxhO02Eo76AvSL"
        },
        {
            "nome": "Fulano da Silva",
            "email": "beltrano@qa.com.br",
            "password": "teste",
            "administrador": "true",
            "_id": "TcpmY7fyXzAD8vPW"
        },
        {
            "nome": "CLIENTE QA KUROMI 8026",
            "email": "clienteKuromi_8026@qa.com.br",
            "password": "teste",
            "administrador": "false",
            "_id": "TjbPXgnXTep2RjS1"
        },
        {
            "nome": "CLIENTE QA KUROMI 6030",
            "email": "clienteKuromi_6030@qa.com.br",
            "password": "teste",
            "administrador": "false",
            "_id": "X7tP6jih9FC6tDMp"
        },
        {
            "nome": "Demaingay",
            "email": "demaingay@gmail.com",
            "password": "123",
            "administrador": "true",
            "_id": "XsSuCpazzE5792cP"
        },
        {
            "nome": "Usuario Buscar",
            "email": "buscar_1773787941593@qa.com",
            "password": "teste123",
            "administrador": "true",
            "_id": "ZHK6FK8oeZbdaQ8R"
        },
        {
            "nome": "CLIENTE QA KUROMI 6383",
            "email": "clienteKuromi_6383@qa.com.br",
            "password": "teste",
            "administrador": "false",
            "_id": "arAUWQ8uRotYPnKL"
        },
        {
            "nome": "CLIENTE QA KUROMI 9487",
            "email": "clienteKuromi_9487@qa.com.br",
            "password": "teste",
            "administrador": "false",
            "_id": "bLYBXCMTQsQc4iCS"
        },
        {
            "nome": "Sofia QA ADMIN 2976",
            "email": "sofiaADMIN_2976@qa.com.br",
            "password": "teste",
            "administrador": "true",
            "_id": "cCT6gVQlgLqOGGRV"
        },
        {
            "nome": "Sofia QA ADMIN 4564",
            "email": "sofiaADMIN_4564@qa.com.br",
            "password": "teste",
            "administrador": "true",
            "_id": "edQ5ms7kkQ6O6O4R"
        },
        {
            "nome": "E2E Token Test",
            "email": "e2e_1773787933972@qa.com",
            "password": "teste123",
            "administrador": "true",
            "_id": "eqO1ZLPtaZXdb4YE"
        },
        {
            "nome": "Sofia QA ADMIN 3711",
            "email": "sofiaADMIN_3711@qa.com.br",
            "password": "teste",
            "administrador": "true",
            "_id": "frMQk3nzyIwDBmTc"
        },
        {
            "nome": "Sofia QA ADMIN 4039",
            "email": "sofiaADMIN_4039@qa.com.br",
            "password": "teste",
            "administrador": "true",
            "_id": "jO6GWD1dAJWmjrcy"
        },
        {
            "nome": "CLIENTE QA KUROMI 5128",
            "email": "clienteKuromi_5128@qa.com.br",
            "password": "teste",
            "administrador": "false",
            "_id": "nZweq1enXsj1KoIr"
        },
        {
            "nome": "Sofia QA ADMIN 3660",
            "email": "sofiaADMIN_3660@qa.com.br",
            "password": "teste",
            "administrador": "true",
            "_id": "oHnK2vBZwqgX1S8f"
        },
        {
            "nome": "Sofia QA ADMIN 6273",
            "email": "sofiaADMIN_6273@qa.com.br",
            "password": "teste",
            "administrador": "true",
            "_id": "q4j2jb2bQbm6PsIe"
        },
        {
            "nome": "Sofia QA ADMIN 9826",
            "email": "sofiaADMIN_9826@qa.com.br",
            "password": "teste",
            "administrador": "true",
            "_id": "qRi71ACzF4j0sM48"
        },
        {
            "nome": "Janaína Oliveira",
            "email": "qa_api_1773783987383_8nrmuy@mailinator.com",
            "password": "teste123",
            "administrador": "true",
            "_id": "sNw4IXoB2zYBf2qU"
        },
        {
            "nome": "Sofia QA ADMIN 8905",
            "email": "sofiaADMIN_8905@qa.com.br",
            "password": "teste",
            "administrador": "true",
            "_id": "shRVsNkh6PN1WatZ"
        },
        {
            "nome": "Sofia QA ADMIN 4633",
            "email": "sofiaADMIN_4633@qa.com.br",
            "password": "teste",
            "administrador": "true",
            "_id": "tE0I3o47BoC7AjCS"
        },
        {
            "nome": "Login Test",
            "email": "login_1773787927961@qa.com",
            "password": "teste123",
            "administrador": "true",
            "_id": "uUdCGqhw4dXST6pu"
        },
        {
            "nome": "Fulano",
            "email": "qa_fulano_1773783987856@mailinator.com",
            "password": "teste123",
            "administrador": "true",
            "_id": "uiBjBSh0nlmTKSdp"
        },
        {
            "nome": "Sofia QA ADMIN 4232",
            "email": "sofiaADMIN_4232@qa.com.br",
            "password": "teste",
            "administrador": "true",
            "_id": "vTWwChY4Oe16F7M6"
        },
        {
            "nome": "Sofia QA ADMIN 7592",
            "email": "sofiaADMIN_7592@qa.com.br",
            "password": "teste",
            "administrador": "true",
            "_id": "xa4uzSUXA02ccy9R"
        },
        {
            "nome": "CLIENTE QA KUROMI 6090",
            "email": "clienteKuromi_6090@qa.com.br",
            "password": "teste",
            "administrador": "false",
            "_id": "xhmiYxuvejtp6wmj"
        },
        {
            "nome": "CLIENTE QA KUROMI 3978",
            "email": "clienteKuromi_3978@qa.com.br",
            "password": "teste",
            "administrador": "false",
            "_id": "xvrFpRhBdBd1HmfQ"
        },
        {
            "nome": "CLIENTE QA KUROMI 2031",
            "email": "clienteKuromi_2031@qa.com.br",
            "password": "teste",
            "administrador": "false",
            "_id": "y5kqgSKyIekv5Yni"
        },
        {
            "nome": "CLIENTE QA KUROMI 5503",
            "email": "clienteKuromi_5503@qa.com.br",
            "password": "teste",
            "administrador": "false",
            "_id": "yxIKl6PlVgeDOrvS"
        }
    ]
}

]]></system-out>
  </testcase>
  <testcase name="[1.2:26] Listar usuarios usando filtros - filtrar por nombre" classname="Usuarios/Usuarios" time="0.677">
    <system-out><![CDATA[17:59:02.041 [main] INFO  com.intuit.karate - karate.env system property was: null 
17:59:02.050 [main] DEBUG com.intuit.karate - request:
1 > GET https://serverest.dev/usuarios
1 > Content-Type: application/json
1 > Host: serverest.dev
1 > Connection: Keep-Alive
1 > User-Agent: Apache-HttpClient/4.5.14 (Java/17.0.12)
1 > Accept-Encoding: gzip,deflate


17:59:02.695 [main] DEBUG com.intuit.karate - response time in milliseconds: 625
1 < 200
1 < access-control-allow-origin: *
1 < x-dns-prefetch-control: off
1 < x-frame-options: SAMEORIGIN
1 < strict-transport-security: max-age=15552000; includeSubDomains
1 < x-download-options: noopen
1 < x-content-type-options: nosniff
1 < x-xss-protection: 1; mode=block
1 < content-type: application/json; charset=utf-8
1 < x-cloud-trace-context: c10cb0a7c753547a42319b690b3f7fa4
1 < date: Tue, 17 Mar 2026 22:59:04 GMT
1 < server: Google Frontend
1 < Content-Length: 12780
{
    "quantidade": 57,
    "usuarios": [
        {
            "nome": "Sofia QA ADMIN 3193",
            "email": "sofiaADMIN_3193@qa.com.br",
            "password": "teste",
            "administrador": "true",
            "_id": "08aUTBxljoXo2IaU"
        },
        {
            "nome": "Fulano da Silva",
            "email": "fulano@qa.com",
            "password": "teste",
            "administrador": "true",
            "_id": "0uxuPY0cbmQhpEz1"
        },
        {
            "nome": "CLIENTE QA KUROMI 2563",
            "email": "clienteKuromi_2563@qa.com.br",
            "password": "teste",
            "administrador": "false",
            "_id": "2RA1VvyfL9PFkzAg"
        },
        {
            "nome": "demian",
            "email": "demiangay@gmail.com",
            "password": "123",
            "administrador": "true",
            "_id": "2hn1qKbX1shUr9LL"
        },
        {
            "nome": "CLIENTE QA KUROMI 6492",
            "email": "clienteKuromi_6492@qa.com.br",
            "password": "teste",
            "administrador": "false",
            "_id": "3XjMfDFftfyramvi"
        },
        {
            "nome": "CLIENTE QA KUROMI 7150",
            "email": "clienteKuromi_7150@qa.com.br",
            "password": "teste",
            "administrador": "false",
            "_id": "3mCXqgaLEPTKwv6g"
        },
        {
            "nome": "CLIENTE QA KUROMI 393",
            "email": "clienteKuromi_393@qa.com.br",
            "password": "teste",
            "administrador": "false",
            "_id": "5MQjDy95J3arhraa"
        },
        {
            "nome": "CLIENTE QA KUROMI 4857",
            "email": "clienteKuromi_4857@qa.com.br",
            "password": "teste",
            "administrador": "false",
            "_id": "5WznbBZkKGPM7Jg9"
        },
        {
            "nome": "CLIENTE QA KUROMI 638",
            "email": "clienteKuromi_638@qa.com.br",
            "password": "teste",
            "administrador": "false",
            "_id": "7DUv0mZAVY98vQBL"
        },
        {
            "nome": "Sofia QA ADMIN 3446",
            "email": "sofiaADMIN_3446@qa.com.br",
            "password": "teste",
            "administrador": "true",
            "_id": "8ai5owWCkXTgoIu3"
        },
        {
            "nome": "Sofia QA ADMIN 4471",
            "email": "sofiaADMIN_4471@qa.com.br",
            "password": "teste",
            "administrador": "true",
            "_id": "8bKGyVm7AamuBDI1"
        },
        {
            "nome": "CLIENTE QA KUROMI 8414",
            "email": "clienteKuromi_8414@qa.com.br",
            "password": "teste",
            "administrador": "false",
            "_id": "9JgOYW1wTXwTfKA5"
        },
        {
            "nome": "Sofia QA ADMIN 436",
            "email": "sofiaADMIN_436@qa.com.br",
            "password": "teste",
            "administrador": "true",
            "_id": "FKZFsXipYiDgFK5s"
        },
        {
            "nome": "Sofia QA ADMIN 7408",
            "email": "sofiaADMIN_7408@qa.com.br",
            "password": "teste",
            "administrador": "true",
            "_id": "GKhg3qJ7LXGx6FmO"
        },
        {
            "nome": "CLIENTE QA KUROMI 5821",
            "email": "clienteKuromi_5821@qa.com.br",
            "password": "teste",
            "administrador": "false",
            "_id": "GoDaJvS6x36q3H8s"
        },
        {
            "nome": "E2E Token Test",
            "email": "e2e_1773788338244@qa.com",
            "password": "teste123",
            "administrador": "true",
            "_id": "HbDfa5XfU1uvTPzp"
        },
        {
            "nome": "Sofia QA ADMIN 7097",
            "email": "sofiaADMIN_7097@qa.com.br",
            "password": "teste",
            "administrador": "true",
            "_id": "HjRVTdbm2xk3SWjU"
        },
        {
            "nome": "CLIENTE QA KUROMI 6325",
            "email": "clienteKuromi_6325@qa.com.br",
            "password": "teste",
            "administrador": "false",
            "_id": "Jne0QNZvfgwuOHx7"
        },
        {
            "nome": "CLIENTE QA KUROMI 282",
            "email": "clienteKuromi_282@qa.com.br",
            "password": "teste",
            "administrador": "false",
            "_id": "KF2DkL0eEv0l42in"
        },
        {
            "nome": "Sofia QA ADMIN 6228",
            "email": "sofiaADMIN_6228@qa.com.br",
            "password": "teste",
            "administrador": "true",
            "_id": "LLS6rQMaSPTpoAlM"
        },
        {
            "nome": "CLIENTE QA KUROMI 3300",
            "email": "clienteKuromi_3300@qa.com.br",
            "password": "teste",
            "administrador": "false",
            "_id": "LRWxZLfRaLuFs0bA"
        },
        {
            "nome": "Usuario Test",
            "email": "usuario_1773787940284@qa.com",
            "password": "teste123",
            "administrador": "true",
            "_id": "LycawTmF6K465FVP"
        },
        {
            "nome": "Sofia QA ADMIN 9424",
            "email": "sofiaADMIN_9424@qa.com.br",
            "password": "teste",
            "administrador": "true",
            "_id": "M4rItfzbAMZ3pHFx"
        },
        {
            "nome": "Usuario Prueba 34SSSSS",
            "email": "usuarioPrueba3@qa.com.br",
            "password": "teste",
            "administrador": "true",
            "_id": "My23caWMtUaSkjNm"
        },
        {
            "nome": "Sundays Test",
            "email": "sundays@qa.com.br",
            "password": "teste",
            "administrador": "true",
            "_id": "PBXvmZxmjH6C7uUJ"
        },
        {
            "nome": "CLIENTE QA KUROMI 8940",
            "email": "clienteKuromi_8940@qa.com.br",
            "password": "teste",
            "administrador": "false",
            "_id": "PN82fu4udcW4Oxmy"
        },
        {
            "nome": "Sofia QA ADMIN 8558",
            "email": "sofiaADMIN_8558@qa.com.br",
            "password": "teste",
            "administrador": "true",
            "_id": "PpHd4Z8UTHtY3NVv"
        },
        {
            "nome": "CLIENTE QA KUROMI 6935",
            "email": "clienteKuromi_6935@qa.com.br",
            "password": "teste",
            "administrador": "false",
            "_id": "RsbJ8NvFBFrpTXI6"
        },
        {
            "nome": "CLIENTE QA KUROMI 6702",
            "email": "clienteKuromi_6702@qa.com.br",
            "password": "teste",
            "administrador": "false",
            "_id": "S4401ucaJK43xGcc"
        },
        {
            "nome": "Login Test",
            "email": "login_1773788332366@qa.com",
            "password": "teste123",
            "administrador": "true",
            "_id": "SWDxhO02Eo76AvSL"
        },
        {
            "nome": "Fulano da Silva",
            "email": "beltrano@qa.com.br",
            "password": "teste",
            "administrador": "true",
            "_id": "TcpmY7fyXzAD8vPW"
        },
        {
            "nome": "CLIENTE QA KUROMI 8026",
            "email": "clienteKuromi_8026@qa.com.br",
            "password": "teste",
            "administrador": "false",
            "_id": "TjbPXgnXTep2RjS1"
        },
        {
            "nome": "CLIENTE QA KUROMI 6030",
            "email": "clienteKuromi_6030@qa.com.br",
            "password": "teste",
            "administrador": "false",
            "_id": "X7tP6jih9FC6tDMp"
        },
        {
            "nome": "Demaingay",
            "email": "demaingay@gmail.com",
            "password": "123",
            "administrador": "true",
            "_id": "XsSuCpazzE5792cP"
        },
        {
            "nome": "Usuario Buscar",
            "email": "buscar_1773787941593@qa.com",
            "password": "teste123",
            "administrador": "true",
            "_id": "ZHK6FK8oeZbdaQ8R"
        },
        {
            "nome": "CLIENTE QA KUROMI 6383",
            "email": "clienteKuromi_6383@qa.com.br",
            "password": "teste",
            "administrador": "false",
            "_id": "arAUWQ8uRotYPnKL"
        },
        {
            "nome": "CLIENTE QA KUROMI 9487",
            "email": "clienteKuromi_9487@qa.com.br",
            "password": "teste",
            "administrador": "false",
            "_id": "bLYBXCMTQsQc4iCS"
        },
        {
            "nome": "Sofia QA ADMIN 2976",
            "email": "sofiaADMIN_2976@qa.com.br",
            "password": "teste",
            "administrador": "true",
            "_id": "cCT6gVQlgLqOGGRV"
        },
        {
            "nome": "Sofia QA ADMIN 4564",
            "email": "sofiaADMIN_4564@qa.com.br",
            "password": "teste",
            "administrador": "true",
            "_id": "edQ5ms7kkQ6O6O4R"
        },
        {
            "nome": "E2E Token Test",
            "email": "e2e_1773787933972@qa.com",
            "password": "teste123",
            "administrador": "true",
            "_id": "eqO1ZLPtaZXdb4YE"
        },
        {
            "nome": "Sofia QA ADMIN 3711",
            "email": "sofiaADMIN_3711@qa.com.br",
            "password": "teste",
            "administrador": "true",
            "_id": "frMQk3nzyIwDBmTc"
        },
        {
            "nome": "Sofia QA ADMIN 4039",
            "email": "sofiaADMIN_4039@qa.com.br",
            "password": "teste",
            "administrador": "true",
            "_id": "jO6GWD1dAJWmjrcy"
        },
        {
            "nome": "CLIENTE QA KUROMI 5128",
            "email": "clienteKuromi_5128@qa.com.br",
            "password": "teste",
            "administrador": "false",
            "_id": "nZweq1enXsj1KoIr"
        },
        {
            "nome": "Sofia QA ADMIN 3660",
            "email": "sofiaADMIN_3660@qa.com.br",
            "password": "teste",
            "administrador": "true",
            "_id": "oHnK2vBZwqgX1S8f"
        },
        {
            "nome": "Sofia QA ADMIN 6273",
            "email": "sofiaADMIN_6273@qa.com.br",
            "password": "teste",
            "administrador": "true",
            "_id": "q4j2jb2bQbm6PsIe"
        },
        {
            "nome": "Sofia QA ADMIN 9826",
            "email": "sofiaADMIN_9826@qa.com.br",
            "password": "teste",
            "administrador": "true",
            "_id": "qRi71ACzF4j0sM48"
        },
        {
            "nome": "Janaína Oliveira",
            "email": "qa_api_1773783987383_8nrmuy@mailinator.com",
            "password": "teste123",
            "administrador": "true",
            "_id": "sNw4IXoB2zYBf2qU"
        },
        {
            "nome": "Sofia QA ADMIN 8905",
            "email": "sofiaADMIN_8905@qa.com.br",
            "password": "teste",
            "administrador": "true",
            "_id": "shRVsNkh6PN1WatZ"
        },
        {
            "nome": "Sofia QA ADMIN 4633",
            "email": "sofiaADMIN_4633@qa.com.br",
            "password": "teste",
            "administrador": "true",
            "_id": "tE0I3o47BoC7AjCS"
        },
        {
            "nome": "Login Test",
            "email": "login_1773787927961@qa.com",
            "password": "teste123",
            "administrador": "true",
            "_id": "uUdCGqhw4dXST6pu"
        },
        {
            "nome": "Fulano",
            "email": "qa_fulano_1773783987856@mailinator.com",
            "password": "teste123",
            "administrador": "true",
            "_id": "uiBjBSh0nlmTKSdp"
        },
        {
            "nome": "Sofia QA ADMIN 4232",
            "email": "sofiaADMIN_4232@qa.com.br",
            "password": "teste",
            "administrador": "true",
            "_id": "vTWwChY4Oe16F7M6"
        },
        {
            "nome": "Sofia QA ADMIN 7592",
            "email": "sofiaADMIN_7592@qa.com.br",
            "password": "teste",
            "administrador": "true",
            "_id": "xa4uzSUXA02ccy9R"
        },
        {
            "nome": "CLIENTE QA KUROMI 6090",
            "email": "clienteKuromi_6090@qa.com.br",
            "password": "teste",
            "administrador": "false",
            "_id": "xhmiYxuvejtp6wmj"
        },
        {
            "nome": "CLIENTE QA KUROMI 3978",
            "email": "clienteKuromi_3978@qa.com.br",
            "password": "teste",
            "administrador": "false",
            "_id": "xvrFpRhBdBd1HmfQ"
        },
        {
            "nome": "CLIENTE QA KUROMI 2031",
            "email": "clienteKuromi_2031@qa.com.br",
            "password": "teste",
            "administrador": "false",
            "_id": "y5kqgSKyIekv5Yni"
        },
        {
            "nome": "CLIENTE QA KUROMI 5503",
            "email": "clienteKuromi_5503@qa.com.br",
            "password": "teste",
            "administrador": "false",
            "_id": "yxIKl6PlVgeDOrvS"
        }
    ]
}

]]></system-out>
  </testcase>
  <testcase name="[1.3:27] Listar usuarios usando filtros - filtrar por email" classname="Usuarios/Usuarios" time="0.797">
    <system-out><![CDATA[17:59:02.712 [main] INFO  com.intuit.karate - karate.env system property was: null 
17:59:02.717 [main] DEBUG com.intuit.karate - request:
1 > GET https://serverest.dev/usuarios
1 > Content-Type: application/json
1 > Host: serverest.dev
1 > Connection: Keep-Alive
1 > User-Agent: Apache-HttpClient/4.5.14 (Java/17.0.12)
1 > Accept-Encoding: gzip,deflate


17:59:03.497 [main] DEBUG com.intuit.karate - response time in milliseconds: 779
1 < 200
1 < access-control-allow-origin: *
1 < x-dns-prefetch-control: off
1 < x-frame-options: SAMEORIGIN
1 < strict-transport-security: max-age=15552000; includeSubDomains
1 < x-download-options: noopen
1 < x-content-type-options: nosniff
1 < x-xss-protection: 1; mode=block
1 < content-type: application/json; charset=utf-8
1 < x-cloud-trace-context: 56f3f86296d62c625bf61b5be8ca81ea
1 < date: Tue, 17 Mar 2026 22:59:04 GMT
1 < server: Google Frontend
1 < Content-Length: 12780
{
    "quantidade": 57,
    "usuarios": [
        {
            "nome": "Sofia QA ADMIN 3193",
            "email": "sofiaADMIN_3193@qa.com.br",
            "password": "teste",
            "administrador": "true",
            "_id": "08aUTBxljoXo2IaU"
        },
        {
            "nome": "Fulano da Silva",
            "email": "fulano@qa.com",
            "password": "teste",
            "administrador": "true",
            "_id": "0uxuPY0cbmQhpEz1"
        },
        {
            "nome": "CLIENTE QA KUROMI 2563",
            "email": "clienteKuromi_2563@qa.com.br",
            "password": "teste",
            "administrador": "false",
            "_id": "2RA1VvyfL9PFkzAg"
        },
        {
            "nome": "demian",
            "email": "demiangay@gmail.com",
            "password": "123",
            "administrador": "true",
            "_id": "2hn1qKbX1shUr9LL"
        },
        {
            "nome": "CLIENTE QA KUROMI 6492",
            "email": "clienteKuromi_6492@qa.com.br",
            "password": "teste",
            "administrador": "false",
            "_id": "3XjMfDFftfyramvi"
        },
        {
            "nome": "CLIENTE QA KUROMI 7150",
            "email": "clienteKuromi_7150@qa.com.br",
            "password": "teste",
            "administrador": "false",
            "_id": "3mCXqgaLEPTKwv6g"
        },
        {
            "nome": "CLIENTE QA KUROMI 393",
            "email": "clienteKuromi_393@qa.com.br",
            "password": "teste",
            "administrador": "false",
            "_id": "5MQjDy95J3arhraa"
        },
        {
            "nome": "CLIENTE QA KUROMI 4857",
            "email": "clienteKuromi_4857@qa.com.br",
            "password": "teste",
            "administrador": "false",
            "_id": "5WznbBZkKGPM7Jg9"
        },
        {
            "nome": "CLIENTE QA KUROMI 638",
            "email": "clienteKuromi_638@qa.com.br",
            "password": "teste",
            "administrador": "false",
            "_id": "7DUv0mZAVY98vQBL"
        },
        {
            "nome": "Sofia QA ADMIN 3446",
            "email": "sofiaADMIN_3446@qa.com.br",
            "password": "teste",
            "administrador": "true",
            "_id": "8ai5owWCkXTgoIu3"
        },
        {
            "nome": "Sofia QA ADMIN 4471",
            "email": "sofiaADMIN_4471@qa.com.br",
            "password": "teste",
            "administrador": "true",
            "_id": "8bKGyVm7AamuBDI1"
        },
        {
            "nome": "CLIENTE QA KUROMI 8414",
            "email": "clienteKuromi_8414@qa.com.br",
            "password": "teste",
            "administrador": "false",
            "_id": "9JgOYW1wTXwTfKA5"
        },
        {
            "nome": "Sofia QA ADMIN 436",
            "email": "sofiaADMIN_436@qa.com.br",
            "password": "teste",
            "administrador": "true",
            "_id": "FKZFsXipYiDgFK5s"
        },
        {
            "nome": "Sofia QA ADMIN 7408",
            "email": "sofiaADMIN_7408@qa.com.br",
            "password": "teste",
            "administrador": "true",
            "_id": "GKhg3qJ7LXGx6FmO"
        },
        {
            "nome": "CLIENTE QA KUROMI 5821",
            "email": "clienteKuromi_5821@qa.com.br",
            "password": "teste",
            "administrador": "false",
            "_id": "GoDaJvS6x36q3H8s"
        },
        {
            "nome": "E2E Token Test",
            "email": "e2e_1773788338244@qa.com",
            "password": "teste123",
            "administrador": "true",
            "_id": "HbDfa5XfU1uvTPzp"
        },
        {
            "nome": "Sofia QA ADMIN 7097",
            "email": "sofiaADMIN_7097@qa.com.br",
            "password": "teste",
            "administrador": "true",
            "_id": "HjRVTdbm2xk3SWjU"
        },
        {
            "nome": "CLIENTE QA KUROMI 6325",
            "email": "clienteKuromi_6325@qa.com.br",
            "password": "teste",
            "administrador": "false",
            "_id": "Jne0QNZvfgwuOHx7"
        },
        {
            "nome": "CLIENTE QA KUROMI 282",
            "email": "clienteKuromi_282@qa.com.br",
            "password": "teste",
            "administrador": "false",
            "_id": "KF2DkL0eEv0l42in"
        },
        {
            "nome": "Sofia QA ADMIN 6228",
            "email": "sofiaADMIN_6228@qa.com.br",
            "password": "teste",
            "administrador": "true",
            "_id": "LLS6rQMaSPTpoAlM"
        },
        {
            "nome": "CLIENTE QA KUROMI 3300",
            "email": "clienteKuromi_3300@qa.com.br",
            "password": "teste",
            "administrador": "false",
            "_id": "LRWxZLfRaLuFs0bA"
        },
        {
            "nome": "Usuario Test",
            "email": "usuario_1773787940284@qa.com",
            "password": "teste123",
            "administrador": "true",
            "_id": "LycawTmF6K465FVP"
        },
        {
            "nome": "Sofia QA ADMIN 9424",
            "email": "sofiaADMIN_9424@qa.com.br",
            "password": "teste",
            "administrador": "true",
            "_id": "M4rItfzbAMZ3pHFx"
        },
        {
            "nome": "Usuario Prueba 34SSSSS",
            "email": "usuarioPrueba3@qa.com.br",
            "password": "teste",
            "administrador": "true",
            "_id": "My23caWMtUaSkjNm"
        },
        {
            "nome": "Sundays Test",
            "email": "sundays@qa.com.br",
            "password": "teste",
            "administrador": "true",
            "_id": "PBXvmZxmjH6C7uUJ"
        },
        {
            "nome": "CLIENTE QA KUROMI 8940",
            "email": "clienteKuromi_8940@qa.com.br",
            "password": "teste",
            "administrador": "false",
            "_id": "PN82fu4udcW4Oxmy"
        },
        {
            "nome": "Sofia QA ADMIN 8558",
            "email": "sofiaADMIN_8558@qa.com.br",
            "password": "teste",
            "administrador": "true",
            "_id": "PpHd4Z8UTHtY3NVv"
        },
        {
            "nome": "CLIENTE QA KUROMI 6935",
            "email": "clienteKuromi_6935@qa.com.br",
            "password": "teste",
            "administrador": "false",
            "_id": "RsbJ8NvFBFrpTXI6"
        },
        {
            "nome": "CLIENTE QA KUROMI 6702",
            "email": "clienteKuromi_6702@qa.com.br",
            "password": "teste",
            "administrador": "false",
            "_id": "S4401ucaJK43xGcc"
        },
        {
            "nome": "Login Test",
            "email": "login_1773788332366@qa.com",
            "password": "teste123",
            "administrador": "true",
            "_id": "SWDxhO02Eo76AvSL"
        },
        {
            "nome": "Fulano da Silva",
            "email": "beltrano@qa.com.br",
            "password": "teste",
            "administrador": "true",
            "_id": "TcpmY7fyXzAD8vPW"
        },
        {
            "nome": "CLIENTE QA KUROMI 8026",
            "email": "clienteKuromi_8026@qa.com.br",
            "password": "teste",
            "administrador": "false",
            "_id": "TjbPXgnXTep2RjS1"
        },
        {
            "nome": "CLIENTE QA KUROMI 6030",
            "email": "clienteKuromi_6030@qa.com.br",
            "password": "teste",
            "administrador": "false",
            "_id": "X7tP6jih9FC6tDMp"
        },
        {
            "nome": "Demaingay",
            "email": "demaingay@gmail.com",
            "password": "123",
            "administrador": "true",
            "_id": "XsSuCpazzE5792cP"
        },
        {
            "nome": "Usuario Buscar",
            "email": "buscar_1773787941593@qa.com",
            "password": "teste123",
            "administrador": "true",
            "_id": "ZHK6FK8oeZbdaQ8R"
        },
        {
            "nome": "CLIENTE QA KUROMI 6383",
            "email": "clienteKuromi_6383@qa.com.br",
            "password": "teste",
            "administrador": "false",
            "_id": "arAUWQ8uRotYPnKL"
        },
        {
            "nome": "CLIENTE QA KUROMI 9487",
            "email": "clienteKuromi_9487@qa.com.br",
            "password": "teste",
            "administrador": "false",
            "_id": "bLYBXCMTQsQc4iCS"
        },
        {
            "nome": "Sofia QA ADMIN 2976",
            "email": "sofiaADMIN_2976@qa.com.br",
            "password": "teste",
            "administrador": "true",
            "_id": "cCT6gVQlgLqOGGRV"
        },
        {
            "nome": "Sofia QA ADMIN 4564",
            "email": "sofiaADMIN_4564@qa.com.br",
            "password": "teste",
            "administrador": "true",
            "_id": "edQ5ms7kkQ6O6O4R"
        },
        {
            "nome": "E2E Token Test",
            "email": "e2e_1773787933972@qa.com",
            "password": "teste123",
            "administrador": "true",
            "_id": "eqO1ZLPtaZXdb4YE"
        },
        {
            "nome": "Sofia QA ADMIN 3711",
            "email": "sofiaADMIN_3711@qa.com.br",
            "password": "teste",
            "administrador": "true",
            "_id": "frMQk3nzyIwDBmTc"
        },
        {
            "nome": "Sofia QA ADMIN 4039",
            "email": "sofiaADMIN_4039@qa.com.br",
            "password": "teste",
            "administrador": "true",
            "_id": "jO6GWD1dAJWmjrcy"
        },
        {
            "nome": "CLIENTE QA KUROMI 5128",
            "email": "clienteKuromi_5128@qa.com.br",
            "password": "teste",
            "administrador": "false",
            "_id": "nZweq1enXsj1KoIr"
        },
        {
            "nome": "Sofia QA ADMIN 3660",
            "email": "sofiaADMIN_3660@qa.com.br",
            "password": "teste",
            "administrador": "true",
            "_id": "oHnK2vBZwqgX1S8f"
        },
        {
            "nome": "Sofia QA ADMIN 6273",
            "email": "sofiaADMIN_6273@qa.com.br",
            "password": "teste",
            "administrador": "true",
            "_id": "q4j2jb2bQbm6PsIe"
        },
        {
            "nome": "Sofia QA ADMIN 9826",
            "email": "sofiaADMIN_9826@qa.com.br",
            "password": "teste",
            "administrador": "true",
            "_id": "qRi71ACzF4j0sM48"
        },
        {
            "nome": "Janaína Oliveira",
            "email": "qa_api_1773783987383_8nrmuy@mailinator.com",
            "password": "teste123",
            "administrador": "true",
            "_id": "sNw4IXoB2zYBf2qU"
        },
        {
            "nome": "Sofia QA ADMIN 8905",
            "email": "sofiaADMIN_8905@qa.com.br",
            "password": "teste",
            "administrador": "true",
            "_id": "shRVsNkh6PN1WatZ"
        },
        {
            "nome": "Sofia QA ADMIN 4633",
            "email": "sofiaADMIN_4633@qa.com.br",
            "password": "teste",
            "administrador": "true",
            "_id": "tE0I3o47BoC7AjCS"
        },
        {
            "nome": "Login Test",
            "email": "login_1773787927961@qa.com",
            "password": "teste123",
            "administrador": "true",
            "_id": "uUdCGqhw4dXST6pu"
        },
        {
            "nome": "Fulano",
            "email": "qa_fulano_1773783987856@mailinator.com",
            "password": "teste123",
            "administrador": "true",
            "_id": "uiBjBSh0nlmTKSdp"
        },
        {
            "nome": "Sofia QA ADMIN 4232",
            "email": "sofiaADMIN_4232@qa.com.br",
            "password": "teste",
            "administrador": "true",
            "_id": "vTWwChY4Oe16F7M6"
        },
        {
            "nome": "Sofia QA ADMIN 7592",
            "email": "sofiaADMIN_7592@qa.com.br",
            "password": "teste",
            "administrador": "true",
            "_id": "xa4uzSUXA02ccy9R"
        },
        {
            "nome": "CLIENTE QA KUROMI 6090",
            "email": "clienteKuromi_6090@qa.com.br",
            "password": "teste",
            "administrador": "false",
            "_id": "xhmiYxuvejtp6wmj"
        },
        {
            "nome": "CLIENTE QA KUROMI 3978",
            "email": "clienteKuromi_3978@qa.com.br",
            "password": "teste",
            "administrador": "false",
            "_id": "xvrFpRhBdBd1HmfQ"
        },
        {
            "nome": "CLIENTE QA KUROMI 2031",
            "email": "clienteKuromi_2031@qa.com.br",
            "password": "teste",
            "administrador": "false",
            "_id": "y5kqgSKyIekv5Yni"
        },
        {
            "nome": "CLIENTE QA KUROMI 5503",
            "email": "clienteKuromi_5503@qa.com.br",
            "password": "teste",
            "administrador": "false",
            "_id": "yxIKl6PlVgeDOrvS"
        }
    ]
}

]]></system-out>
  </testcase>
  <testcase name="[1.4:28] Listar usuarios usando filtros - filtrar administradores" classname="Usuarios/Usuarios" time="0.857">
    <system-out><![CDATA[17:59:03.510 [main] INFO  com.intuit.karate - karate.env system property was: null 
17:59:03.515 [main] DEBUG com.intuit.karate - request:
1 > GET https://serverest.dev/usuarios
1 > Content-Type: application/json
1 > Host: serverest.dev
1 > Connection: Keep-Alive
1 > User-Agent: Apache-HttpClient/4.5.14 (Java/17.0.12)
1 > Accept-Encoding: gzip,deflate


17:59:04.127 [main] DEBUG com.intuit.karate - response time in milliseconds: 609
1 < 200
1 < access-control-allow-origin: *
1 < x-dns-prefetch-control: off
1 < x-frame-options: SAMEORIGIN
1 < strict-transport-security: max-age=15552000; includeSubDomains
1 < x-download-options: noopen
1 < x-content-type-options: nosniff
1 < x-xss-protection: 1; mode=block
1 < content-type: application/json; charset=utf-8
1 < x-cloud-trace-context: 06778c28e9c2b93af47c498dc85c3b9f;o=1
1 < date: Tue, 17 Mar 2026 22:59:05 GMT
1 < server: Google Frontend
1 < Content-Length: 12780
{
    "quantidade": 57,
    "usuarios": [
        {
            "nome": "Sofia QA ADMIN 3193",
            "email": "sofiaADMIN_3193@qa.com.br",
            "password": "teste",
            "administrador": "true",
            "_id": "08aUTBxljoXo2IaU"
        },
        {
            "nome": "Fulano da Silva",
            "email": "fulano@qa.com",
            "password": "teste",
            "administrador": "true",
            "_id": "0uxuPY0cbmQhpEz1"
        },
        {
            "nome": "CLIENTE QA KUROMI 2563",
            "email": "clienteKuromi_2563@qa.com.br",
            "password": "teste",
            "administrador": "false",
            "_id": "2RA1VvyfL9PFkzAg"
        },
        {
            "nome": "demian",
            "email": "demiangay@gmail.com",
            "password": "123",
            "administrador": "true",
            "_id": "2hn1qKbX1shUr9LL"
        },
        {
            "nome": "CLIENTE QA KUROMI 6492",
            "email": "clienteKuromi_6492@qa.com.br",
            "password": "teste",
            "administrador": "false",
            "_id": "3XjMfDFftfyramvi"
        },
        {
            "nome": "CLIENTE QA KUROMI 7150",
            "email": "clienteKuromi_7150@qa.com.br",
            "password": "teste",
            "administrador": "false",
            "_id": "3mCXqgaLEPTKwv6g"
        },
        {
            "nome": "CLIENTE QA KUROMI 393",
            "email": "clienteKuromi_393@qa.com.br",
            "password": "teste",
            "administrador": "false",
            "_id": "5MQjDy95J3arhraa"
        },
        {
            "nome": "CLIENTE QA KUROMI 4857",
            "email": "clienteKuromi_4857@qa.com.br",
            "password": "teste",
            "administrador": "false",
            "_id": "5WznbBZkKGPM7Jg9"
        },
        {
            "nome": "CLIENTE QA KUROMI 638",
            "email": "clienteKuromi_638@qa.com.br",
            "password": "teste",
            "administrador": "false",
            "_id": "7DUv0mZAVY98vQBL"
        },
        {
            "nome": "Sofia QA ADMIN 3446",
            "email": "sofiaADMIN_3446@qa.com.br",
            "password": "teste",
            "administrador": "true",
            "_id": "8ai5owWCkXTgoIu3"
        },
        {
            "nome": "Sofia QA ADMIN 4471",
            "email": "sofiaADMIN_4471@qa.com.br",
            "password": "teste",
            "administrador": "true",
            "_id": "8bKGyVm7AamuBDI1"
        },
        {
            "nome": "CLIENTE QA KUROMI 8414",
            "email": "clienteKuromi_8414@qa.com.br",
            "password": "teste",
            "administrador": "false",
            "_id": "9JgOYW1wTXwTfKA5"
        },
        {
            "nome": "Sofia QA ADMIN 436",
            "email": "sofiaADMIN_436@qa.com.br",
            "password": "teste",
            "administrador": "true",
            "_id": "FKZFsXipYiDgFK5s"
        },
        {
            "nome": "Sofia QA ADMIN 7408",
            "email": "sofiaADMIN_7408@qa.com.br",
            "password": "teste",
            "administrador": "true",
            "_id": "GKhg3qJ7LXGx6FmO"
        },
        {
            "nome": "CLIENTE QA KUROMI 5821",
            "email": "clienteKuromi_5821@qa.com.br",
            "password": "teste",
            "administrador": "false",
            "_id": "GoDaJvS6x36q3H8s"
        },
        {
            "nome": "E2E Token Test",
            "email": "e2e_1773788338244@qa.com",
            "password": "teste123",
            "administrador": "true",
            "_id": "HbDfa5XfU1uvTPzp"
        },
        {
            "nome": "Sofia QA ADMIN 7097",
            "email": "sofiaADMIN_7097@qa.com.br",
            "password": "teste",
            "administrador": "true",
            "_id": "HjRVTdbm2xk3SWjU"
        },
        {
            "nome": "CLIENTE QA KUROMI 6325",
            "email": "clienteKuromi_6325@qa.com.br",
            "password": "teste",
            "administrador": "false",
            "_id": "Jne0QNZvfgwuOHx7"
        },
        {
            "nome": "CLIENTE QA KUROMI 282",
            "email": "clienteKuromi_282@qa.com.br",
            "password": "teste",
            "administrador": "false",
            "_id": "KF2DkL0eEv0l42in"
        },
        {
            "nome": "Sofia QA ADMIN 6228",
            "email": "sofiaADMIN_6228@qa.com.br",
            "password": "teste",
            "administrador": "true",
            "_id": "LLS6rQMaSPTpoAlM"
        },
        {
            "nome": "CLIENTE QA KUROMI 3300",
            "email": "clienteKuromi_3300@qa.com.br",
            "password": "teste",
            "administrador": "false",
            "_id": "LRWxZLfRaLuFs0bA"
        },
        {
            "nome": "Usuario Test",
            "email": "usuario_1773787940284@qa.com",
            "password": "teste123",
            "administrador": "true",
            "_id": "LycawTmF6K465FVP"
        },
        {
            "nome": "Sofia QA ADMIN 9424",
            "email": "sofiaADMIN_9424@qa.com.br",
            "password": "teste",
            "administrador": "true",
            "_id": "M4rItfzbAMZ3pHFx"
        },
        {
            "nome": "Usuario Prueba 34SSSSS",
            "email": "usuarioPrueba3@qa.com.br",
            "password": "teste",
            "administrador": "true",
            "_id": "My23caWMtUaSkjNm"
        },
        {
            "nome": "Sundays Test",
            "email": "sundays@qa.com.br",
            "password": "teste",
            "administrador": "true",
            "_id": "PBXvmZxmjH6C7uUJ"
        },
        {
            "nome": "CLIENTE QA KUROMI 8940",
            "email": "clienteKuromi_8940@qa.com.br",
            "password": "teste",
            "administrador": "false",
            "_id": "PN82fu4udcW4Oxmy"
        },
        {
            "nome": "Sofia QA ADMIN 8558",
            "email": "sofiaADMIN_8558@qa.com.br",
            "password": "teste",
            "administrador": "true",
            "_id": "PpHd4Z8UTHtY3NVv"
        },
        {
            "nome": "CLIENTE QA KUROMI 6935",
            "email": "clienteKuromi_6935@qa.com.br",
            "password": "teste",
            "administrador": "false",
            "_id": "RsbJ8NvFBFrpTXI6"
        },
        {
            "nome": "CLIENTE QA KUROMI 6702",
            "email": "clienteKuromi_6702@qa.com.br",
            "password": "teste",
            "administrador": "false",
            "_id": "S4401ucaJK43xGcc"
        },
        {
            "nome": "Login Test",
            "email": "login_1773788332366@qa.com",
            "password": "teste123",
            "administrador": "true",
            "_id": "SWDxhO02Eo76AvSL"
        },
        {
            "nome": "Fulano da Silva",
            "email": "beltrano@qa.com.br",
            "password": "teste",
            "administrador": "true",
            "_id": "TcpmY7fyXzAD8vPW"
        },
        {
            "nome": "CLIENTE QA KUROMI 8026",
            "email": "clienteKuromi_8026@qa.com.br",
            "password": "teste",
            "administrador": "false",
            "_id": "TjbPXgnXTep2RjS1"
        },
        {
            "nome": "CLIENTE QA KUROMI 6030",
            "email": "clienteKuromi_6030@qa.com.br",
            "password": "teste",
            "administrador": "false",
            "_id": "X7tP6jih9FC6tDMp"
        },
        {
            "nome": "Demaingay",
            "email": "demaingay@gmail.com",
            "password": "123",
            "administrador": "true",
            "_id": "XsSuCpazzE5792cP"
        },
        {
            "nome": "Usuario Buscar",
            "email": "buscar_1773787941593@qa.com",
            "password": "teste123",
            "administrador": "true",
            "_id": "ZHK6FK8oeZbdaQ8R"
        },
        {
            "nome": "CLIENTE QA KUROMI 6383",
            "email": "clienteKuromi_6383@qa.com.br",
            "password": "teste",
            "administrador": "false",
            "_id": "arAUWQ8uRotYPnKL"
        },
        {
            "nome": "CLIENTE QA KUROMI 9487",
            "email": "clienteKuromi_9487@qa.com.br",
            "password": "teste",
            "administrador": "false",
            "_id": "bLYBXCMTQsQc4iCS"
        },
        {
            "nome": "Sofia QA ADMIN 2976",
            "email": "sofiaADMIN_2976@qa.com.br",
            "password": "teste",
            "administrador": "true",
            "_id": "cCT6gVQlgLqOGGRV"
        },
        {
            "nome": "Sofia QA ADMIN 4564",
            "email": "sofiaADMIN_4564@qa.com.br",
            "password": "teste",
            "administrador": "true",
            "_id": "edQ5ms7kkQ6O6O4R"
        },
        {
            "nome": "E2E Token Test",
            "email": "e2e_1773787933972@qa.com",
            "password": "teste123",
            "administrador": "true",
            "_id": "eqO1ZLPtaZXdb4YE"
        },
        {
            "nome": "Sofia QA ADMIN 3711",
            "email": "sofiaADMIN_3711@qa.com.br",
            "password": "teste",
            "administrador": "true",
            "_id": "frMQk3nzyIwDBmTc"
        },
        {
            "nome": "Sofia QA ADMIN 4039",
            "email": "sofiaADMIN_4039@qa.com.br",
            "password": "teste",
            "administrador": "true",
            "_id": "jO6GWD1dAJWmjrcy"
        },
        {
            "nome": "CLIENTE QA KUROMI 5128",
            "email": "clienteKuromi_5128@qa.com.br",
            "password": "teste",
            "administrador": "false",
            "_id": "nZweq1enXsj1KoIr"
        },
        {
            "nome": "Sofia QA ADMIN 3660",
            "email": "sofiaADMIN_3660@qa.com.br",
            "password": "teste",
            "administrador": "true",
            "_id": "oHnK2vBZwqgX1S8f"
        },
        {
            "nome": "Sofia QA ADMIN 6273",
            "email": "sofiaADMIN_6273@qa.com.br",
            "password": "teste",
            "administrador": "true",
            "_id": "q4j2jb2bQbm6PsIe"
        },
        {
            "nome": "Sofia QA ADMIN 9826",
            "email": "sofiaADMIN_9826@qa.com.br",
            "password": "teste",
            "administrador": "true",
            "_id": "qRi71ACzF4j0sM48"
        },
        {
            "nome": "Janaína Oliveira",
            "email": "qa_api_1773783987383_8nrmuy@mailinator.com",
            "password": "teste123",
            "administrador": "true",
            "_id": "sNw4IXoB2zYBf2qU"
        },
        {
            "nome": "Sofia QA ADMIN 8905",
            "email": "sofiaADMIN_8905@qa.com.br",
            "password": "teste",
            "administrador": "true",
            "_id": "shRVsNkh6PN1WatZ"
        },
        {
            "nome": "Sofia QA ADMIN 4633",
            "email": "sofiaADMIN_4633@qa.com.br",
            "password": "teste",
            "administrador": "true",
            "_id": "tE0I3o47BoC7AjCS"
        },
        {
            "nome": "Login Test",
            "email": "login_1773787927961@qa.com",
            "password": "teste123",
            "administrador": "true",
            "_id": "uUdCGqhw4dXST6pu"
        },
        {
            "nome": "Fulano",
            "email": "qa_fulano_1773783987856@mailinator.com",
            "password": "teste123",
            "administrador": "true",
            "_id": "uiBjBSh0nlmTKSdp"
        },
        {
            "nome": "Sofia QA ADMIN 4232",
            "email": "sofiaADMIN_4232@qa.com.br",
            "password": "teste",
            "administrador": "true",
            "_id": "vTWwChY4Oe16F7M6"
        },
        {
            "nome": "Sofia QA ADMIN 7592",
            "email": "sofiaADMIN_7592@qa.com.br",
            "password": "teste",
            "administrador": "true",
            "_id": "xa4uzSUXA02ccy9R"
        },
        {
            "nome": "CLIENTE QA KUROMI 6090",
            "email": "clienteKuromi_6090@qa.com.br",
            "password": "teste",
            "administrador": "false",
            "_id": "xhmiYxuvejtp6wmj"
        },
        {
            "nome": "CLIENTE QA KUROMI 3978",
            "email": "clienteKuromi_3978@qa.com.br",
            "password": "teste",
            "administrador": "false",
            "_id": "xvrFpRhBdBd1HmfQ"
        },
        {
            "nome": "CLIENTE QA KUROMI 2031",
            "email": "clienteKuromi_2031@qa.com.br",
            "password": "teste",
            "administrador": "false",
            "_id": "y5kqgSKyIekv5Yni"
        },
        {
            "nome": "CLIENTE QA KUROMI 5503",
            "email": "clienteKuromi_5503@qa.com.br",
            "password": "teste",
            "administrador": "false",
            "_id": "yxIKl6PlVgeDOrvS"
        }
    ]
}

---------------------------------------------------------
feature: classpath:Usuarios/Usuarios.feature
scenarios:  4 | passed:  4 | failed:  0 | time: 2.7513
---------------------------------------------------------

]]></system-out>
  </testcase>
  <testcase name="[1:12] Registro exitoso devuelve 201" classname="Usuarios/Registrar" time="0.631">
    <system-out><![CDATA[17:59:04.365 [main] INFO  com.intuit.karate - karate.env system property was: null 
17:59:04.378 [main] DEBUG com.intuit.karate - request:
1 > POST https://serverest.dev/usuarios
1 > Content-Type: application/json; charset=UTF-8
1 > Content-Length: 107
1 > Host: serverest.dev
1 > Connection: Keep-Alive
1 > User-Agent: Apache-HttpClient/4.5.14 (Java/17.0.12)
1 > Accept-Encoding: gzip,deflate
{"nome":"Usuario Test","email":"usuario_1773788344370@qa.com","password":"teste123","administrador":"true"}

17:59:04.987 [main] DEBUG com.intuit.karate - response time in milliseconds: 605
1 < 201
1 < access-control-allow-origin: *
1 < x-dns-prefetch-control: off
1 < x-frame-options: SAMEORIGIN
1 < strict-transport-security: max-age=15552000; includeSubDomains
1 < x-download-options: noopen
1 < x-content-type-options: nosniff
1 < x-xss-protection: 1; mode=block
1 < content-type: application/json; charset=utf-8
1 < x-cloud-trace-context: 50cf17486ac725d3c03e8e63e85cd426
1 < date: Tue, 17 Mar 2026 22:59:06 GMT
1 < server: Google Frontend
1 < Content-Length: 82
{
    "message": "Cadastro realizado com sucesso",
    "_id": "a6l6T7qLtQX8Siry"
}

]]></system-out>
  </testcase>
  <testcase name="[2:30] Registrar con email ya existente devuelve 400" classname="Usuarios/Registrar" time="0.707">
    <system-out><![CDATA[17:59:04.998 [main] INFO  com.intuit.karate - karate.env system property was: null 
17:59:05.001 [main] DEBUG com.intuit.karate - request:
1 > POST https://serverest.dev/usuarios
1 > Content-Type: application/json; charset=UTF-8
1 > Content-Length: 92
1 > Host: serverest.dev
1 > Connection: Keep-Alive
1 > User-Agent: Apache-HttpClient/4.5.14 (Java/17.0.12)
1 > Accept-Encoding: gzip,deflate
{"nome":"Fulano da Silva","email":"fulano@qa.com","password":"teste","administrador":"true"}

17:59:05.580 [main] DEBUG com.intuit.karate - response time in milliseconds: 577
1 < 400
1 < access-control-allow-origin: *
1 < x-dns-prefetch-control: off
1 < x-frame-options: SAMEORIGIN
1 < strict-transport-security: max-age=15552000; includeSubDomains
1 < x-download-options: noopen
1 < x-content-type-options: nosniff
1 < x-xss-protection: 1; mode=block
1 < content-type: application/json; charset=utf-8
1 < x-cloud-trace-context: fc92329e1422fcceb09210c9e6733a23
1 < date: Tue, 17 Mar 2026 22:59:07 GMT
1 < server: Google Frontend
1 < Content-Length: 53
{
    "message": "Este email já está sendo usado"
}

---------------------------------------------------------
feature: classpath:Usuarios/Registrar.feature
scenarios:  2 | passed:  2 | failed:  0 | time: 1.2113
---------------------------------------------------------

]]></system-out>
  </testcase>
  <testcase name="[1:13] Buscar usuario existente por ID devuelve 200" classname="Usuarios/BuscarUsuario" time="1.146">
    <system-out><![CDATA[17:59:05.717 [main] INFO  com.intuit.karate - karate.env system property was: null 
17:59:05.726 [main] DEBUG com.intuit.karate - request:
1 > POST https://serverest.dev/usuarios
1 > Content-Type: application/json; charset=UTF-8
1 > Content-Length: 108
1 > Host: serverest.dev
1 > Connection: Keep-Alive
1 > User-Agent: Apache-HttpClient/4.5.14 (Java/17.0.12)
1 > Accept-Encoding: gzip,deflate
{"nome":"Usuario Buscar","email":"buscar_1773788345724@qa.com","password":"teste123","administrador":"true"}

17:59:06.242 [main] DEBUG com.intuit.karate - response time in milliseconds: 513
1 < 201
1 < access-control-allow-origin: *
1 < x-dns-prefetch-control: off
1 < x-frame-options: SAMEORIGIN
1 < strict-transport-security: max-age=15552000; includeSubDomains
1 < x-download-options: noopen
1 < x-content-type-options: nosniff
1 < x-xss-protection: 1; mode=block
1 < content-type: application/json; charset=utf-8
1 < x-cloud-trace-context: cfbfb32074494a2e26b3d25eb3013674
1 < date: Tue, 17 Mar 2026 22:59:07 GMT
1 < server: Google Frontend
1 < Content-Length: 82
{
    "message": "Cadastro realizado com sucesso",
    "_id": "fX9jfhuWCDErUwtY"
}

17:59:06.254 [main] DEBUG com.intuit.karate - request:
2 > GET https://serverest.dev/usuarios/fX9jfhuWCDErUwtY
2 > Host: serverest.dev
2 > Connection: Keep-Alive
2 > User-Agent: Apache-HttpClient/4.5.14 (Java/17.0.12)
2 > Accept-Encoding: gzip,deflate


17:59:06.845 [main] DEBUG com.intuit.karate - response time in milliseconds: 589
2 < 200
2 < access-control-allow-origin: *
2 < x-dns-prefetch-control: off
2 < x-frame-options: SAMEORIGIN
2 < strict-transport-security: max-age=15552000; includeSubDomains
2 < x-download-options: noopen
2 < x-content-type-options: nosniff
2 < x-xss-protection: 1; mode=block
2 < content-type: application/json; charset=utf-8
2 < x-cloud-trace-context: 1296c70a141629838667b9f137531c5f
2 < date: Tue, 17 Mar 2026 22:59:08 GMT
2 < server: Google Frontend
2 < Content-Length: 164
{
    "nome": "Usuario Buscar",
    "email": "buscar_1773788345724@qa.com",
    "password": "teste123",
    "administrador": "true",
    "_id": "fX9jfhuWCDErUwtY"
}

]]></system-out>
  </testcase>
  <testcase name="[2:48] Buscar usuario con ID inexistente devuelve 400" classname="Usuarios/BuscarUsuario" time="0.947">
    <system-out><![CDATA[17:59:06.852 [main] INFO  com.intuit.karate - karate.env system property was: null 
17:59:06.855 [main] DEBUG com.intuit.karate - request:
1 > GET https://serverest.dev/usuarios/idquonoexiste123
1 > Content-Type: application/json
1 > Host: serverest.dev
1 > Connection: Keep-Alive
1 > User-Agent: Apache-HttpClient/4.5.14 (Java/17.0.12)
1 > Accept-Encoding: gzip,deflate


17:59:07.445 [main] DEBUG com.intuit.karate - response time in milliseconds: 590
1 < 400
1 < access-control-allow-origin: *
1 < x-dns-prefetch-control: off
1 < x-frame-options: SAMEORIGIN
1 < strict-transport-security: max-age=15552000; includeSubDomains
1 < x-download-options: noopen
1 < x-content-type-options: nosniff
1 < x-xss-protection: 1; mode=block
1 < content-type: application/json; charset=utf-8
1 < x-cloud-trace-context: 4b083f8ef36d23863e85ff84046d1662
1 < date: Tue, 17 Mar 2026 22:59:09 GMT
1 < server: Google Frontend
1 < Content-Length: 45
{
    "message": "Usuário não encontrado"
}

---------------------------------------------------------
feature: classpath:Usuarios/BuscarUsuario.feature
scenarios:  2 | passed:  2 | failed:  0 | time: 1.7210
---------------------------------------------------------

Karate version: 1.5.0
======================================================
elapsed:  17.39 | threads:    1 | thread time: 13.24 
features:     4 | skipped:    0 | efficiency: 0.76
scenarios:   16 | passed:    16 | failed: 0
======================================================

HTML report: (paste into browser to view) | Karate version: 1.5.0
file:///C:/Automatización/Karate%20DSL/target/karate-reports/karate-summary.html
===================================================================

]]></system-out>
  </testcase>
</testsuite>