<?xml version="1.0" encoding="UTF-8"?>
<testsuite xmlns:xsi="http://www.w3.org/2001/XMLSchema-instance" xsi:noNamespaceSchemaLocation="https://maven.apache.org/surefire/maven-surefire-plugin/xsd/surefire-test-report-3.0.xsd" version="3.0" name="Usuarios.LoginRunner" time="20.181" tests="16" errors="0" skipped="0" failures="0">
  <properties>
[...]
</properties>
  <testcase name="[1:12] Login exitoso con credenciales válidas" classname="Usuarios/Login" time="4.585">
    <system-out><![CDATA[17:52:05.754 [main] DEBUG com.intuit.karate.Suite - [config] classpath:karate-config.js
17:52:07.871 [main] INFO  com.intuit.karate - karate.env system property was: null 
17:52:08.704 [main] DEBUG com.intuit.karate - request:
1 > POST https://serverest.dev/usuarios
1 > Content-Type: application/json; charset=UTF-8
1 > Content-Length: 103
1 > Host: serverest.dev
1 > Connection: Keep-Alive
1 > User-Agent: Apache-HttpClient/4.5.14 (Java/17.0.12)
1 > Accept-Encoding: gzip,deflate
{"nome":"Login Test","email":"login_1773787927961@qa.com","password":"teste123","administrador":"true"}

17:52:09.840 [main] DEBUG com.intuit.karate - response time in milliseconds: 1131
1 < 201
1 < access-control-allow-origin: *
1 < x-dns-prefetch-control: off
1 < x-frame-options: SAMEORIGIN
1 < strict-transport-security: max-age=15552000; includeSubDomains
1 < x-download-options: noopen
1 < x-content-type-options: nosniff
1 < x-xss-protection: 1; mode=block
1 < content-type: application/json; charset=utf-8
1 < x-cloud-trace-context: ec1ddd36a53e1041e30d1ded612c7b6b;o=1
1 < date: Tue, 17 Mar 2026 22:52:11 GMT
1 < server: Google Frontend
1 < Content-Length: 82
{
    "message": "Cadastro realizado com sucesso",
    "_id": "uUdCGqhw4dXST6pu"
}

17:52:09.846 [main] DEBUG com.intuit.karate - request:
2 > POST https://serverest.dev/login
2 > Content-Type: application/json; charset=UTF-8
2 > Content-Length: 60
2 > Host: serverest.dev
2 > Connection: Keep-Alive
2 > User-Agent: Apache-HttpClient/4.5.14 (Java/17.0.12)
2 > Accept-Encoding: gzip,deflate
{"email":"login_1773787927961@qa.com","password":"teste123"}

17:52:10.313 [main] DEBUG com.intuit.karate - response time in milliseconds: 467
2 < 200
2 < access-control-allow-origin: *
2 < x-dns-prefetch-control: off
2 < x-frame-options: SAMEORIGIN
2 < strict-transport-security: max-age=15552000; includeSubDomains
2 < x-download-options: noopen
2 < x-content-type-options: nosniff
2 < x-xss-protection: 1; mode=block
2 < content-type: application/json; charset=utf-8
2 < x-cloud-trace-context: 6a2682329958f49710a86572407429f3
2 < date: Tue, 17 Mar 2026 22:52:11 GMT
2 < server: Google Frontend
2 < Content-Length: 287
{
    "message": "Login realizado com sucesso",
    "authorization": "Bearer eyJhbGciOiJIUzI1NiIsInR5cCI6IkpXVCJ9.eyJlbWFpbCI6ImxvZ2luXzE3NzM3ODc5Mjc5NjFAcWEuY29tIiwicGFzc3dvcmQiOiJ0ZXN0ZTEyMyIsImlhdCI6MTc3Mzc4NzkzMSwiZXhwIjoxNzczNzg4NTMxfQ.R8WWXlZLvDLPPjHm349i-irZQin7SDYIbbCdP5EDMEk"
}

]]></system-out>
  </testcase>
  <testcase name="[2:38] Login sin email devuelve 400" classname="Usuarios/Login" time="0.603">
    <system-out><![CDATA[17:52:10.427 [main] INFO  com.intuit.karate - karate.env system property was: null 
17:52:10.436 [main] DEBUG com.intuit.karate - request:
1 > POST https://serverest.dev/login
1 > Content-Type: application/json; charset=UTF-8
1 > Content-Length: 23
1 > Host: serverest.dev
1 > Connection: Keep-Alive
1 > User-Agent: Apache-HttpClient/4.5.14 (Java/17.0.12)
1 > Accept-Encoding: gzip,deflate
{"password":"teste123"}

17:52:11.005 [main] DEBUG com.intuit.karate - response time in milliseconds: 568
1 < 400
1 < access-control-allow-origin: *
1 < x-dns-prefetch-control: off
1 < x-frame-options: SAMEORIGIN
1 < strict-transport-security: max-age=15552000; includeSubDomains
1 < x-download-options: noopen
1 < x-content-type-options: nosniff
1 < x-xss-protection: 1; mode=block
1 < content-type: application/json; charset=utf-8
1 < x-cloud-trace-context: 44f31df1895d3d79115758d50361591e
1 < date: Tue, 17 Mar 2026 22:52:12 GMT
1 < server: Google Frontend
1 < Content-Length: 40
{
    "email": "email é obrigatório"
}

]]></system-out>
  </testcase>
  <testcase name="[3:46] Login sin password devuelve 400" classname="Usuarios/Login" time="0.523">
    <system-out><![CDATA[17:52:11.020 [main] INFO  com.intuit.karate - karate.env system property was: null 
17:52:11.028 [main] DEBUG com.intuit.karate - request:
1 > POST https://serverest.dev/login
1 > Content-Type: application/json; charset=UTF-8
1 > Content-Length: 25
1 > Host: serverest.dev
1 > Connection: Keep-Alive
1 > User-Agent: Apache-HttpClient/4.5.14 (Java/17.0.12)
1 > Accept-Encoding: gzip,deflate
{"email":"fulano@qa.com"}

17:52:11.530 [main] DEBUG com.intuit.karate - response time in milliseconds: 500
1 < 400
1 < access-control-allow-origin: *
1 < x-dns-prefetch-control: off
1 < x-frame-options: SAMEORIGIN
1 < strict-transport-security: max-age=15552000; includeSubDomains
1 < x-download-options: noopen
1 < x-content-type-options: nosniff
1 < x-xss-protection: 1; mode=block
1 < content-type: application/json; charset=utf-8
1 < x-cloud-trace-context: c57db13631040583e00f9c0326a9aff9
1 < date: Tue, 17 Mar 2026 22:52:13 GMT
1 < server: Google Frontend
1 < Content-Length: 46
{
    "password": "password é obrigatório"
}

]]></system-out>
  </testcase>
  <testcase name="[4:54] Login con password incorrecto devuelve 401" classname="Usuarios/Login" time="0.625">
    <system-out><![CDATA[17:52:11.540 [main] INFO  com.intuit.karate - karate.env system property was: null 
17:52:11.549 [main] DEBUG com.intuit.karate - request:
1 > POST https://serverest.dev/login
1 > Content-Type: application/json; charset=UTF-8
1 > Content-Length: 45
1 > Host: serverest.dev
1 > Connection: Keep-Alive
1 > User-Agent: Apache-HttpClient/4.5.14 (Java/17.0.12)
1 > Accept-Encoding: gzip,deflate
{"email":"fulano@qa.com","password":"123456"}

17:52:12.163 [main] DEBUG com.intuit.karate - response time in milliseconds: 614
1 < 401
1 < access-control-allow-origin: *
1 < x-dns-prefetch-control: off
1 < x-frame-options: SAMEORIGIN
1 < strict-transport-security: max-age=15552000; includeSubDomains
1 < x-download-options: noopen
1 < x-content-type-options: nosniff
1 < x-xss-protection: 1; mode=block
1 < content-type: application/json; charset=utf-8
1 < x-cloud-trace-context: 30f3806fc46e9a8389dd86063a0c07b0
1 < date: Tue, 17 Mar 2026 22:52:13 GMT
1 < server: Google Frontend
1 < Content-Length: 48
{
    "message": "Email e/ou senha inválidos"
}

]]></system-out>
  </testcase>
  <testcase name="[5.1:83] Login con credenciales inválidas — email inexistente" classname="Usuarios/Login" time="0.671">
    <system-out><![CDATA[17:52:12.181 [main] INFO  com.intuit.karate - karate.env system property was: null 
17:52:12.181 [main] DEBUG com.intuit.karate - request:
1 > POST https://serverest.dev/login
1 > Content-Type: application/json; charset=UTF-8
1 > Content-Length: 48
1 > Host: serverest.dev
1 > Connection: Keep-Alive
1 > User-Agent: Apache-HttpClient/4.5.14 (Java/17.0.12)
1 > Accept-Encoding: gzip,deflate
{"email":"ghost@test.com","password":"teste123"}

17:52:12.820 [main] DEBUG com.intuit.karate - response time in milliseconds: 639
1 < 401
1 < access-control-allow-origin: *
1 < x-dns-prefetch-control: off
1 < x-frame-options: SAMEORIGIN
1 < strict-transport-security: max-age=15552000; includeSubDomains
1 < x-download-options: noopen
1 < x-content-type-options: nosniff
1 < x-xss-protection: 1; mode=block
1 < content-type: application/json; charset=utf-8
1 < x-cloud-trace-context: b95d5e5a185da680235a7fd4005473d1
1 < date: Tue, 17 Mar 2026 22:52:14 GMT
1 < server: Google Frontend
1 < Content-Length: 48
{
    "message": "Email e/ou senha inválidos"
}

]]></system-out>
  </testcase>
  <testcase name="[5.2:84] Login con credenciales inválidas — password incorrecto" classname="Usuarios/Login" time="0.47">
    <system-out><![CDATA[17:52:12.842 [main] INFO  com.intuit.karate - karate.env system property was: null 
17:52:12.851 [main] DEBUG com.intuit.karate - request:
1 > POST https://serverest.dev/login
1 > Content-Type: application/json; charset=UTF-8
1 > Content-Length: 48
1 > Host: serverest.dev
1 > Connection: Keep-Alive
1 > User-Agent: Apache-HttpClient/4.5.14 (Java/17.0.12)
1 > Accept-Encoding: gzip,deflate
{"email":"fulano@qa.com","password":"wrongpass"}

17:52:13.306 [main] DEBUG com.intuit.karate - response time in milliseconds: 452
1 < 401
1 < access-control-allow-origin: *
1 < x-dns-prefetch-control: off
1 < x-frame-options: SAMEORIGIN
1 < strict-transport-security: max-age=15552000; includeSubDomains
1 < x-download-options: noopen
1 < x-content-type-options: nosniff
1 < x-xss-protection: 1; mode=block
1 < content-type: application/json; charset=utf-8
1 < x-cloud-trace-context: 6452a9cc96cbabf0ef89b43fadbb2a06
1 < date: Tue, 17 Mar 2026 22:52:14 GMT
1 < server: Google Frontend
1 < Content-Length: 48
{
    "message": "Email e/ou senha inválidos"
}

]]></system-out>
  </testcase>
  <testcase name="[5.3:85] Login con credenciales inválidas — ambos incorrectos" classname="Usuarios/Login" time="0.646">
    <system-out><![CDATA[17:52:13.319 [main] INFO  com.intuit.karate - karate.env system property was: null 
17:52:13.324 [main] DEBUG com.intuit.karate - request:
1 > POST https://serverest.dev/login
1 > Content-Type: application/json; charset=UTF-8
1 > Content-Length: 46
1 > Host: serverest.dev
1 > Connection: Keep-Alive
1 > User-Agent: Apache-HttpClient/4.5.14 (Java/17.0.12)
1 > Accept-Encoding: gzip,deflate
{"email":"fake@fake.com","password":"fake123"}

17:52:13.955 [main] DEBUG com.intuit.karate - response time in milliseconds: 630
1 < 401
1 < access-control-allow-origin: *
1 < x-dns-prefetch-control: off
1 < x-frame-options: SAMEORIGIN
1 < strict-transport-security: max-age=15552000; includeSubDomains
1 < x-download-options: noopen
1 < x-content-type-options: nosniff
1 < x-xss-protection: 1; mode=block
1 < content-type: application/json; charset=utf-8
1 < x-cloud-trace-context: 4fe98682bf7b40c1228e4fa32921b8b5
1 < date: Tue, 17 Mar 2026 22:52:15 GMT
1 < server: Google Frontend
1 < Content-Length: 48
{
    "message": "Email e/ou senha inválidos"
}

]]></system-out>
  </testcase>
  <testcase name="[6:88] Usar token obtenido para acceder a endpoint protegido" classname="Usuarios/Login" time="3.268">
    <system-out><![CDATA[17:52:13.969 [main] INFO  com.intuit.karate - karate.env system property was: null 
17:52:13.975 [main] DEBUG com.intuit.karate - request:
1 > POST https://serverest.dev/usuarios
1 > Content-Type: application/json; charset=UTF-8
1 > Content-Length: 105
1 > Host: serverest.dev
1 > Connection: Keep-Alive
1 > User-Agent: Apache-HttpClient/4.5.14 (Java/17.0.12)
1 > Accept-Encoding: gzip,deflate
{"nome":"E2E Token Test","email":"e2e_1773787933972@qa.com","password":"teste123","administrador":"true"}

17:52:14.538 [main] DEBUG com.intuit.karate - response time in milliseconds: 563
1 < 201
1 < access-control-allow-origin: *
1 < x-dns-prefetch-control: off
1 < x-frame-options: SAMEORIGIN
1 < strict-transport-security: max-age=15552000; includeSubDomains
1 < x-download-options: noopen
1 < x-content-type-options: nosniff
1 < x-xss-protection: 1; mode=block
1 < content-type: application/json; charset=utf-8
1 < x-cloud-trace-context: c7f088adc97734b669be1b8a486b6fc1
1 < date: Tue, 17 Mar 2026 22:52:16 GMT
1 < server: Google Frontend
1 < Content-Length: 82
{
    "message": "Cadastro realizado com sucesso",
    "_id": "eqO1ZLPtaZXdb4YE"
}

17:52:14.538 [main] DEBUG com.intuit.karate - request:
2 > POST https://serverest.dev/login
2 > Content-Type: application/json; charset=UTF-8
2 > Content-Length: 58
2 > Host: serverest.dev
2 > Connection: Keep-Alive
2 > User-Agent: Apache-HttpClient/4.5.14 (Java/17.0.12)
2 > Accept-Encoding: gzip,deflate
{"email":"e2e_1773787933972@qa.com","password":"teste123"}

17:52:15.111 [main] DEBUG com.intuit.karate - response time in milliseconds: 573
2 < 200
2 < access-control-allow-origin: *
2 < x-dns-prefetch-control: off
2 < x-frame-options: SAMEORIGIN
2 < strict-transport-security: max-age=15552000; includeSubDomains
2 < x-download-options: noopen
2 < x-content-type-options: nosniff
2 < x-xss-protection: 1; mode=block
2 < content-type: application/json; charset=utf-8
2 < x-cloud-trace-context: 2ac3bdefe575eaaff5004b6c46160b87
2 < date: Tue, 17 Mar 2026 22:52:16 GMT
2 < server: Google Frontend
2 < Content-Length: 284
{
    "message": "Login realizado com sucesso",
    "authorization": "Bearer eyJhbGciOiJIUzI1NiIsInR5cCI6IkpXVCJ9.eyJlbWFpbCI6ImUyZV8xNzczNzg3OTMzOTcyQHFhLmNvbSIsInBhc3N3b3JkIjoidGVzdGUxMjMiLCJpYXQiOjE3NzM3ODc5MzYsImV4cCI6MTc3Mzc4ODUzNn0.oVO2m4WUpE8kP2iJxt8z2OXZIqWlAHrF5IFPc9bHYhM"
}

17:52:15.117 [main] DEBUG com.intuit.karate - request:
3 > GET https://serverest.dev/carrinhos
3 > Authorization: Bearer eyJhbGciOiJIUzI1NiIsInR5cCI6IkpXVCJ9.eyJlbWFpbCI6ImUyZV8xNzczNzg3OTMzOTcyQHFhLmNvbSIsInBhc3N3b3JkIjoidGVzdGUxMjMiLCJpYXQiOjE3NzM3ODc5MzYsImV4cCI6MTc3Mzc4ODUzNn0.oVO2m4WUpE8kP2iJxt8z2OXZIqWlAHrF5IFPc9bHYhM
3 > Host: serverest.dev
3 > Connection: Keep-Alive
3 > User-Agent: Apache-HttpClient/4.5.14 (Java/17.0.12)
3 > Accept-Encoding: gzip,deflate


17:52:15.729 [main] DEBUG com.intuit.karate - response time in milliseconds: 610
3 < 200
3 < access-control-allow-origin: *
3 < x-dns-prefetch-control: off
3 < x-frame-options: SAMEORIGIN
3 < strict-transport-security: max-age=15552000; includeSubDomains
3 < x-download-options: noopen
3 < x-content-type-options: nosniff
3 < x-xss-protection: 1; mode=block
3 < content-type: application/json; charset=utf-8
3 < x-cloud-trace-context: f5d0e53093c0bde118630225588e0483
3 < date: Tue, 17 Mar 2026 22:52:17 GMT
3 < server: Google Frontend
3 < Content-Length: 595
{
    "quantidade": 1,
    "carrinhos": [
        {
            "produtos": [
                {
                    "idProduto": "BeeJh5lz3k6kSIzA",
                    "quantidade": 2,
                    "precoUnitario": 470
                },
                {
                    "idProduto": "K6leHdftCeOJj8BJ",
                    "quantidade": 1,
                    "precoUnitario": 5240
                }
            ],
            "precoTotal": 6180,
            "quantidadeTotal": 3,
            "idUsuario": "0uxuPY0cbmQhpEz1",
            "_id": "qbMqntef4iTOwWfg"
        }
    ]
}

---------------------------------------------------------
feature: classpath:Usuarios/Login.feature
scenarios:  8 | passed:  8 | failed:  0 | time: 7.6771
---------------------------------------------------------

]]></system-out>
  </testcase>
  <testcase name="[1.1:25] Listar usuarios usando filtros - listar todos los usuarios" classname="Usuarios/Usuarios" time="0.743">
    <system-out><![CDATA[17:52:17.271 [main] INFO  com.intuit.karate - karate.env system property was: null 
17:52:17.294 [main] DEBUG com.intuit.karate - request:
1 > GET https://serverest.dev/usuarios
1 > Content-Type: application/json
1 > Host: serverest.dev
1 > Connection: Keep-Alive
1 > User-Agent: Apache-HttpClient/4.5.14 (Java/17.0.12)
1 > Accept-Encoding: gzip,deflate


17:52:17.968 [main] DEBUG com.intuit.karate - response time in milliseconds: 671
1 < 200
1 < access-control-allow-origin: *
1 < x-dns-prefetch-control: off
1 < x-frame-options: SAMEORIGIN
1 < strict-transport-security: max-age=15552000; includeSubDomains
1 < x-download-options: noopen
1 < x-content-type-options: nosniff
1 < x-xss-protection: 1; mode=block
1 < content-type: application/json; charset=utf-8
1 < x-cloud-trace-context: 2427f909cbc41da93a8b37e1b5470a69
1 < date: Tue, 17 Mar 2026 22:52:19 GMT
1 < server: Google Frontend
1 < Content-Length: 11896
{
    "quantidade": 53,
    "usuarios": [
        {
            "nome": "Sofia QA ADMIN 3193",
            "email": "sofiaADMIN_3193@qa.com.br",
            "password": "teste",
            "administrador": "true",
            "_id": "08aUTBxljoXo2IaU"
        },
        {
            "nome": "Fulano da Silva",
            "email": "fulano@qa.com",
            "password": "teste",
            "administrador": "true",
            "_id": "0uxuPY0cbmQhpEz1"
        },
        {
            "nome": "CLIENTE QA KUROMI 2563",
            "email": "clienteKuromi_2563@qa.com.br",
            "password": "teste",
            "administrador": "false",
            "_id": "2RA1VvyfL9PFkzAg"
        },
        {
            "nome": "demian",
            "email": "demiangay@gmail.com",
            "password": "123",
            "administrador": "true",
            "_id": "2hn1qKbX1shUr9LL"
        },
        {
            "nome": "CLIENTE QA KUROMI 6492",
            "email": "clienteKuromi_6492@qa.com.br",
            "password": "teste",
            "administrador": "false",
            "_id": "3XjMfDFftfyramvi"
        },
        {
            "nome": "CLIENTE QA KUROMI 7150",
            "email": "clienteKuromi_7150@qa.com.br",
            "password": "teste",
            "administrador": "false",
            "_id": "3mCXqgaLEPTKwv6g"
        },
        {
            "nome": "CLIENTE QA KUROMI 393",
            "email": "clienteKuromi_393@qa.com.br",
            "password": "teste",
            "administrador": "false",
            "_id": "5MQjDy95J3arhraa"
        },
        {
            "nome": "CLIENTE QA KUROMI 4857",
            "email": "clienteKuromi_4857@qa.com.br",
            "password": "teste",
            "administrador": "false",
            "_id": "5WznbBZkKGPM7Jg9"
        },
        {
            "nome": "CLIENTE QA KUROMI 638",
            "email": "clienteKuromi_638@qa.com.br",
            "password": "teste",
            "administrador": "false",
            "_id": "7DUv0mZAVY98vQBL"
        },
        {
            "nome": "Sofia QA ADMIN 3446",
            "email": "sofiaADMIN_3446@qa.com.br",
            "password": "teste",
            "administrador": "true",
            "_id": "8ai5owWCkXTgoIu3"
        },
        {
            "nome": "Sofia QA ADMIN 4471",
            "email": "sofiaADMIN_4471@qa.com.br",
            "password": "teste",
            "administrador": "true",
            "_id": "8bKGyVm7AamuBDI1"
        },
        {
            "nome": "CLIENTE QA KUROMI 8414",
            "email": "clienteKuromi_8414@qa.com.br",
            "password": "teste",
            "administrador": "false",
            "_id": "9JgOYW1wTXwTfKA5"
        },
        {
            "nome": "Sofia QA ADMIN 436",
            "email": "sofiaADMIN_436@qa.com.br",
            "password": "teste",
            "administrador": "true",
            "_id": "FKZFsXipYiDgFK5s"
        },
        {
            "nome": "Sofia QA ADMIN 7408",
            "email": "sofiaADMIN_7408@qa.com.br",
            "password": "teste",
            "administrador": "true",
            "_id": "GKhg3qJ7LXGx6FmO"
        },
        {
            "nome": "CLIENTE QA KUROMI 5821",
            "email": "clienteKuromi_5821@qa.com.br",
            "password": "teste",
            "administrador": "false",
            "_id": "GoDaJvS6x36q3H8s"
        },
        {
            "nome": "Sofia QA ADMIN 7097",
            "email": "sofiaADMIN_7097@qa.com.br",
            "password": "teste",
            "administrador": "true",
            "_id": "HjRVTdbm2xk3SWjU"
        },
        {
            "nome": "CLIENTE QA KUROMI 6325",
            "email": "clienteKuromi_6325@qa.com.br",
            "password": "teste",
            "administrador": "false",
            "_id": "Jne0QNZvfgwuOHx7"
        },
        {
            "nome": "CLIENTE QA KUROMI 282",
            "email": "clienteKuromi_282@qa.com.br",
            "password": "teste",
            "administrador": "false",
            "_id": "KF2DkL0eEv0l42in"
        },
        {
            "nome": "Sofia QA ADMIN 6228",
            "email": "sofiaADMIN_6228@qa.com.br",
            "password": "teste",
            "administrador": "true",
            "_id": "LLS6rQMaSPTpoAlM"
        },
        {
            "nome": "CLIENTE QA KUROMI 3300",
            "email": "clienteKuromi_3300@qa.com.br",
            "password": "teste",
            "administrador": "false",
            "_id": "LRWxZLfRaLuFs0bA"
        },
        {
            "nome": "Sofia QA ADMIN 9424",
            "email": "sofiaADMIN_9424@qa.com.br",
            "password": "teste",
            "administrador": "true",
            "_id": "M4rItfzbAMZ3pHFx"
        },
        {
            "nome": "Usuario Prueba 34",
            "email": "usuarioPrueba3@qa.com.br",
            "password": "teste",
            "administrador": "true",
            "_id": "My23caWMtUaSkjNm"
        },
        {
            "nome": "Sundays Test",
            "email": "sundays@qa.com.br",
            "password": "teste",
            "administrador": "true",
            "_id": "PBXvmZxmjH6C7uUJ"
        },
        {
            "nome": "CLIENTE QA KUROMI 8940",
            "email": "clienteKuromi_8940@qa.com.br",
            "password": "teste",
            "administrador": "false",
            "_id": "PN82fu4udcW4Oxmy"
        },
        {
            "nome": "Sofia QA ADMIN 8558",
            "email": "sofiaADMIN_8558@qa.com.br",
            "password": "teste",
            "administrador": "true",
            "_id": "PpHd4Z8UTHtY3NVv"
        },
        {
            "nome": "CLIENTE QA KUROMI 6935",
            "email": "clienteKuromi_6935@qa.com.br",
            "password": "teste",
            "administrador": "false",
            "_id": "RsbJ8NvFBFrpTXI6"
        },
        {
            "nome": "CLIENTE QA KUROMI 6702",
            "email": "clienteKuromi_6702@qa.com.br",
            "password": "teste",
            "administrador": "false",
            "_id": "S4401ucaJK43xGcc"
        },
        {
            "nome": "Fulano da Silva",
            "email": "beltrano@qa.com.br",
            "password": "teste",
            "administrador": "true",
            "_id": "TcpmY7fyXzAD8vPW"
        },
        {
            "nome": "CLIENTE QA KUROMI 8026",
            "email": "clienteKuromi_8026@qa.com.br",
            "password": "teste",
            "administrador": "false",
            "_id": "TjbPXgnXTep2RjS1"
        },
        {
            "nome": "CLIENTE QA KUROMI 6030",
            "email": "clienteKuromi_6030@qa.com.br",
            "password": "teste",
            "administrador": "false",
            "_id": "X7tP6jih9FC6tDMp"
        },
        {
            "nome": "Demaingay",
            "email": "demaingay@gmail.com",
            "password": "123",
            "administrador": "true",
            "_id": "XsSuCpazzE5792cP"
        },
        {
            "nome": "CLIENTE QA KUROMI 6383",
            "email": "clienteKuromi_6383@qa.com.br",
            "password": "teste",
            "administrador": "false",
            "_id": "arAUWQ8uRotYPnKL"
        },
        {
            "nome": "CLIENTE QA KUROMI 9487",
            "email": "clienteKuromi_9487@qa.com.br",
            "password": "teste",
            "administrador": "false",
            "_id": "bLYBXCMTQsQc4iCS"
        },
        {
            "nome": "Sofia QA ADMIN 2976",
            "email": "sofiaADMIN_2976@qa.com.br",
            "password": "teste",
            "administrador": "true",
            "_id": "cCT6gVQlgLqOGGRV"
        },
        {
            "nome": "Sofia QA ADMIN 4564",
            "email": "sofiaADMIN_4564@qa.com.br",
            "password": "teste",
            "administrador": "true",
            "_id": "edQ5ms7kkQ6O6O4R"
        },
        {
            "nome": "E2E Token Test",
            "email": "e2e_1773787933972@qa.com",
            "password": "teste123",
            "administrador": "true",
            "_id": "eqO1ZLPtaZXdb4YE"
        },
        {
            "nome": "Sofia QA ADMIN 3711",
            "email": "sofiaADMIN_3711@qa.com.br",
            "password": "teste",
            "administrador": "true",
            "_id": "frMQk3nzyIwDBmTc"
        },
        {
            "nome": "Sofia QA ADMIN 4039",
            "email": "sofiaADMIN_4039@qa.com.br",
            "password": "teste",
            "administrador": "true",
            "_id": "jO6GWD1dAJWmjrcy"
        },
        {
            "nome": "CLIENTE QA KUROMI 5128",
            "email": "clienteKuromi_5128@qa.com.br",
            "password": "teste",
            "administrador": "false",
            "_id": "nZweq1enXsj1KoIr"
        },
        {
            "nome": "Sofia QA ADMIN 3660",
            "email": "sofiaADMIN_3660@qa.com.br",
            "password": "teste",
            "administrador": "true",
            "_id": "oHnK2vBZwqgX1S8f"
        },
        {
            "nome": "Sofia QA ADMIN 6273",
            "email": "sofiaADMIN_6273@qa.com.br",
            "password": "teste",
            "administrador": "true",
            "_id": "q4j2jb2bQbm6PsIe"
        },
        {
            "nome": "Sofia QA ADMIN 9826",
            "email": "sofiaADMIN_9826@qa.com.br",
            "password": "teste",
            "administrador": "true",
            "_id": "qRi71ACzF4j0sM48"
        },
        {
            "nome": "Janaína Oliveira",
            "email": "qa_api_1773783987383_8nrmuy@mailinator.com",
            "password": "teste123",
            "administrador": "true",
            "_id": "sNw4IXoB2zYBf2qU"
        },
        {
            "nome": "Sofia QA ADMIN 8905",
            "email": "sofiaADMIN_8905@qa.com.br",
            "password": "teste",
            "administrador": "true",
            "_id": "shRVsNkh6PN1WatZ"
        },
        {
            "nome": "Sofia QA ADMIN 4633",
            "email": "sofiaADMIN_4633@qa.com.br",
            "password": "teste",
            "administrador": "true",
            "_id": "tE0I3o47BoC7AjCS"
        },
        {
            "nome": "Login Test",
            "email": "login_1773787927961@qa.com",
            "password": "teste123",
            "administrador": "true",
            "_id": "uUdCGqhw4dXST6pu"
        },
        {
            "nome": "Fulano",
            "email": "qa_fulano_1773783987856@mailinator.com",
            "password": "teste123",
            "administrador": "true",
            "_id": "uiBjBSh0nlmTKSdp"
        },
        {
            "nome": "Sofia QA ADMIN 4232",
            "email": "sofiaADMIN_4232@qa.com.br",
            "password": "teste",
            "administrador": "true",
            "_id": "vTWwChY4Oe16F7M6"
        },
        {
            "nome": "Sofia QA ADMIN 7592",
            "email": "sofiaADMIN_7592@qa.com.br",
            "password": "teste",
            "administrador": "true",
            "_id": "xa4uzSUXA02ccy9R"
        },
        {
            "nome": "CLIENTE QA KUROMI 6090",
            "email": "clienteKuromi_6090@qa.com.br",
            "password": "teste",
            "administrador": "false",
            "_id": "xhmiYxuvejtp6wmj"
        },
        {
            "nome": "CLIENTE QA KUROMI 3978",
            "email": "clienteKuromi_3978@qa.com.br",
            "password": "teste",
            "administrador": "false",
            "_id": "xvrFpRhBdBd1HmfQ"
        },
        {
            "nome": "CLIENTE QA KUROMI 2031",
            "email": "clienteKuromi_2031@qa.com.br",
            "password": "teste",
            "administrador": "false",
            "_id": "y5kqgSKyIekv5Yni"
        },
        {
            "nome": "CLIENTE QA KUROMI 5503",
            "email": "clienteKuromi_5503@qa.com.br",
            "password": "teste",
            "administrador": "false",
            "_id": "yxIKl6PlVgeDOrvS"
        }
    ]
}

]]></system-out>
  </testcase>
  <testcase name="[1.2:26] Listar usuarios usando filtros - filtrar por nombre" classname="Usuarios/Usuarios" time="0.657">
    <system-out><![CDATA[17:52:17.986 [main] INFO  com.intuit.karate - karate.env system property was: null 
17:52:17.993 [main] DEBUG com.intuit.karate - request:
1 > GET https://serverest.dev/usuarios
1 > Content-Type: application/json
1 > Host: serverest.dev
1 > Connection: Keep-Alive
1 > User-Agent: Apache-HttpClient/4.5.14 (Java/17.0.12)
1 > Accept-Encoding: gzip,deflate


17:52:18.620 [main] DEBUG com.intuit.karate - response time in milliseconds: 627
1 < 200
1 < access-control-allow-origin: *
1 < x-dns-prefetch-control: off
1 < x-frame-options: SAMEORIGIN
1 < strict-transport-security: max-age=15552000; includeSubDomains
1 < x-download-options: noopen
1 < x-content-type-options: nosniff
1 < x-xss-protection: 1; mode=block
1 < content-type: application/json; charset=utf-8
1 < x-cloud-trace-context: 9c584ffa51b495e5d2dd4beee129844d
1 < date: Tue, 17 Mar 2026 22:52:20 GMT
1 < server: Google Frontend
1 < Content-Length: 11896
{
    "quantidade": 53,
    "usuarios": [
        {
            "nome": "Sofia QA ADMIN 3193",
            "email": "sofiaADMIN_3193@qa.com.br",
            "password": "teste",
            "administrador": "true",
            "_id": "08aUTBxljoXo2IaU"
        },
        {
            "nome": "Fulano da Silva",
            "email": "fulano@qa.com",
            "password": "teste",
            "administrador": "true",
            "_id": "0uxuPY0cbmQhpEz1"
        },
        {
            "nome": "CLIENTE QA KUROMI 2563",
            "email": "clienteKuromi_2563@qa.com.br",
            "password": "teste",
            "administrador": "false",
            "_id": "2RA1VvyfL9PFkzAg"
        },
        {
            "nome": "demian",
            "email": "demiangay@gmail.com",
            "password": "123",
            "administrador": "true",
            "_id": "2hn1qKbX1shUr9LL"
        },
        {
            "nome": "CLIENTE QA KUROMI 6492",
            "email": "clienteKuromi_6492@qa.com.br",
            "password": "teste",
            "administrador": "false",
            "_id": "3XjMfDFftfyramvi"
        },
        {
            "nome": "CLIENTE QA KUROMI 7150",
            "email": "clienteKuromi_7150@qa.com.br",
            "password": "teste",
            "administrador": "false",
            "_id": "3mCXqgaLEPTKwv6g"
        },
        {
            "nome": "CLIENTE QA KUROMI 393",
            "email": "clienteKuromi_393@qa.com.br",
            "password": "teste",
            "administrador": "false",
            "_id": "5MQjDy95J3arhraa"
        },
        {
            "nome": "CLIENTE QA KUROMI 4857",
            "email": "clienteKuromi_4857@qa.com.br",
            "password": "teste",
            "administrador": "false",
            "_id": "5WznbBZkKGPM7Jg9"
        },
        {
            "nome": "CLIENTE QA KUROMI 638",
            "email": "clienteKuromi_638@qa.com.br",
            "password": "teste",
            "administrador": "false",
            "_id": "7DUv0mZAVY98vQBL"
        },
        {
            "nome": "Sofia QA ADMIN 3446",
            "email": "sofiaADMIN_3446@qa.com.br",
            "password": "teste",
            "administrador": "true",
            "_id": "8ai5owWCkXTgoIu3"
        },
        {
            "nome": "Sofia QA ADMIN 4471",
            "email": "sofiaADMIN_4471@qa.com.br",
            "password": "teste",
            "administrador": "true",
            "_id": "8bKGyVm7AamuBDI1"
        },
        {
            "nome": "CLIENTE QA KUROMI 8414",
            "email": "clienteKuromi_8414@qa.com.br",
            "password": "teste",
            "administrador": "false",
            "_id": "9JgOYW1wTXwTfKA5"
        },
        {
            "nome": "Sofia QA ADMIN 436",
            "email": "sofiaADMIN_436@qa.com.br",
            "password": "teste",
            "administrador": "true",
            "_id": "FKZFsXipYiDgFK5s"
        },
        {
            "nome": "Sofia QA ADMIN 7408",
            "email": "sofiaADMIN_7408@qa.com.br",
            "password": "teste",
            "administrador": "true",
            "_id": "GKhg3qJ7LXGx6FmO"
        },
        {
            "nome": "CLIENTE QA KUROMI 5821",
            "email": "clienteKuromi_5821@qa.com.br",
            "password": "teste",
            "administrador": "false",
            "_id": "GoDaJvS6x36q3H8s"
        },
        {
            "nome": "Sofia QA ADMIN 7097",
            "email": "sofiaADMIN_7097@qa.com.br",
            "password": "teste",
            "administrador": "true",
            "_id": "HjRVTdbm2xk3SWjU"
        },
        {
            "nome": "CLIENTE QA KUROMI 6325",
            "email": "clienteKuromi_6325@qa.com.br",
            "password": "teste",
            "administrador": "false",
            "_id": "Jne0QNZvfgwuOHx7"
        },
        {
            "nome": "CLIENTE QA KUROMI 282",
            "email": "clienteKuromi_282@qa.com.br",
            "password": "teste",
            "administrador": "false",
            "_id": "KF2DkL0eEv0l42in"
        },
        {
            "nome": "Sofia QA ADMIN 6228",
            "email": "sofiaADMIN_6228@qa.com.br",
            "password": "teste",
            "administrador": "true",
            "_id": "LLS6rQMaSPTpoAlM"
        },
        {
            "nome": "CLIENTE QA KUROMI 3300",
            "email": "clienteKuromi_3300@qa.com.br",
            "password": "teste",
            "administrador": "false",
            "_id": "LRWxZLfRaLuFs0bA"
        },
        {
            "nome": "Sofia QA ADMIN 9424",
            "email": "sofiaADMIN_9424@qa.com.br",
            "password": "teste",
            "administrador": "true",
            "_id": "M4rItfzbAMZ3pHFx"
        },
        {
            "nome": "Usuario Prueba 34",
            "email": "usuarioPrueba3@qa.com.br",
            "password": "teste",
            "administrador": "true",
            "_id": "My23caWMtUaSkjNm"
        },
        {
            "nome": "Sundays Test",
            "email": "sundays@qa.com.br",
            "password": "teste",
            "administrador": "true",
            "_id": "PBXvmZxmjH6C7uUJ"
        },
        {
            "nome": "CLIENTE QA KUROMI 8940",
            "email": "clienteKuromi_8940@qa.com.br",
            "password": "teste",
            "administrador": "false",
            "_id": "PN82fu4udcW4Oxmy"
        },
        {
            "nome": "Sofia QA ADMIN 8558",
            "email": "sofiaADMIN_8558@qa.com.br",
            "password": "teste",
            "administrador": "true",
            "_id": "PpHd4Z8UTHtY3NVv"
        },
        {
            "nome": "CLIENTE QA KUROMI 6935",
            "email": "clienteKuromi_6935@qa.com.br",
            "password": "teste",
            "administrador": "false",
            "_id": "RsbJ8NvFBFrpTXI6"
        },
        {
            "nome": "CLIENTE QA KUROMI 6702",
            "email": "clienteKuromi_6702@qa.com.br",
            "password": "teste",
            "administrador": "false",
            "_id": "S4401ucaJK43xGcc"
        },
        {
            "nome": "Fulano da Silva",
            "email": "beltrano@qa.com.br",
            "password": "teste",
            "administrador": "true",
            "_id": "TcpmY7fyXzAD8vPW"
        },
        {
            "nome": "CLIENTE QA KUROMI 8026",
            "email": "clienteKuromi_8026@qa.com.br",
            "password": "teste",
            "administrador": "false",
            "_id": "TjbPXgnXTep2RjS1"
        },
        {
            "nome": "CLIENTE QA KUROMI 6030",
            "email": "clienteKuromi_6030@qa.com.br",
            "password": "teste",
            "administrador": "false",
            "_id": "X7tP6jih9FC6tDMp"
        },
        {
            "nome": "Demaingay",
            "email": "demaingay@gmail.com",
            "password": "123",
            "administrador": "true",
            "_id": "XsSuCpazzE5792cP"
        },
        {
            "nome": "CLIENTE QA KUROMI 6383",
            "email": "clienteKuromi_6383@qa.com.br",
            "password": "teste",
            "administrador": "false",
            "_id": "arAUWQ8uRotYPnKL"
        },
        {
            "nome": "CLIENTE QA KUROMI 9487",
            "email": "clienteKuromi_9487@qa.com.br",
            "password": "teste",
            "administrador": "false",
            "_id": "bLYBXCMTQsQc4iCS"
        },
        {
            "nome": "Sofia QA ADMIN 2976",
            "email": "sofiaADMIN_2976@qa.com.br",
            "password": "teste",
            "administrador": "true",
            "_id": "cCT6gVQlgLqOGGRV"
        },
        {
            "nome": "Sofia QA ADMIN 4564",
            "email": "sofiaADMIN_4564@qa.com.br",
            "password": "teste",
            "administrador": "true",
            "_id": "edQ5ms7kkQ6O6O4R"
        },
        {
            "nome": "E2E Token Test",
            "email": "e2e_1773787933972@qa.com",
            "password": "teste123",
            "administrador": "true",
            "_id": "eqO1ZLPtaZXdb4YE"
        },
        {
            "nome": "Sofia QA ADMIN 3711",
            "email": "sofiaADMIN_3711@qa.com.br",
            "password": "teste",
            "administrador": "true",
            "_id": "frMQk3nzyIwDBmTc"
        },
        {
            "nome": "Sofia QA ADMIN 4039",
            "email": "sofiaADMIN_4039@qa.com.br",
            "password": "teste",
            "administrador": "true",
            "_id": "jO6GWD1dAJWmjrcy"
        },
        {
            "nome": "CLIENTE QA KUROMI 5128",
            "email": "clienteKuromi_5128@qa.com.br",
            "password": "teste",
            "administrador": "false",
            "_id": "nZweq1enXsj1KoIr"
        },
        {
            "nome": "Sofia QA ADMIN 3660",
            "email": "sofiaADMIN_3660@qa.com.br",
            "password": "teste",
            "administrador": "true",
            "_id": "oHnK2vBZwqgX1S8f"
        },
        {
            "nome": "Sofia QA ADMIN 6273",
            "email": "sofiaADMIN_6273@qa.com.br",
            "password": "teste",
            "administrador": "true",
            "_id": "q4j2jb2bQbm6PsIe"
        },
        {
            "nome": "Sofia QA ADMIN 9826",
            "email": "sofiaADMIN_9826@qa.com.br",
            "password": "teste",
            "administrador": "true",
            "_id": "qRi71ACzF4j0sM48"
        },
        {
            "nome": "Janaína Oliveira",
            "email": "qa_api_1773783987383_8nrmuy@mailinator.com",
            "password": "teste123",
            "administrador": "true",
            "_id": "sNw4IXoB2zYBf2qU"
        },
        {
            "nome": "Sofia QA ADMIN 8905",
            "email": "sofiaADMIN_8905@qa.com.br",
            "password": "teste",
            "administrador": "true",
            "_id": "shRVsNkh6PN1WatZ"
        },
        {
            "nome": "Sofia QA ADMIN 4633",
            "email": "sofiaADMIN_4633@qa.com.br",
            "password": "teste",
            "administrador": "true",
            "_id": "tE0I3o47BoC7AjCS"
        },
        {
            "nome": "Login Test",
            "email": "login_1773787927961@qa.com",
            "password": "teste123",
            "administrador": "true",
            "_id": "uUdCGqhw4dXST6pu"
        },
        {
            "nome": "Fulano",
            "email": "qa_fulano_1773783987856@mailinator.com",
            "password": "teste123",
            "administrador": "true",
            "_id": "uiBjBSh0nlmTKSdp"
        },
        {
            "nome": "Sofia QA ADMIN 4232",
            "email": "sofiaADMIN_4232@qa.com.br",
            "password": "teste",
            "administrador": "true",
            "_id": "vTWwChY4Oe16F7M6"
        },
        {
            "nome": "Sofia QA ADMIN 7592",
            "email": "sofiaADMIN_7592@qa.com.br",
            "password": "teste",
            "administrador": "true",
            "_id": "xa4uzSUXA02ccy9R"
        },
        {
            "nome": "CLIENTE QA KUROMI 6090",
            "email": "clienteKuromi_6090@qa.com.br",
            "password": "teste",
            "administrador": "false",
            "_id": "xhmiYxuvejtp6wmj"
        },
        {
            "nome": "CLIENTE QA KUROMI 3978",
            "email": "clienteKuromi_3978@qa.com.br",
            "password": "teste",
            "administrador": "false",
            "_id": "xvrFpRhBdBd1HmfQ"
        },
        {
            "nome": "CLIENTE QA KUROMI 2031",
            "email": "clienteKuromi_2031@qa.com.br",
            "password": "teste",
            "administrador": "false",
            "_id": "y5kqgSKyIekv5Yni"
        },
        {
            "nome": "CLIENTE QA KUROMI 5503",
            "email": "clienteKuromi_5503@qa.com.br",
            "password": "teste",
            "administrador": "false",
            "_id": "yxIKl6PlVgeDOrvS"
        }
    ]
}

]]></system-out>
  </testcase>
  <testcase name="[1.3:27] Listar usuarios usando filtros - filtrar por email" classname="Usuarios/Usuarios" time="0.687">
    <system-out><![CDATA[17:52:18.641 [main] INFO  com.intuit.karate - karate.env system property was: null 
17:52:18.647 [main] DEBUG com.intuit.karate - request:
1 > GET https://serverest.dev/usuarios
1 > Content-Type: application/json
1 > Host: serverest.dev
1 > Connection: Keep-Alive
1 > User-Agent: Apache-HttpClient/4.5.14 (Java/17.0.12)
1 > Accept-Encoding: gzip,deflate


17:52:19.320 [main] DEBUG com.intuit.karate - response time in milliseconds: 672
1 < 200
1 < access-control-allow-origin: *
1 < x-dns-prefetch-control: off
1 < x-frame-options: SAMEORIGIN
1 < strict-transport-security: max-age=15552000; includeSubDomains
1 < x-download-options: noopen
1 < x-content-type-options: nosniff
1 < x-xss-protection: 1; mode=block
1 < content-type: application/json; charset=utf-8
1 < x-cloud-trace-context: dea541985d41ca03f2553402396aa047
1 < date: Tue, 17 Mar 2026 22:52:20 GMT
1 < server: Google Frontend
1 < Content-Length: 11896
{
    "quantidade": 53,
    "usuarios": [
        {
            "nome": "Sofia QA ADMIN 3193",
            "email": "sofiaADMIN_3193@qa.com.br",
            "password": "teste",
            "administrador": "true",
            "_id": "08aUTBxljoXo2IaU"
        },
        {
            "nome": "Fulano da Silva",
            "email": "fulano@qa.com",
            "password": "teste",
            "administrador": "true",
            "_id": "0uxuPY0cbmQhpEz1"
        },
        {
            "nome": "CLIENTE QA KUROMI 2563",
            "email": "clienteKuromi_2563@qa.com.br",
            "password": "teste",
            "administrador": "false",
            "_id": "2RA1VvyfL9PFkzAg"
        },
        {
            "nome": "demian",
            "email": "demiangay@gmail.com",
            "password": "123",
            "administrador": "true",
            "_id": "2hn1qKbX1shUr9LL"
        },
        {
            "nome": "CLIENTE QA KUROMI 6492",
            "email": "clienteKuromi_6492@qa.com.br",
            "password": "teste",
            "administrador": "false",
            "_id": "3XjMfDFftfyramvi"
        },
        {
            "nome": "CLIENTE QA KUROMI 7150",
            "email": "clienteKuromi_7150@qa.com.br",
            "password": "teste",
            "administrador": "false",
            "_id": "3mCXqgaLEPTKwv6g"
        },
        {
            "nome": "CLIENTE QA KUROMI 393",
            "email": "clienteKuromi_393@qa.com.br",
            "password": "teste",
            "administrador": "false",
            "_id": "5MQjDy95J3arhraa"
        },
        {
            "nome": "CLIENTE QA KUROMI 4857",
            "email": "clienteKuromi_4857@qa.com.br",
            "password": "teste",
            "administrador": "false",
            "_id": "5WznbBZkKGPM7Jg9"
        },
        {
            "nome": "CLIENTE QA KUROMI 638",
            "email": "clienteKuromi_638@qa.com.br",
            "password": "teste",
            "administrador": "false",
            "_id": "7DUv0mZAVY98vQBL"
        },
        {
            "nome": "Sofia QA ADMIN 3446",
            "email": "sofiaADMIN_3446@qa.com.br",
            "password": "teste",
            "administrador": "true",
            "_id": "8ai5owWCkXTgoIu3"
        },
        {
            "nome": "Sofia QA ADMIN 4471",
            "email": "sofiaADMIN_4471@qa.com.br",
            "password": "teste",
            "administrador": "true",
            "_id": "8bKGyVm7AamuBDI1"
        },
        {
            "nome": "CLIENTE QA KUROMI 8414",
            "email": "clienteKuromi_8414@qa.com.br",
            "password": "teste",
            "administrador": "false",
            "_id": "9JgOYW1wTXwTfKA5"
        },
        {
            "nome": "Sofia QA ADMIN 436",
            "email": "sofiaADMIN_436@qa.com.br",
            "password": "teste",
            "administrador": "true",
            "_id": "FKZFsXipYiDgFK5s"
        },
        {
            "nome": "Sofia QA ADMIN 7408",
            "email": "sofiaADMIN_7408@qa.com.br",
            "password": "teste",
            "administrador": "true",
            "_id": "GKhg3qJ7LXGx6FmO"
        },
        {
            "nome": "CLIENTE QA KUROMI 5821",
            "email": "clienteKuromi_5821@qa.com.br",
            "password": "teste",
            "administrador": "false",
            "_id": "GoDaJvS6x36q3H8s"
        },
        {
            "nome": "Sofia QA ADMIN 7097",
            "email": "sofiaADMIN_7097@qa.com.br",
            "password": "teste",
            "administrador": "true",
            "_id": "HjRVTdbm2xk3SWjU"
        },
        {
            "nome": "CLIENTE QA KUROMI 6325",
            "email": "clienteKuromi_6325@qa.com.br",
            "password": "teste",
            "administrador": "false",
            "_id": "Jne0QNZvfgwuOHx7"
        },
        {
            "nome": "CLIENTE QA KUROMI 282",
            "email": "clienteKuromi_282@qa.com.br",
            "password": "teste",
            "administrador": "false",
            "_id": "KF2DkL0eEv0l42in"
        },
        {
            "nome": "Sofia QA ADMIN 6228",
            "email": "sofiaADMIN_6228@qa.com.br",
            "password": "teste",
            "administrador": "true",
            "_id": "LLS6rQMaSPTpoAlM"
        },
        {
            "nome": "CLIENTE QA KUROMI 3300",
            "email": "clienteKuromi_3300@qa.com.br",
            "password": "teste",
            "administrador": "false",
            "_id": "LRWxZLfRaLuFs0bA"
        },
        {
            "nome": "Sofia QA ADMIN 9424",
            "email": "sofiaADMIN_9424@qa.com.br",
            "password": "teste",
            "administrador": "true",
            "_id": "M4rItfzbAMZ3pHFx"
        },
        {
            "nome": "Usuario Prueba 34",
            "email": "usuarioPrueba3@qa.com.br",
            "password": "teste",
            "administrador": "true",
            "_id": "My23caWMtUaSkjNm"
        },
        {
            "nome": "Sundays Test",
            "email": "sundays@qa.com.br",
            "password": "teste",
            "administrador": "true",
            "_id": "PBXvmZxmjH6C7uUJ"
        },
        {
            "nome": "CLIENTE QA KUROMI 8940",
            "email": "clienteKuromi_8940@qa.com.br",
            "password": "teste",
            "administrador": "false",
            "_id": "PN82fu4udcW4Oxmy"
        },
        {
            "nome": "Sofia QA ADMIN 8558",
            "email": "sofiaADMIN_8558@qa.com.br",
            "password": "teste",
            "administrador": "true",
            "_id": "PpHd4Z8UTHtY3NVv"
        },
        {
            "nome": "CLIENTE QA KUROMI 6935",
            "email": "clienteKuromi_6935@qa.com.br",
            "password": "teste",
            "administrador": "false",
            "_id": "RsbJ8NvFBFrpTXI6"
        },
        {
            "nome": "CLIENTE QA KUROMI 6702",
            "email": "clienteKuromi_6702@qa.com.br",
            "password": "teste",
            "administrador": "false",
            "_id": "S4401ucaJK43xGcc"
        },
        {
            "nome": "Fulano da Silva",
            "email": "beltrano@qa.com.br",
            "password": "teste",
            "administrador": "true",
            "_id": "TcpmY7fyXzAD8vPW"
        },
        {
            "nome": "CLIENTE QA KUROMI 8026",
            "email": "clienteKuromi_8026@qa.com.br",
            "password": "teste",
            "administrador": "false",
            "_id": "TjbPXgnXTep2RjS1"
        },
        {
            "nome": "CLIENTE QA KUROMI 6030",
            "email": "clienteKuromi_6030@qa.com.br",
            "password": "teste",
            "administrador": "false",
            "_id": "X7tP6jih9FC6tDMp"
        },
        {
            "nome": "Demaingay",
            "email": "demaingay@gmail.com",
            "password": "123",
            "administrador": "true",
            "_id": "XsSuCpazzE5792cP"
        },
        {
            "nome": "CLIENTE QA KUROMI 6383",
            "email": "clienteKuromi_6383@qa.com.br",
            "password": "teste",
            "administrador": "false",
            "_id": "arAUWQ8uRotYPnKL"
        },
        {
            "nome": "CLIENTE QA KUROMI 9487",
            "email": "clienteKuromi_9487@qa.com.br",
            "password": "teste",
            "administrador": "false",
            "_id": "bLYBXCMTQsQc4iCS"
        },
        {
            "nome": "Sofia QA ADMIN 2976",
            "email": "sofiaADMIN_2976@qa.com.br",
            "password": "teste",
            "administrador": "true",
            "_id": "cCT6gVQlgLqOGGRV"
        },
        {
            "nome": "Sofia QA ADMIN 4564",
            "email": "sofiaADMIN_4564@qa.com.br",
            "password": "teste",
            "administrador": "true",
            "_id": "edQ5ms7kkQ6O6O4R"
        },
        {
            "nome": "E2E Token Test",
            "email": "e2e_1773787933972@qa.com",
            "password": "teste123",
            "administrador": "true",
            "_id": "eqO1ZLPtaZXdb4YE"
        },
        {
            "nome": "Sofia QA ADMIN 3711",
            "email": "sofiaADMIN_3711@qa.com.br",
            "password": "teste",
            "administrador": "true",
            "_id": "frMQk3nzyIwDBmTc"
        },
        {
            "nome": "Sofia QA ADMIN 4039",
            "email": "sofiaADMIN_4039@qa.com.br",
            "password": "teste",
            "administrador": "true",
            "_id": "jO6GWD1dAJWmjrcy"
        },
        {
            "nome": "CLIENTE QA KUROMI 5128",
            "email": "clienteKuromi_5128@qa.com.br",
            "password": "teste",
            "administrador": "false",
            "_id": "nZweq1enXsj1KoIr"
        },
        {
            "nome": "Sofia QA ADMIN 3660",
            "email": "sofiaADMIN_3660@qa.com.br",
            "password": "teste",
            "administrador": "true",
            "_id": "oHnK2vBZwqgX1S8f"
        },
        {
            "nome": "Sofia QA ADMIN 6273",
            "email": "sofiaADMIN_6273@qa.com.br",
            "password": "teste",
            "administrador": "true",
            "_id": "q4j2jb2bQbm6PsIe"
        },
        {
            "nome": "Sofia QA ADMIN 9826",
            "email": "sofiaADMIN_9826@qa.com.br",
            "password": "teste",
            "administrador": "true",
            "_id": "qRi71ACzF4j0sM48"
        },
        {
            "nome": "Janaína Oliveira",
            "email": "qa_api_1773783987383_8nrmuy@mailinator.com",
            "password": "teste123",
            "administrador": "true",
            "_id": "sNw4IXoB2zYBf2qU"
        },
        {
            "nome": "Sofia QA ADMIN 8905",
            "email": "sofiaADMIN_8905@qa.com.br",
            "password": "teste",
            "administrador": "true",
            "_id": "shRVsNkh6PN1WatZ"
        },
        {
            "nome": "Sofia QA ADMIN 4633",
            "email": "sofiaADMIN_4633@qa.com.br",
            "password": "teste",
            "administrador": "true",
            "_id": "tE0I3o47BoC7AjCS"
        },
        {
            "nome": "Login Test",
            "email": "login_1773787927961@qa.com",
            "password": "teste123",
            "administrador": "true",
            "_id": "uUdCGqhw4dXST6pu"
        },
        {
            "nome": "Fulano",
            "email": "qa_fulano_1773783987856@mailinator.com",
            "password": "teste123",
            "administrador": "true",
            "_id": "uiBjBSh0nlmTKSdp"
        },
        {
            "nome": "Sofia QA ADMIN 4232",
            "email": "sofiaADMIN_4232@qa.com.br",
            "password": "teste",
            "administrador": "true",
            "_id": "vTWwChY4Oe16F7M6"
        },
        {
            "nome": "Sofia QA ADMIN 7592",
            "email": "sofiaADMIN_7592@qa.com.br",
            "password": "teste",
            "administrador": "true",
            "_id": "xa4uzSUXA02ccy9R"
        },
        {
            "nome": "CLIENTE QA KUROMI 6090",
            "email": "clienteKuromi_6090@qa.com.br",
            "password": "teste",
            "administrador": "false",
            "_id": "xhmiYxuvejtp6wmj"
        },
        {
            "nome": "CLIENTE QA KUROMI 3978",
            "email": "clienteKuromi_3978@qa.com.br",
            "password": "teste",
            "administrador": "false",
            "_id": "xvrFpRhBdBd1HmfQ"
        },
        {
            "nome": "CLIENTE QA KUROMI 2031",
            "email": "clienteKuromi_2031@qa.com.br",
            "password": "teste",
            "administrador": "false",
            "_id": "y5kqgSKyIekv5Yni"
        },
        {
            "nome": "CLIENTE QA KUROMI 5503",
            "email": "clienteKuromi_5503@qa.com.br",
            "password": "teste",
            "administrador": "false",
            "_id": "yxIKl6PlVgeDOrvS"
        }
    ]
}

]]></system-out>
  </testcase>
  <testcase name="[1.4:28] Listar usuarios usando filtros - filtrar administradores" classname="Usuarios/Usuarios" time="0.947">
    <system-out><![CDATA[17:52:19.333 [main] INFO  com.intuit.karate - karate.env system property was: null 
17:52:19.347 [main] DEBUG com.intuit.karate - request:
1 > GET https://serverest.dev/usuarios
1 > Content-Type: application/json
1 > Host: serverest.dev
1 > Connection: Keep-Alive
1 > User-Agent: Apache-HttpClient/4.5.14 (Java/17.0.12)
1 > Accept-Encoding: gzip,deflate


17:52:19.980 [main] DEBUG com.intuit.karate - response time in milliseconds: 630
1 < 200
1 < access-control-allow-origin: *
1 < x-dns-prefetch-control: off
1 < x-frame-options: SAMEORIGIN
1 < strict-transport-security: max-age=15552000; includeSubDomains
1 < x-download-options: noopen
1 < x-content-type-options: nosniff
1 < x-xss-protection: 1; mode=block
1 < content-type: application/json; charset=utf-8
1 < x-cloud-trace-context: ab36a8c9173ba5c72341be6b12b78481;o=1
1 < date: Tue, 17 Mar 2026 22:52:21 GMT
1 < server: Google Frontend
1 < Content-Length: 11896
{
    "quantidade": 53,
    "usuarios": [
        {
            "nome": "Sofia QA ADMIN 3193",
            "email": "sofiaADMIN_3193@qa.com.br",
            "password": "teste",
            "administrador": "true",
            "_id": "08aUTBxljoXo2IaU"
        },
        {
            "nome": "Fulano da Silva",
            "email": "fulano@qa.com",
            "password": "teste",
            "administrador": "true",
            "_id": "0uxuPY0cbmQhpEz1"
        },
        {
            "nome": "CLIENTE QA KUROMI 2563",
            "email": "clienteKuromi_2563@qa.com.br",
            "password": "teste",
            "administrador": "false",
            "_id": "2RA1VvyfL9PFkzAg"
        },
        {
            "nome": "demian",
            "email": "demiangay@gmail.com",
            "password": "123",
            "administrador": "true",
            "_id": "2hn1qKbX1shUr9LL"
        },
        {
            "nome": "CLIENTE QA KUROMI 6492",
            "email": "clienteKuromi_6492@qa.com.br",
            "password": "teste",
            "administrador": "false",
            "_id": "3XjMfDFftfyramvi"
        },
        {
            "nome": "CLIENTE QA KUROMI 7150",
            "email": "clienteKuromi_7150@qa.com.br",
            "password": "teste",
            "administrador": "false",
            "_id": "3mCXqgaLEPTKwv6g"
        },
        {
            "nome": "CLIENTE QA KUROMI 393",
            "email": "clienteKuromi_393@qa.com.br",
            "password": "teste",
            "administrador": "false",
            "_id": "5MQjDy95J3arhraa"
        },
        {
            "nome": "CLIENTE QA KUROMI 4857",
            "email": "clienteKuromi_4857@qa.com.br",
            "password": "teste",
            "administrador": "false",
            "_id": "5WznbBZkKGPM7Jg9"
        },
        {
            "nome": "CLIENTE QA KUROMI 638",
            "email": "clienteKuromi_638@qa.com.br",
            "password": "teste",
            "administrador": "false",
            "_id": "7DUv0mZAVY98vQBL"
        },
        {
            "nome": "Sofia QA ADMIN 3446",
            "email": "sofiaADMIN_3446@qa.com.br",
            "password": "teste",
            "administrador": "true",
            "_id": "8ai5owWCkXTgoIu3"
        },
        {
            "nome": "Sofia QA ADMIN 4471",
            "email": "sofiaADMIN_4471@qa.com.br",
            "password": "teste",
            "administrador": "true",
            "_id": "8bKGyVm7AamuBDI1"
        },
        {
            "nome": "CLIENTE QA KUROMI 8414",
            "email": "clienteKuromi_8414@qa.com.br",
            "password": "teste",
            "administrador": "false",
            "_id": "9JgOYW1wTXwTfKA5"
        },
        {
            "nome": "Sofia QA ADMIN 436",
            "email": "sofiaADMIN_436@qa.com.br",
            "password": "teste",
            "administrador": "true",
            "_id": "FKZFsXipYiDgFK5s"
        },
        {
            "nome": "Sofia QA ADMIN 7408",
            "email": "sofiaADMIN_7408@qa.com.br",
            "password": "teste",
            "administrador": "true",
            "_id": "GKhg3qJ7LXGx6FmO"
        },
        {
            "nome": "CLIENTE QA KUROMI 5821",
            "email": "clienteKuromi_5821@qa.com.br",
            "password": "teste",
            "administrador": "false",
            "_id": "GoDaJvS6x36q3H8s"
        },
        {
            "nome": "Sofia QA ADMIN 7097",
            "email": "sofiaADMIN_7097@qa.com.br",
            "password": "teste",
            "administrador": "true",
            "_id": "HjRVTdbm2xk3SWjU"
        },
        {
            "nome": "CLIENTE QA KUROMI 6325",
            "email": "clienteKuromi_6325@qa.com.br",
            "password": "teste",
            "administrador": "false",
            "_id": "Jne0QNZvfgwuOHx7"
        },
        {
            "nome": "CLIENTE QA KUROMI 282",
            "email": "clienteKuromi_282@qa.com.br",
            "password": "teste",
            "administrador": "false",
            "_id": "KF2DkL0eEv0l42in"
        },
        {
            "nome": "Sofia QA ADMIN 6228",
            "email": "sofiaADMIN_6228@qa.com.br",
            "password": "teste",
            "administrador": "true",
            "_id": "LLS6rQMaSPTpoAlM"
        },
        {
            "nome": "CLIENTE QA KUROMI 3300",
            "email": "clienteKuromi_3300@qa.com.br",
            "password": "teste",
            "administrador": "false",
            "_id": "LRWxZLfRaLuFs0bA"
        },
        {
            "nome": "Sofia QA ADMIN 9424",
            "email": "sofiaADMIN_9424@qa.com.br",
            "password": "teste",
            "administrador": "true",
            "_id": "M4rItfzbAMZ3pHFx"
        },
        {
            "nome": "Usuario Prueba 34",
            "email": "usuarioPrueba3@qa.com.br",
            "password": "teste",
            "administrador": "true",
            "_id": "My23caWMtUaSkjNm"
        },
        {
            "nome": "Sundays Test",
            "email": "sundays@qa.com.br",
            "password": "teste",
            "administrador": "true",
            "_id": "PBXvmZxmjH6C7uUJ"
        },
        {
            "nome": "CLIENTE QA KUROMI 8940",
            "email": "clienteKuromi_8940@qa.com.br",
            "password": "teste",
            "administrador": "false",
            "_id": "PN82fu4udcW4Oxmy"
        },
        {
            "nome": "Sofia QA ADMIN 8558",
            "email": "sofiaADMIN_8558@qa.com.br",
            "password": "teste",
            "administrador": "true",
            "_id": "PpHd4Z8UTHtY3NVv"
        },
        {
            "nome": "CLIENTE QA KUROMI 6935",
            "email": "clienteKuromi_6935@qa.com.br",
            "password": "teste",
            "administrador": "false",
            "_id": "RsbJ8NvFBFrpTXI6"
        },
        {
            "nome": "CLIENTE QA KUROMI 6702",
            "email": "clienteKuromi_6702@qa.com.br",
            "password": "teste",
            "administrador": "false",
            "_id": "S4401ucaJK43xGcc"
        },
        {
            "nome": "Fulano da Silva",
            "email": "beltrano@qa.com.br",
            "password": "teste",
            "administrador": "true",
            "_id": "TcpmY7fyXzAD8vPW"
        },
        {
            "nome": "CLIENTE QA KUROMI 8026",
            "email": "clienteKuromi_8026@qa.com.br",
            "password": "teste",
            "administrador": "false",
            "_id": "TjbPXgnXTep2RjS1"
        },
        {
            "nome": "CLIENTE QA KUROMI 6030",
            "email": "clienteKuromi_6030@qa.com.br",
            "password": "teste",
            "administrador": "false",
            "_id": "X7tP6jih9FC6tDMp"
        },
        {
            "nome": "Demaingay",
            "email": "demaingay@gmail.com",
            "password": "123",
            "administrador": "true",
            "_id": "XsSuCpazzE5792cP"
        },
        {
            "nome": "CLIENTE QA KUROMI 6383",
            "email": "clienteKuromi_6383@qa.com.br",
            "password": "teste",
            "administrador": "false",
            "_id": "arAUWQ8uRotYPnKL"
        },
        {
            "nome": "CLIENTE QA KUROMI 9487",
            "email": "clienteKuromi_9487@qa.com.br",
            "password": "teste",
            "administrador": "false",
            "_id": "bLYBXCMTQsQc4iCS"
        },
        {
            "nome": "Sofia QA ADMIN 2976",
            "email": "sofiaADMIN_2976@qa.com.br",
            "password": "teste",
            "administrador": "true",
            "_id": "cCT6gVQlgLqOGGRV"
        },
        {
            "nome": "Sofia QA ADMIN 4564",
            "email": "sofiaADMIN_4564@qa.com.br",
            "password": "teste",
            "administrador": "true",
            "_id": "edQ5ms7kkQ6O6O4R"
        },
        {
            "nome": "E2E Token Test",
            "email": "e2e_1773787933972@qa.com",
            "password": "teste123",
            "administrador": "true",
            "_id": "eqO1ZLPtaZXdb4YE"
        },
        {
            "nome": "Sofia QA ADMIN 3711",
            "email": "sofiaADMIN_3711@qa.com.br",
            "password": "teste",
            "administrador": "true",
            "_id": "frMQk3nzyIwDBmTc"
        },
        {
            "nome": "Sofia QA ADMIN 4039",
            "email": "sofiaADMIN_4039@qa.com.br",
            "password": "teste",
            "administrador": "true",
            "_id": "jO6GWD1dAJWmjrcy"
        },
        {
            "nome": "CLIENTE QA KUROMI 5128",
            "email": "clienteKuromi_5128@qa.com.br",
            "password": "teste",
            "administrador": "false",
            "_id": "nZweq1enXsj1KoIr"
        },
        {
            "nome": "Sofia QA ADMIN 3660",
            "email": "sofiaADMIN_3660@qa.com.br",
            "password": "teste",
            "administrador": "true",
            "_id": "oHnK2vBZwqgX1S8f"
        },
        {
            "nome": "Sofia QA ADMIN 6273",
            "email": "sofiaADMIN_6273@qa.com.br",
            "password": "teste",
            "administrador": "true",
            "_id": "q4j2jb2bQbm6PsIe"
        },
        {
            "nome": "Sofia QA ADMIN 9826",
            "email": "sofiaADMIN_9826@qa.com.br",
            "password": "teste",
            "administrador": "true",
            "_id": "qRi71ACzF4j0sM48"
        },
        {
            "nome": "Janaína Oliveira",
            "email": "qa_api_1773783987383_8nrmuy@mailinator.com",
            "password": "teste123",
            "administrador": "true",
            "_id": "sNw4IXoB2zYBf2qU"
        },
        {
            "nome": "Sofia QA ADMIN 8905",
            "email": "sofiaADMIN_8905@qa.com.br",
            "password": "teste",
            "administrador": "true",
            "_id": "shRVsNkh6PN1WatZ"
        },
        {
            "nome": "Sofia QA ADMIN 4633",
            "email": "sofiaADMIN_4633@qa.com.br",
            "password": "teste",
            "administrador": "true",
            "_id": "tE0I3o47BoC7AjCS"
        },
        {
            "nome": "Login Test",
            "email": "login_1773787927961@qa.com",
            "password": "teste123",
            "administrador": "true",
            "_id": "uUdCGqhw4dXST6pu"
        },
        {
            "nome": "Fulano",
            "email": "qa_fulano_1773783987856@mailinator.com",
            "password": "teste123",
            "administrador": "true",
            "_id": "uiBjBSh0nlmTKSdp"
        },
        {
            "nome": "Sofia QA ADMIN 4232",
            "email": "sofiaADMIN_4232@qa.com.br",
            "password": "teste",
            "administrador": "true",
            "_id": "vTWwChY4Oe16F7M6"
        },
        {
            "nome": "Sofia QA ADMIN 7592",
            "email": "sofiaADMIN_7592@qa.com.br",
            "password": "teste",
            "administrador": "true",
            "_id": "xa4uzSUXA02ccy9R"
        },
        {
            "nome": "CLIENTE QA KUROMI 6090",
            "email": "clienteKuromi_6090@qa.com.br",
            "password": "teste",
            "administrador": "false",
            "_id": "xhmiYxuvejtp6wmj"
        },
        {
            "nome": "CLIENTE QA KUROMI 3978",
            "email": "clienteKuromi_3978@qa.com.br",
            "password": "teste",
            "administrador": "false",
            "_id": "xvrFpRhBdBd1HmfQ"
        },
        {
            "nome": "CLIENTE QA KUROMI 2031",
            "email": "clienteKuromi_2031@qa.com.br",
            "password": "teste",
            "administrador": "false",
            "_id": "y5kqgSKyIekv5Yni"
        },
        {
            "nome": "CLIENTE QA KUROMI 5503",
            "email": "clienteKuromi_5503@qa.com.br",
            "password": "teste",
            "administrador": "false",
            "_id": "yxIKl6PlVgeDOrvS"
        }
    ]
}

---------------------------------------------------------
feature: classpath:Usuarios/Usuarios.feature
scenarios:  4 | passed:  4 | failed:  0 | time: 2.6676
---------------------------------------------------------

]]></system-out>
  </testcase>
  <testcase name="[1:12] Registro exitoso devuelve 201" classname="Usuarios/Registrar" time="0.591">
    <system-out><![CDATA[17:52:20.284 [main] INFO  com.intuit.karate - karate.env system property was: null 
17:52:20.293 [main] DEBUG com.intuit.karate - request:
1 > POST https://serverest.dev/usuarios
1 > Content-Type: application/json; charset=UTF-8
1 > Content-Length: 107
1 > Host: serverest.dev
1 > Connection: Keep-Alive
1 > User-Agent: Apache-HttpClient/4.5.14 (Java/17.0.12)
1 > Accept-Encoding: gzip,deflate
{"nome":"Usuario Test","email":"usuario_1773787940284@qa.com","password":"teste123","administrador":"true"}

17:52:20.863 [main] DEBUG com.intuit.karate - response time in milliseconds: 568
1 < 201
1 < access-control-allow-origin: *
1 < x-dns-prefetch-control: off
1 < x-frame-options: SAMEORIGIN
1 < strict-transport-security: max-age=15552000; includeSubDomains
1 < x-download-options: noopen
1 < x-content-type-options: nosniff
1 < x-xss-protection: 1; mode=block
1 < content-type: application/json; charset=utf-8
1 < x-cloud-trace-context: f03661cc661dce3e1d5e897850106800
1 < date: Tue, 17 Mar 2026 22:52:22 GMT
1 < server: Google Frontend
1 < Content-Length: 82
{
    "message": "Cadastro realizado com sucesso",
    "_id": "LycawTmF6K465FVP"
}

]]></system-out>
  </testcase>
  <testcase name="[2:30] Registrar con email ya existente devuelve 400" classname="Usuarios/Registrar" time="0.706">
    <system-out><![CDATA[17:52:20.872 [main] INFO  com.intuit.karate - karate.env system property was: null 
17:52:20.878 [main] DEBUG com.intuit.karate - request:
1 > POST https://serverest.dev/usuarios
1 > Content-Type: application/json; charset=UTF-8
1 > Content-Length: 92
1 > Host: serverest.dev
1 > Connection: Keep-Alive
1 > User-Agent: Apache-HttpClient/4.5.14 (Java/17.0.12)
1 > Accept-Encoding: gzip,deflate
{"nome":"Fulano da Silva","email":"fulano@qa.com","password":"teste","administrador":"true"}

17:52:21.445 [main] DEBUG com.intuit.karate - response time in milliseconds: 567
1 < 400
1 < access-control-allow-origin: *
1 < x-dns-prefetch-control: off
1 < x-frame-options: SAMEORIGIN
1 < strict-transport-security: max-age=15552000; includeSubDomains
1 < x-download-options: noopen
1 < x-content-type-options: nosniff
1 < x-xss-protection: 1; mode=block
1 < content-type: application/json; charset=utf-8
1 < x-cloud-trace-context: 42714152191ec6d68f503ff944c3bdf0
1 < date: Tue, 17 Mar 2026 22:52:23 GMT
1 < server: Google Frontend
1 < Content-Length: 53
{
    "message": "Este email já está sendo usado"
}

---------------------------------------------------------
feature: classpath:Usuarios/Registrar.feature
scenarios:  2 | passed:  2 | failed:  0 | time: 1.1544
---------------------------------------------------------

]]></system-out>
  </testcase>
  <testcase name="[1:13] Buscar usuario existente por ID devuelve 200" classname="Usuarios/BuscarUsuario" time="1.179">
    <system-out><![CDATA[17:52:21.588 [main] INFO  com.intuit.karate - karate.env system property was: null 
17:52:21.595 [main] DEBUG com.intuit.karate - request:
1 > POST https://serverest.dev/usuarios
1 > Content-Type: application/json; charset=UTF-8
1 > Content-Length: 108
1 > Host: serverest.dev
1 > Connection: Keep-Alive
1 > User-Agent: Apache-HttpClient/4.5.14 (Java/17.0.12)
1 > Accept-Encoding: gzip,deflate
{"nome":"Usuario Buscar","email":"buscar_1773787941593@qa.com","password":"teste123","administrador":"true"}

17:52:22.150 [main] DEBUG com.intuit.karate - response time in milliseconds: 555
1 < 201
1 < access-control-allow-origin: *
1 < x-dns-prefetch-control: off
1 < x-frame-options: SAMEORIGIN
1 < strict-transport-security: max-age=15552000; includeSubDomains
1 < x-download-options: noopen
1 < x-content-type-options: nosniff
1 < x-xss-protection: 1; mode=block
1 < content-type: application/json; charset=utf-8
1 < x-cloud-trace-context: c7d8100f9b48644f7ef6d99e92e4f174
1 < date: Tue, 17 Mar 2026 22:52:23 GMT
1 < server: Google Frontend
1 < Content-Length: 82
{
    "message": "Cadastro realizado com sucesso",
    "_id": "ZHK6FK8oeZbdaQ8R"
}

17:52:22.159 [main] DEBUG com.intuit.karate - request:
2 > GET https://serverest.dev/usuarios/ZHK6FK8oeZbdaQ8R
2 > Host: serverest.dev
2 > Connection: Keep-Alive
2 > User-Agent: Apache-HttpClient/4.5.14 (Java/17.0.12)
2 > Accept-Encoding: gzip,deflate


17:52:22.762 [main] DEBUG com.intuit.karate - response time in milliseconds: 601
2 < 200
2 < access-control-allow-origin: *
2 < x-dns-prefetch-control: off
2 < x-frame-options: SAMEORIGIN
2 < strict-transport-security: max-age=15552000; includeSubDomains
2 < x-download-options: noopen
2 < x-content-type-options: nosniff
2 < x-xss-protection: 1; mode=block
2 < content-type: application/json; charset=utf-8
2 < x-cloud-trace-context: 6a96b14c7e16acb98dee6349a6c32149
2 < date: Tue, 17 Mar 2026 22:52:24 GMT
2 < server: Google Frontend
2 < Content-Length: 164
{
    "nome": "Usuario Buscar",
    "email": "buscar_1773787941593@qa.com",
    "password": "teste123",
    "administrador": "true",
    "_id": "ZHK6FK8oeZbdaQ8R"
}

]]></system-out>
  </testcase>
  <testcase name="[2:48] Buscar usuario con ID inexistente devuelve 400" classname="Usuarios/BuscarUsuario" time="1.001">
    <system-out><![CDATA[17:52:22.785 [main] INFO  com.intuit.karate - karate.env system property was: null 
17:52:22.788 [main] DEBUG com.intuit.karate - request:
1 > GET https://serverest.dev/usuarios/idquonoexiste123
1 > Content-Type: application/json
1 > Host: serverest.dev
1 > Connection: Keep-Alive
1 > User-Agent: Apache-HttpClient/4.5.14 (Java/17.0.12)
1 > Accept-Encoding: gzip,deflate


17:52:23.369 [main] DEBUG com.intuit.karate - response time in milliseconds: 578
1 < 400
1 < access-control-allow-origin: *
1 < x-dns-prefetch-control: off
1 < x-frame-options: SAMEORIGIN
1 < strict-transport-security: max-age=15552000; includeSubDomains
1 < x-download-options: noopen
1 < x-content-type-options: nosniff
1 < x-xss-protection: 1; mode=block
1 < content-type: application/json; charset=utf-8
1 < x-cloud-trace-context: 7560587fe36ad5407b1cb9f953330db0
1 < date: Tue, 17 Mar 2026 22:52:24 GMT
1 < server: Google Frontend
1 < Content-Length: 45
{
    "message": "Usuário não encontrado"
}

---------------------------------------------------------
feature: classpath:Usuarios/BuscarUsuario.feature
scenarios:  2 | passed:  2 | failed:  0 | time: 1.7587
---------------------------------------------------------

Karate version: 1.5.0
======================================================
elapsed:  18.09 | threads:    1 | thread time: 13.26 
features:     4 | skipped:    0 | efficiency: 0.73
scenarios:   16 | passed:    16 | failed: 0
======================================================

HTML report: (paste into browser to view) | Karate version: 1.5.0
file:///C:/Automatización/Karate%20DSL/target/karate-reports/karate-summary.html
===================================================================

]]></system-out>
  </testcase>
</testsuite>